2025-05-18 10:52:04 INFO  BaseClass:36 - Initializing application on OS: windows and Browser: chrome
2025-05-18 10:52:04 DEBUG BaseClass:41 - Loaded configuration properties
2025-05-18 10:52:05 DEBUG BaseClass:48 - ChromeDriver initialized
2025-05-18 10:52:05 DEBUG BaseClass:64 - Driver assigned to thread-local storage
2025-05-18 10:52:07 INFO  BaseClass:71 - Application launched successfully: https://cloudberrystore.services/
2025-05-18 10:52:07 INFO  TC_03_AddToCart:20 - ===== Starting TC_03_AddToCart Test =====
2025-05-18 10:52:07 DEBUG TC_03_AddToCart:25 - Clicked on 'Laptops & Tablets'
2025-05-18 10:52:07 DEBUG TC_03_AddToCart:28 - Clicked on 'Show All Laptops & Tablets'
2025-05-18 10:52:09 DEBUG TC_03_AddToCart:32 - Selected a product
2025-05-18 10:52:09 DEBUG TC_03_AddToCart:36 - Set delivery date
2025-05-18 10:52:09 INFO  TC_03_AddToCart:39 - Clicked on 'Add to Cart'
2025-05-18 10:52:09 DEBUG TC_03_AddToCart:42 - Success message received: Success: You have added HP LP3065 to your shopping cart!
2025-05-18 10:52:09 INFO  TC_03_AddToCart:47 - Add to Cart verified successfully
2025-05-18 10:52:09 INFO  TC_03_AddToCart:58 - ===== TC_03_AddToCart Test Completed =====
2025-05-18 10:52:10 INFO  BaseClass:84 - Browser session closed successfully
2025-05-18 10:52:10 INFO  BaseClass:36 - Initializing application on OS: windows and Browser: chrome
2025-05-18 10:52:10 DEBUG BaseClass:41 - Loaded configuration properties
2025-05-18 10:52:10 DEBUG BaseClass:48 - ChromeDriver initialized
2025-05-18 10:52:10 DEBUG BaseClass:64 - Driver assigned to thread-local storage
2025-05-18 10:52:11 INFO  BaseClass:71 - Application launched successfully: https://cloudberrystore.services/
2025-05-18 10:52:12 DEBUG PackageRelationshipCollection:307 - Parsing relationship: /xl/_rels/workbook.xml.rels
2025-05-18 10:52:12 DEBUG PackageRelationshipCollection:307 - Parsing relationship: /xl/worksheets/_rels/sheet1.xml.rels
2025-05-18 10:52:12 DEBUG PackageRelationshipCollection:307 - Parsing relationship: /_rels/.rels
2025-05-18 10:52:12 DEBUG POIXMLFactory:65 - using default POIXMLDocumentPart for http://schemas.openxmlformats.org/officeDocument/2006/relationships/printerSettings
2025-05-18 10:52:12 DEBUG PackageRelationshipCollection:307 - Parsing relationship: /xl/_rels/workbook.xml.rels
2025-05-18 10:52:12 DEBUG PackageRelationshipCollection:307 - Parsing relationship: /xl/worksheets/_rels/sheet1.xml.rels
2025-05-18 10:52:12 DEBUG PackageRelationshipCollection:307 - Parsing relationship: /_rels/.rels
2025-05-18 10:52:12 DEBUG POIXMLFactory:65 - using default POIXMLDocumentPart for http://schemas.openxmlformats.org/officeDocument/2006/relationships/printerSettings
2025-05-18 10:52:12 DEBUG PackageRelationshipCollection:307 - Parsing relationship: /xl/_rels/workbook.xml.rels
2025-05-18 10:52:12 DEBUG PackageRelationshipCollection:307 - Parsing relationship: /xl/worksheets/_rels/sheet1.xml.rels
2025-05-18 10:52:12 DEBUG PackageRelationshipCollection:307 - Parsing relationship: /_rels/.rels
2025-05-18 10:52:12 DEBUG POIXMLFactory:65 - using default POIXMLDocumentPart for http://schemas.openxmlformats.org/officeDocument/2006/relationships/printerSettings
2025-05-18 10:52:12 DEBUG PackageRelationshipCollection:307 - Parsing relationship: /xl/_rels/workbook.xml.rels
2025-05-18 10:52:12 DEBUG PackageRelationshipCollection:307 - Parsing relationship: /xl/worksheets/_rels/sheet1.xml.rels
2025-05-18 10:52:12 DEBUG PackageRelationshipCollection:307 - Parsing relationship: /_rels/.rels
2025-05-18 10:52:12 DEBUG POIXMLFactory:65 - using default POIXMLDocumentPart for http://schemas.openxmlformats.org/officeDocument/2006/relationships/printerSettings
2025-05-18 10:52:12 DEBUG PackageRelationshipCollection:307 - Parsing relationship: /xl/_rels/workbook.xml.rels
2025-05-18 10:52:12 DEBUG PackageRelationshipCollection:307 - Parsing relationship: /xl/worksheets/_rels/sheet1.xml.rels
2025-05-18 10:52:12 DEBUG PackageRelationshipCollection:307 - Parsing relationship: /_rels/.rels
2025-05-18 10:52:12 DEBUG POIXMLFactory:65 - using default POIXMLDocumentPart for http://schemas.openxmlformats.org/officeDocument/2006/relationships/printerSettings
2025-05-18 10:52:12 DEBUG PackageRelationshipCollection:307 - Parsing relationship: /xl/_rels/workbook.xml.rels
2025-05-18 10:52:12 DEBUG PackageRelationshipCollection:307 - Parsing relationship: /xl/worksheets/_rels/sheet1.xml.rels
2025-05-18 10:52:12 DEBUG PackageRelationshipCollection:307 - Parsing relationship: /_rels/.rels
2025-05-18 10:52:12 DEBUG POIXMLFactory:65 - using default POIXMLDocumentPart for http://schemas.openxmlformats.org/officeDocument/2006/relationships/printerSettings
2025-05-18 10:52:12 DEBUG PackageRelationshipCollection:307 - Parsing relationship: /xl/_rels/workbook.xml.rels
2025-05-18 10:52:12 DEBUG PackageRelationshipCollection:307 - Parsing relationship: /xl/worksheets/_rels/sheet1.xml.rels
2025-05-18 10:52:12 DEBUG PackageRelationshipCollection:307 - Parsing relationship: /_rels/.rels
2025-05-18 10:52:12 DEBUG POIXMLFactory:65 - using default POIXMLDocumentPart for http://schemas.openxmlformats.org/officeDocument/2006/relationships/printerSettings
2025-05-18 10:52:12 DEBUG PackageRelationshipCollection:307 - Parsing relationship: /xl/_rels/workbook.xml.rels
2025-05-18 10:52:12 DEBUG PackageRelationshipCollection:307 - Parsing relationship: /xl/worksheets/_rels/sheet1.xml.rels
2025-05-18 10:52:12 DEBUG PackageRelationshipCollection:307 - Parsing relationship: /_rels/.rels
2025-05-18 10:52:12 DEBUG POIXMLFactory:65 - using default POIXMLDocumentPart for http://schemas.openxmlformats.org/officeDocument/2006/relationships/printerSettings
2025-05-18 10:52:12 DEBUG PackageRelationshipCollection:307 - Parsing relationship: /xl/_rels/workbook.xml.rels
2025-05-18 10:52:12 DEBUG PackageRelationshipCollection:307 - Parsing relationship: /xl/worksheets/_rels/sheet1.xml.rels
2025-05-18 10:52:12 DEBUG PackageRelationshipCollection:307 - Parsing relationship: /_rels/.rels
2025-05-18 10:52:12 DEBUG POIXMLFactory:65 - using default POIXMLDocumentPart for http://schemas.openxmlformats.org/officeDocument/2006/relationships/printerSettings
2025-05-18 10:52:12 DEBUG PackageRelationshipCollection:307 - Parsing relationship: /xl/_rels/workbook.xml.rels
2025-05-18 10:52:12 DEBUG PackageRelationshipCollection:307 - Parsing relationship: /xl/worksheets/_rels/sheet1.xml.rels
2025-05-18 10:52:12 DEBUG PackageRelationshipCollection:307 - Parsing relationship: /_rels/.rels
2025-05-18 10:52:12 DEBUG POIXMLFactory:65 - using default POIXMLDocumentPart for http://schemas.openxmlformats.org/officeDocument/2006/relationships/printerSettings
2025-05-18 10:52:12 DEBUG PackageRelationshipCollection:307 - Parsing relationship: /xl/_rels/workbook.xml.rels
2025-05-18 10:52:12 DEBUG PackageRelationshipCollection:307 - Parsing relationship: /xl/worksheets/_rels/sheet1.xml.rels
2025-05-18 10:52:12 DEBUG PackageRelationshipCollection:307 - Parsing relationship: /_rels/.rels
2025-05-18 10:52:12 DEBUG POIXMLFactory:65 - using default POIXMLDocumentPart for http://schemas.openxmlformats.org/officeDocument/2006/relationships/printerSettings
2025-05-18 10:52:12 DEBUG PackageRelationshipCollection:307 - Parsing relationship: /xl/_rels/workbook.xml.rels
2025-05-18 10:52:12 DEBUG PackageRelationshipCollection:307 - Parsing relationship: /xl/worksheets/_rels/sheet1.xml.rels
2025-05-18 10:52:12 DEBUG PackageRelationshipCollection:307 - Parsing relationship: /_rels/.rels
2025-05-18 10:52:12 DEBUG POIXMLFactory:65 - using default POIXMLDocumentPart for http://schemas.openxmlformats.org/officeDocument/2006/relationships/printerSettings
2025-05-18 10:52:12 INFO  TC_02_Login:25 - ===== Starting TC02_Login Test for user: smitasharma.qa@gmail.com =====
2025-05-18 10:52:12 DEBUG TC_02_Login:30 - Clicked 'My Account'
2025-05-18 10:52:12 DEBUG TC_02_Login:33 - Navigated to Login page
2025-05-18 10:52:12 DEBUG TC_02_Login:37 - Entered email: smitasharma.qa@gmail.com
2025-05-18 10:52:12 DEBUG TC_02_Login:40 - Entered password
2025-05-18 10:52:12 INFO  TC_02_Login:43 - Clicked on login
2025-05-18 10:52:13 DEBUG TC_02_Login:47 - Login status: true
2025-05-18 10:52:13 INFO  TC_02_Login:50 - Login successful for user: smitasharma.qa@gmail.com
2025-05-18 10:52:13 INFO  TC_02_Login:53 - User logged out successfully
2025-05-18 10:52:13 INFO  TC_02_Login:67 - ===== Completed TC02_Login Test for user: smitasharma.qa@gmail.com =====
2025-05-18 10:52:13 INFO  TC_02_Login:25 - ===== Starting TC02_Login Test for user: nona@yahoo.com =====
2025-05-18 10:52:13 DEBUG TC_02_Login:30 - Clicked 'My Account'
2025-05-18 10:52:13 DEBUG TC_02_Login:33 - Navigated to Login page
2025-05-18 10:52:13 DEBUG TC_02_Login:37 - Entered email: nona@yahoo.com
2025-05-18 10:52:13 DEBUG TC_02_Login:40 - Entered password
2025-05-18 10:52:13 INFO  TC_02_Login:43 - Clicked on login
2025-05-18 10:52:14 DEBUG TC_02_Login:47 - Login status: true
2025-05-18 10:52:14 INFO  TC_02_Login:50 - Login successful for user: nona@yahoo.com
2025-05-18 10:52:14 INFO  TC_02_Login:53 - User logged out successfully
2025-05-18 10:52:14 INFO  TC_02_Login:67 - ===== Completed TC02_Login Test for user: nona@yahoo.com =====
2025-05-18 10:52:14 INFO  TC_02_Login:25 - ===== Starting TC02_Login Test for user: sid@cloudberry.services =====
2025-05-18 10:52:14 DEBUG TC_02_Login:30 - Clicked 'My Account'
2025-05-18 10:52:14 DEBUG TC_02_Login:33 - Navigated to Login page
2025-05-18 10:52:14 DEBUG TC_02_Login:37 - Entered email: sid@cloudberry.services
2025-05-18 10:52:14 DEBUG TC_02_Login:40 - Entered password
2025-05-18 10:52:14 INFO  TC_02_Login:43 - Clicked on login
2025-05-18 10:52:15 DEBUG TC_02_Login:47 - Login status: true
2025-05-18 10:52:15 INFO  TC_02_Login:50 - Login successful for user: sid@cloudberry.services
2025-05-18 10:52:15 INFO  TC_02_Login:53 - User logged out successfully
2025-05-18 10:52:15 INFO  TC_02_Login:67 - ===== Completed TC02_Login Test for user: sid@cloudberry.services =====
2025-05-18 10:52:15 INFO  TC_02_Login:25 - ===== Starting TC02_Login Test for user: apushedwoman@gmail.com =====
2025-05-18 10:52:15 DEBUG TC_02_Login:30 - Clicked 'My Account'
2025-05-18 10:52:15 DEBUG TC_02_Login:33 - Navigated to Login page
2025-05-18 10:52:15 DEBUG TC_02_Login:37 - Entered email: apushedwoman@gmail.com
2025-05-18 10:52:15 DEBUG TC_02_Login:40 - Entered password
2025-05-18 10:52:15 INFO  TC_02_Login:43 - Clicked on login
2025-05-18 10:52:16 DEBUG TC_02_Login:47 - Login status: true
2025-05-18 10:52:16 INFO  TC_02_Login:50 - Login successful for user: apushedwoman@gmail.com
2025-05-18 10:52:16 INFO  TC_02_Login:53 - User logged out successfully
2025-05-18 10:52:16 INFO  TC_02_Login:67 - ===== Completed TC02_Login Test for user: apushedwoman@gmail.com =====
2025-05-18 10:52:16 INFO  TC_02_Login:25 - ===== Starting TC02_Login Test for user: hichamkhachiai@gmail.com =====
2025-05-18 10:52:16 DEBUG TC_02_Login:30 - Clicked 'My Account'
2025-05-18 10:52:16 DEBUG TC_02_Login:33 - Navigated to Login page
2025-05-18 10:52:16 DEBUG TC_02_Login:37 - Entered email: hichamkhachiai@gmail.com
2025-05-18 10:52:16 DEBUG TC_02_Login:40 - Entered password
2025-05-18 10:52:16 INFO  TC_02_Login:43 - Clicked on login
2025-05-18 10:52:17 DEBUG TC_02_Login:47 - Login status: true
2025-05-18 10:52:17 INFO  TC_02_Login:50 - Login successful for user: hichamkhachiai@gmail.com
2025-05-18 10:52:17 INFO  TC_02_Login:53 - User logged out successfully
2025-05-18 10:52:17 INFO  TC_02_Login:67 - ===== Completed TC02_Login Test for user: hichamkhachiai@gmail.com =====
2025-05-18 10:52:17 INFO  BaseClass:84 - Browser session closed successfully
2025-05-18 10:52:17 INFO  BaseClass:36 - Initializing application on OS: windows and Browser: chrome
2025-05-18 10:52:17 DEBUG BaseClass:41 - Loaded configuration properties
2025-05-18 10:52:18 DEBUG BaseClass:48 - ChromeDriver initialized
2025-05-18 10:52:18 DEBUG BaseClass:64 - Driver assigned to thread-local storage
2025-05-18 10:52:19 INFO  BaseClass:71 - Application launched successfully: https://cloudberrystore.services/
2025-05-18 10:52:19 INFO  TC_01_LaunchApplication:19 - Starting test: TC01_LaunchApplication
2025-05-18 10:52:19 DEBUG TC_01_LaunchApplication:23 - HomePage object initialized
2025-05-18 10:52:19 DEBUG TC_01_LaunchApplication:26 - Page title retrieved: Your store of fun
2025-05-18 10:52:19 INFO  TC_01_LaunchApplication:29 - Page title assertion passed
2025-05-18 10:52:19 INFO  TC_01_LaunchApplication:39 - Test completed: TC01_LaunchApplication
2025-05-18 10:52:19 INFO  BaseClass:84 - Browser session closed successfully
2025-05-18 10:52:19 INFO  BaseClass:36 - Initializing application on OS: windows and Browser: chrome
2025-05-18 10:52:19 DEBUG BaseClass:41 - Loaded configuration properties
2025-05-18 10:52:20 DEBUG BaseClass:48 - ChromeDriver initialized
2025-05-18 10:52:20 DEBUG BaseClass:64 - Driver assigned to thread-local storage
2025-05-18 10:52:21 INFO  BaseClass:71 - Application launched successfully: https://cloudberrystore.services/
2025-05-18 10:52:21 INFO  TC_04_CompletePurchase:23 - ===== Starting TC_04_CompletePurchase Test =====
2025-05-18 10:52:21 DEBUG TC_04_CompletePurchase:28 - Clicked on 'Laptops & Tablets'
2025-05-18 10:52:21 DEBUG TC_04_CompletePurchase:31 - Clicked on 'Show All Laptops & Tablets'
2025-05-18 10:52:23 DEBUG TC_04_CompletePurchase:35 - Selected product
2025-05-18 10:52:23 DEBUG TC_04_CompletePurchase:39 - Changed delivery date
2025-05-18 10:52:23 INFO  TC_04_CompletePurchase:42 - Clicked on 'Add to Cart'
2025-05-18 10:52:25 INFO  TC_04_CompletePurchase:45 - Proceeded to Checkout
2025-05-18 10:52:25 DEBUG TC_04_CompletePurchase:49 - Clicked on Login link
2025-05-18 10:52:26 INFO  TC_04_CompletePurchase:55 - Logged in with provided credentials
2025-05-18 10:52:26 DEBUG TC_04_CompletePurchase:59 - Selected shipping address
2025-05-18 10:52:27 DEBUG TC_04_CompletePurchase:62 - Filled shipping and payment details
2025-05-18 10:52:27 INFO  TC_04_CompletePurchase:65 - Order confirmed
2025-05-18 10:52:27 DEBUG TC_04_CompletePurchase:68 - Order confirmation status: true
2025-05-18 10:52:27 INFO  TC_04_CompletePurchase:81 - ===== TC_04_CompletePurchase Test Completed =====
2025-05-18 10:52:27 INFO  BaseClass:84 - Browser session closed successfully
2025-05-18 10:52:27 INFO  BaseClass:36 - Initializing application on OS: windows and Browser: chrome
2025-05-18 10:52:27 DEBUG BaseClass:41 - Loaded configuration properties
2025-05-18 10:52:28 DEBUG BaseClass:48 - ChromeDriver initialized
2025-05-18 10:52:28 DEBUG BaseClass:64 - Driver assigned to thread-local storage
2025-05-18 10:52:29 INFO  BaseClass:71 - Application launched successfully: https://cloudberrystore.services/
2025-05-18 10:52:29 INFO  TC_05_AddToWishList:21 - ===== Starting TC_05_AddToWishList Test =====
2025-05-18 10:52:29 DEBUG TC_05_AddToWishList:26 - Clicked on My Account
2025-05-18 10:52:30 DEBUG TC_05_AddToWishList:29 - Navigated to Login page
2025-05-18 10:52:30 INFO  TC_05_AddToWishList:35 - Logged in with provided credentials
2025-05-18 10:52:30 DEBUG TC_05_AddToWishList:38 - Clicked on OpenCart logo to go to homepage
2025-05-18 10:52:30 DEBUG TC_05_AddToWishList:42 - Navigated to Laptops & Tablets section
2025-05-18 10:52:32 DEBUG TC_05_AddToWishList:46 - Selected product from list
2025-05-18 10:52:32 INFO  TC_05_AddToWishList:50 - Clicked on Add to Wishlist
2025-05-18 10:52:32 DEBUG TC_05_AddToWishList:53 - Success message: Success: You have added HP LP3065 to your wish list!
2025-05-18 10:52:32 INFO  TC_05_AddToWishList:56 - Add to Wishlist test passed.
2025-05-18 10:52:32 INFO  TC_05_AddToWishList:67 - ===== TC_05_AddToWishList Test Completed =====
2025-05-18 10:52:32 INFO  BaseClass:84 - Browser session closed successfully
2025-05-18 10:52:32 INFO  BaseClass:36 - Initializing application on OS: windows and Browser: chrome
2025-05-18 10:52:32 DEBUG BaseClass:41 - Loaded configuration properties
2025-05-18 10:52:33 DEBUG BaseClass:48 - ChromeDriver initialized
2025-05-18 10:52:33 DEBUG BaseClass:64 - Driver assigned to thread-local storage
2025-05-18 10:52:34 INFO  BaseClass:71 - Application launched successfully: https://cloudberrystore.services/
2025-05-18 10:52:34 INFO  TC_06_AddAffiliate:21 - ===== Starting TC_06_AddAffiliate Test =====
2025-05-18 10:52:34 DEBUG TC_06_AddAffiliate:26 - Clicked on My Account
2025-05-18 10:52:34 DEBUG TC_06_AddAffiliate:29 - Clicked on Login
2025-05-18 10:52:35 INFO  TC_06_AddAffiliate:35 - Logged in successfully
2025-05-18 10:52:36 ERROR TC_06_AddAffiliate:56 - Unexpected error occurred: 
org.openqa.selenium.ElementClickInterceptedException: element click intercepted: Element is not clickable at point (746, 1067)
  (Session info: chrome=136.0.7103.93)
Build info: version: '4.32.0', revision: 'd17c8aa950'
System info: os.name: 'Windows 11', os.arch: 'amd64', os.version: '10.0', java.version: '21.0.7'
Driver info: org.openqa.selenium.chrome.ChromeDriver
Command: [2c9680071a67115c7ef3611dde6264c8, clickElement {id=f.1AA6F4E4CB04A816014C5B50489377EF.d.5A30A9657BCCC185294A268F2C3FEAF8.e.78}]
Capabilities {acceptInsecureCerts: false, browserName: chrome, browserVersion: 136.0.7103.93, chrome: {chromedriverVersion: 136.0.7103.94 (fa0be0b33deb..., userDataDir: C:\WINDOWS\SystemTemp\scope...}, fedcm:accounts: true, goog:chromeOptions: {debuggerAddress: localhost:65533}, networkConnectionEnabled: false, pageLoadStrategy: normal, platformName: windows, proxy: Proxy(), se:cdp: ws://localhost:65533/devtoo..., se:cdpVersion: 136.0.7103.93, setWindowRect: true, strictFileInteractability: false, timeouts: {implicit: 0, pageLoad: 300000, script: 30000}, unhandledPromptBehavior: dismiss and notify, webauthn:extension:credBlob: true, webauthn:extension:largeBlob: true, webauthn:extension:minPinLength: true, webauthn:extension:prf: true, webauthn:virtualAuthenticators: true}
Element: [[ChromeDriver: chrome on windows (2c9680071a67115c7ef3611dde6264c8)] -> xpath: //a[normalize-space()='Affiliate']]
Session ID: 2c9680071a67115c7ef3611dde6264c8
	at java.base/jdk.internal.reflect.DirectConstructorHandleAccessor.newInstance(DirectConstructorHandleAccessor.java:62) ~[?:?]
	at java.base/java.lang.reflect.Constructor.newInstanceWithCaller(Constructor.java:502) ~[?:?]
	at java.base/java.lang.reflect.Constructor.newInstance(Constructor.java:486) ~[?:?]
	at org.openqa.selenium.remote.ErrorCodec.decode(ErrorCodec.java:167) ~[selenium-remote-driver-4.32.0.jar:?]
	at org.openqa.selenium.remote.codec.w3c.W3CHttpResponseCodec.decode(W3CHttpResponseCodec.java:138) ~[selenium-remote-driver-4.32.0.jar:?]
	at org.openqa.selenium.remote.codec.w3c.W3CHttpResponseCodec.decode(W3CHttpResponseCodec.java:50) ~[selenium-remote-driver-4.32.0.jar:?]
	at org.openqa.selenium.remote.HttpCommandExecutor.execute(HttpCommandExecutor.java:215) ~[selenium-remote-driver-4.32.0.jar:?]
	at org.openqa.selenium.remote.service.DriverCommandExecutor.invokeExecute(DriverCommandExecutor.java:216) ~[selenium-remote-driver-4.32.0.jar:?]
	at org.openqa.selenium.remote.service.DriverCommandExecutor.execute(DriverCommandExecutor.java:174) ~[selenium-remote-driver-4.32.0.jar:?]
	at org.openqa.selenium.remote.RemoteWebDriver.execute(RemoteWebDriver.java:545) ~[selenium-remote-driver-4.32.0.jar:?]
	at org.openqa.selenium.remote.RemoteWebElement.execute(RemoteWebElement.java:223) ~[selenium-remote-driver-4.32.0.jar:?]
	at org.openqa.selenium.remote.RemoteWebElement.click(RemoteWebElement.java:76) ~[selenium-remote-driver-4.32.0.jar:?]
	at java.base/jdk.internal.reflect.DirectMethodHandleAccessor.invoke(DirectMethodHandleAccessor.java:103) ~[?:?]
	at java.base/java.lang.reflect.Method.invoke(Method.java:580) ~[?:?]
	at org.openqa.selenium.support.pagefactory.internal.LocatingElementHandler.invoke(LocatingElementHandler.java:51) ~[selenium-support-4.32.0.jar:?]
	at jdk.proxy2/jdk.proxy2.$Proxy30.click(Unknown Source) ~[?:?]
	at pageObjects.MyAccountPage.clickAddAffiliate(MyAccountPage.java:38) ~[test-classes/:?]
	at testCases.TC_06_AddAffiliate.addToWishList(TC_06_AddAffiliate.java:38) ~[test-classes/:?]
	at java.base/jdk.internal.reflect.DirectMethodHandleAccessor.invoke(DirectMethodHandleAccessor.java:103) ~[?:?]
	at java.base/java.lang.reflect.Method.invoke(Method.java:580) ~[?:?]
	at org.testng.internal.invokers.MethodInvocationHelper.invokeMethod(MethodInvocationHelper.java:141) ~[testng-7.11.0.jar:7.11.0]
	at org.testng.internal.invokers.TestInvoker.invokeMethod(TestInvoker.java:687) ~[testng-7.11.0.jar:7.11.0]
	at org.testng.internal.invokers.TestInvoker.invokeTestMethod(TestInvoker.java:230) ~[testng-7.11.0.jar:7.11.0]
	at org.testng.internal.invokers.MethodRunner.runInSequence(MethodRunner.java:63) ~[testng-7.11.0.jar:7.11.0]
	at org.testng.internal.invokers.TestInvoker$MethodInvocationAgent.invoke(TestInvoker.java:995) ~[testng-7.11.0.jar:7.11.0]
	at org.testng.internal.invokers.TestInvoker.invokeTestMethods(TestInvoker.java:203) ~[testng-7.11.0.jar:7.11.0]
	at org.testng.internal.invokers.TestMethodWorker.invokeTestMethods(TestMethodWorker.java:154) ~[testng-7.11.0.jar:7.11.0]
	at org.testng.internal.invokers.TestMethodWorker.run(TestMethodWorker.java:134) ~[testng-7.11.0.jar:7.11.0]
	at java.base/java.util.ArrayList.forEach(ArrayList.java:1596) ~[?:?]
	at org.testng.TestRunner.privateRun(TestRunner.java:741) ~[testng-7.11.0.jar:7.11.0]
	at org.testng.TestRunner.run(TestRunner.java:616) ~[testng-7.11.0.jar:7.11.0]
	at org.testng.SuiteRunner.runTest(SuiteRunner.java:421) ~[testng-7.11.0.jar:7.11.0]
	at org.testng.SuiteRunner$SuiteWorker.run(SuiteRunner.java:463) ~[testng-7.11.0.jar:7.11.0]
	at org.testng.internal.thread.ThreadUtil.lambda$execute$0(ThreadUtil.java:64) ~[testng-7.11.0.jar:7.11.0]
	at java.base/java.util.concurrent.FutureTask.run(FutureTask.java:317) ~[?:?]
	at java.base/java.util.concurrent.ThreadPoolExecutor.runWorker(ThreadPoolExecutor.java:1144) ~[?:?]
	at java.base/java.util.concurrent.ThreadPoolExecutor$Worker.run(ThreadPoolExecutor.java:642) ~[?:?]
	at java.base/java.lang.Thread.run(Thread.java:1583) [?:?]
2025-05-18 10:52:36 WARN  RetryAnalyzer:18 - Retrying test 'addToWishList' (1 of 2)
2025-05-18 10:52:36 INFO  TC_06_AddAffiliate:21 - ===== Starting TC_06_AddAffiliate Test =====
2025-05-18 10:52:36 DEBUG TC_06_AddAffiliate:26 - Clicked on My Account
2025-05-18 10:53:15 ERROR TC_06_AddAffiliate:56 - Unexpected error occurred: 
org.openqa.selenium.NoSuchSessionException: invalid session id: session deleted as the browser has closed the connection
from disconnected: unable to send message to renderer
  (Session info: chrome=136.0.7103.93)
Build info: version: '4.32.0', revision: 'd17c8aa950'
System info: os.name: 'Windows 11', os.arch: 'amd64', os.version: '10.0', java.version: '21.0.7'
Driver info: org.openqa.selenium.chrome.ChromeDriver
Command: [2c9680071a67115c7ef3611dde6264c8, findElement {value=//a[normalize-space()='Login'], using=xpath}]
Capabilities {acceptInsecureCerts: false, browserName: chrome, browserVersion: 136.0.7103.93, chrome: {chromedriverVersion: 136.0.7103.94 (fa0be0b33deb..., userDataDir: C:\WINDOWS\SystemTemp\scope...}, fedcm:accounts: true, goog:chromeOptions: {debuggerAddress: localhost:65533}, networkConnectionEnabled: false, pageLoadStrategy: normal, platformName: windows, proxy: Proxy(), se:cdp: ws://localhost:65533/devtoo..., se:cdpVersion: 136.0.7103.93, setWindowRect: true, strictFileInteractability: false, timeouts: {implicit: 0, pageLoad: 300000, script: 30000}, unhandledPromptBehavior: dismiss and notify, webauthn:extension:credBlob: true, webauthn:extension:largeBlob: true, webauthn:extension:minPinLength: true, webauthn:extension:prf: true, webauthn:virtualAuthenticators: true}
Session ID: 2c9680071a67115c7ef3611dde6264c8
	at java.base/jdk.internal.reflect.DirectConstructorHandleAccessor.newInstance(DirectConstructorHandleAccessor.java:62) ~[?:?]
	at java.base/java.lang.reflect.Constructor.newInstanceWithCaller(Constructor.java:502) ~[?:?]
	at java.base/java.lang.reflect.Constructor.newInstance(Constructor.java:486) ~[?:?]
	at org.openqa.selenium.remote.ErrorCodec.decode(ErrorCodec.java:167) ~[selenium-remote-driver-4.32.0.jar:?]
	at org.openqa.selenium.remote.codec.w3c.W3CHttpResponseCodec.decode(W3CHttpResponseCodec.java:138) ~[selenium-remote-driver-4.32.0.jar:?]
	at org.openqa.selenium.remote.codec.w3c.W3CHttpResponseCodec.decode(W3CHttpResponseCodec.java:50) ~[selenium-remote-driver-4.32.0.jar:?]
	at org.openqa.selenium.remote.HttpCommandExecutor.execute(HttpCommandExecutor.java:215) ~[selenium-remote-driver-4.32.0.jar:?]
	at org.openqa.selenium.remote.service.DriverCommandExecutor.invokeExecute(DriverCommandExecutor.java:216) ~[selenium-remote-driver-4.32.0.jar:?]
	at org.openqa.selenium.remote.service.DriverCommandExecutor.execute(DriverCommandExecutor.java:174) ~[selenium-remote-driver-4.32.0.jar:?]
	at org.openqa.selenium.remote.RemoteWebDriver.execute(RemoteWebDriver.java:545) ~[selenium-remote-driver-4.32.0.jar:?]
	at org.openqa.selenium.remote.ElementLocation$ElementFinder$2.findElement(ElementLocation.java:165) ~[selenium-remote-driver-4.32.0.jar:?]
	at org.openqa.selenium.remote.ElementLocation.findElement(ElementLocation.java:59) ~[selenium-remote-driver-4.32.0.jar:?]
	at org.openqa.selenium.remote.RemoteWebDriver.findElement(RemoteWebDriver.java:368) ~[selenium-remote-driver-4.32.0.jar:?]
	at org.openqa.selenium.remote.RemoteWebDriver.findElement(RemoteWebDriver.java:362) ~[selenium-remote-driver-4.32.0.jar:?]
	at org.openqa.selenium.support.pagefactory.DefaultElementLocator.findElement(DefaultElementLocator.java:68) ~[selenium-support-4.32.0.jar:?]
	at org.openqa.selenium.support.pagefactory.internal.LocatingElementHandler.invoke(LocatingElementHandler.java:38) ~[selenium-support-4.32.0.jar:?]
	at jdk.proxy2/jdk.proxy2.$Proxy30.click(Unknown Source) ~[?:?]
	at pageObjects.HomePage.clickLogin(HomePage.java:36) ~[test-classes/:?]
	at testCases.TC_06_AddAffiliate.addToWishList(TC_06_AddAffiliate.java:28) ~[test-classes/:?]
	at java.base/jdk.internal.reflect.DirectMethodHandleAccessor.invoke(DirectMethodHandleAccessor.java:103) ~[?:?]
	at java.base/java.lang.reflect.Method.invoke(Method.java:580) ~[?:?]
	at org.testng.internal.invokers.MethodInvocationHelper.invokeMethod(MethodInvocationHelper.java:141) ~[testng-7.11.0.jar:7.11.0]
	at org.testng.internal.invokers.TestInvoker.invokeMethod(TestInvoker.java:687) ~[testng-7.11.0.jar:7.11.0]
	at org.testng.internal.invokers.TestInvoker.retryFailed(TestInvoker.java:269) ~[testng-7.11.0.jar:7.11.0]
	at org.testng.internal.invokers.MethodRunner.runInSequence(MethodRunner.java:76) ~[testng-7.11.0.jar:7.11.0]
	at org.testng.internal.invokers.TestInvoker$MethodInvocationAgent.invoke(TestInvoker.java:995) ~[testng-7.11.0.jar:7.11.0]
	at org.testng.internal.invokers.TestInvoker.invokeTestMethods(TestInvoker.java:203) ~[testng-7.11.0.jar:7.11.0]
	at org.testng.internal.invokers.TestMethodWorker.invokeTestMethods(TestMethodWorker.java:154) ~[testng-7.11.0.jar:7.11.0]
	at org.testng.internal.invokers.TestMethodWorker.run(TestMethodWorker.java:134) ~[testng-7.11.0.jar:7.11.0]
	at java.base/java.util.ArrayList.forEach(ArrayList.java:1596) ~[?:?]
	at org.testng.TestRunner.privateRun(TestRunner.java:741) ~[testng-7.11.0.jar:7.11.0]
	at org.testng.TestRunner.run(TestRunner.java:616) ~[testng-7.11.0.jar:7.11.0]
	at org.testng.SuiteRunner.runTest(SuiteRunner.java:421) ~[testng-7.11.0.jar:7.11.0]
	at org.testng.SuiteRunner$SuiteWorker.run(SuiteRunner.java:463) ~[testng-7.11.0.jar:7.11.0]
	at org.testng.internal.thread.ThreadUtil.lambda$execute$0(ThreadUtil.java:64) ~[testng-7.11.0.jar:7.11.0]
	at java.base/java.util.concurrent.FutureTask.run(FutureTask.java:317) ~[?:?]
	at java.base/java.util.concurrent.ThreadPoolExecutor.runWorker(ThreadPoolExecutor.java:1144) ~[?:?]
	at java.base/java.util.concurrent.ThreadPoolExecutor$Worker.run(ThreadPoolExecutor.java:642) ~[?:?]
	at java.base/java.lang.Thread.run(Thread.java:1583) [?:?]
2025-05-18 10:53:15 WARN  RetryAnalyzer:18 - Retrying test 'addToWishList' (2 of 2)
2025-05-18 10:53:15 INFO  TC_06_AddAffiliate:21 - ===== Starting TC_06_AddAffiliate Test =====
2025-05-18 10:53:15 ERROR TC_06_AddAffiliate:56 - Unexpected error occurred: 
org.openqa.selenium.NoSuchSessionException: invalid session id
Build info: version: '4.32.0', revision: 'd17c8aa950'
System info: os.name: 'Windows 11', os.arch: 'amd64', os.version: '10.0', java.version: '21.0.7'
Driver info: org.openqa.selenium.chrome.ChromeDriver
Command: [2c9680071a67115c7ef3611dde6264c8, findElement {value=//i[@class='fa-solid fa-user'], using=xpath}]
Capabilities {acceptInsecureCerts: false, browserName: chrome, browserVersion: 136.0.7103.93, chrome: {chromedriverVersion: 136.0.7103.94 (fa0be0b33deb..., userDataDir: C:\WINDOWS\SystemTemp\scope...}, fedcm:accounts: true, goog:chromeOptions: {debuggerAddress: localhost:65533}, networkConnectionEnabled: false, pageLoadStrategy: normal, platformName: windows, proxy: Proxy(), se:cdp: ws://localhost:65533/devtoo..., se:cdpVersion: 136.0.7103.93, setWindowRect: true, strictFileInteractability: false, timeouts: {implicit: 0, pageLoad: 300000, script: 30000}, unhandledPromptBehavior: dismiss and notify, webauthn:extension:credBlob: true, webauthn:extension:largeBlob: true, webauthn:extension:minPinLength: true, webauthn:extension:prf: true, webauthn:virtualAuthenticators: true}
Session ID: 2c9680071a67115c7ef3611dde6264c8
	at java.base/jdk.internal.reflect.DirectConstructorHandleAccessor.newInstance(DirectConstructorHandleAccessor.java:62) ~[?:?]
	at java.base/java.lang.reflect.Constructor.newInstanceWithCaller(Constructor.java:502) ~[?:?]
	at java.base/java.lang.reflect.Constructor.newInstance(Constructor.java:486) ~[?:?]
	at org.openqa.selenium.remote.ErrorCodec.decode(ErrorCodec.java:167) ~[selenium-remote-driver-4.32.0.jar:?]
	at org.openqa.selenium.remote.codec.w3c.W3CHttpResponseCodec.decode(W3CHttpResponseCodec.java:138) ~[selenium-remote-driver-4.32.0.jar:?]
	at org.openqa.selenium.remote.codec.w3c.W3CHttpResponseCodec.decode(W3CHttpResponseCodec.java:50) ~[selenium-remote-driver-4.32.0.jar:?]
	at org.openqa.selenium.remote.HttpCommandExecutor.execute(HttpCommandExecutor.java:215) ~[selenium-remote-driver-4.32.0.jar:?]
	at org.openqa.selenium.remote.service.DriverCommandExecutor.invokeExecute(DriverCommandExecutor.java:216) ~[selenium-remote-driver-4.32.0.jar:?]
	at org.openqa.selenium.remote.service.DriverCommandExecutor.execute(DriverCommandExecutor.java:174) ~[selenium-remote-driver-4.32.0.jar:?]
	at org.openqa.selenium.remote.RemoteWebDriver.execute(RemoteWebDriver.java:545) ~[selenium-remote-driver-4.32.0.jar:?]
	at org.openqa.selenium.remote.ElementLocation$ElementFinder$2.findElement(ElementLocation.java:165) ~[selenium-remote-driver-4.32.0.jar:?]
	at org.openqa.selenium.remote.ElementLocation.findElement(ElementLocation.java:59) ~[selenium-remote-driver-4.32.0.jar:?]
	at org.openqa.selenium.remote.RemoteWebDriver.findElement(RemoteWebDriver.java:368) ~[selenium-remote-driver-4.32.0.jar:?]
	at org.openqa.selenium.remote.RemoteWebDriver.findElement(RemoteWebDriver.java:362) ~[selenium-remote-driver-4.32.0.jar:?]
	at org.openqa.selenium.support.pagefactory.DefaultElementLocator.findElement(DefaultElementLocator.java:68) ~[selenium-support-4.32.0.jar:?]
	at org.openqa.selenium.support.pagefactory.internal.LocatingElementHandler.invoke(LocatingElementHandler.java:38) ~[selenium-support-4.32.0.jar:?]
	at jdk.proxy2/jdk.proxy2.$Proxy30.click(Unknown Source) ~[?:?]
	at pageObjects.HomePage.clickMyAccount(HomePage.java:31) ~[test-classes/:?]
	at testCases.TC_06_AddAffiliate.addToWishList(TC_06_AddAffiliate.java:25) ~[test-classes/:?]
	at java.base/jdk.internal.reflect.DirectMethodHandleAccessor.invoke(DirectMethodHandleAccessor.java:103) ~[?:?]
	at java.base/java.lang.reflect.Method.invoke(Method.java:580) ~[?:?]
	at org.testng.internal.invokers.MethodInvocationHelper.invokeMethod(MethodInvocationHelper.java:141) ~[testng-7.11.0.jar:7.11.0]
	at org.testng.internal.invokers.TestInvoker.invokeMethod(TestInvoker.java:687) ~[testng-7.11.0.jar:7.11.0]
	at org.testng.internal.invokers.TestInvoker.retryFailed(TestInvoker.java:269) ~[testng-7.11.0.jar:7.11.0]
	at org.testng.internal.invokers.MethodRunner.runInSequence(MethodRunner.java:76) ~[testng-7.11.0.jar:7.11.0]
	at org.testng.internal.invokers.TestInvoker$MethodInvocationAgent.invoke(TestInvoker.java:995) ~[testng-7.11.0.jar:7.11.0]
	at org.testng.internal.invokers.TestInvoker.invokeTestMethods(TestInvoker.java:203) ~[testng-7.11.0.jar:7.11.0]
	at org.testng.internal.invokers.TestMethodWorker.invokeTestMethods(TestMethodWorker.java:154) ~[testng-7.11.0.jar:7.11.0]
	at org.testng.internal.invokers.TestMethodWorker.run(TestMethodWorker.java:134) ~[testng-7.11.0.jar:7.11.0]
	at java.base/java.util.ArrayList.forEach(ArrayList.java:1596) ~[?:?]
	at org.testng.TestRunner.privateRun(TestRunner.java:741) ~[testng-7.11.0.jar:7.11.0]
	at org.testng.TestRunner.run(TestRunner.java:616) ~[testng-7.11.0.jar:7.11.0]
	at org.testng.SuiteRunner.runTest(SuiteRunner.java:421) ~[testng-7.11.0.jar:7.11.0]
	at org.testng.SuiteRunner$SuiteWorker.run(SuiteRunner.java:463) ~[testng-7.11.0.jar:7.11.0]
	at org.testng.internal.thread.ThreadUtil.lambda$execute$0(ThreadUtil.java:64) ~[testng-7.11.0.jar:7.11.0]
	at java.base/java.util.concurrent.FutureTask.run(FutureTask.java:317) ~[?:?]
	at java.base/java.util.concurrent.ThreadPoolExecutor.runWorker(ThreadPoolExecutor.java:1144) ~[?:?]
	at java.base/java.util.concurrent.ThreadPoolExecutor$Worker.run(ThreadPoolExecutor.java:642) ~[?:?]
	at java.base/java.lang.Thread.run(Thread.java:1583) [?:?]
2025-05-18 10:53:15 ERROR BaseClass:105 - Failed to capture screenshot for test: addToWishList
org.openqa.selenium.NoSuchSessionException: invalid session id
Build info: version: '4.32.0', revision: 'd17c8aa950'
System info: os.name: 'Windows 11', os.arch: 'amd64', os.version: '10.0', java.version: '21.0.7'
Driver info: org.openqa.selenium.chrome.ChromeDriver
Command: [2c9680071a67115c7ef3611dde6264c8, screenshot {}]
Capabilities {acceptInsecureCerts: false, browserName: chrome, browserVersion: 136.0.7103.93, chrome: {chromedriverVersion: 136.0.7103.94 (fa0be0b33deb..., userDataDir: C:\WINDOWS\SystemTemp\scope...}, fedcm:accounts: true, goog:chromeOptions: {debuggerAddress: localhost:65533}, networkConnectionEnabled: false, pageLoadStrategy: normal, platformName: windows, proxy: Proxy(), se:cdp: ws://localhost:65533/devtoo..., se:cdpVersion: 136.0.7103.93, setWindowRect: true, strictFileInteractability: false, timeouts: {implicit: 0, pageLoad: 300000, script: 30000}, unhandledPromptBehavior: dismiss and notify, webauthn:extension:credBlob: true, webauthn:extension:largeBlob: true, webauthn:extension:minPinLength: true, webauthn:extension:prf: true, webauthn:virtualAuthenticators: true}
Session ID: 2c9680071a67115c7ef3611dde6264c8
	at java.base/jdk.internal.reflect.DirectConstructorHandleAccessor.newInstance(DirectConstructorHandleAccessor.java:62) ~[?:?]
	at java.base/java.lang.reflect.Constructor.newInstanceWithCaller(Constructor.java:502) ~[?:?]
	at java.base/java.lang.reflect.Constructor.newInstance(Constructor.java:486) ~[?:?]
	at org.openqa.selenium.remote.ErrorCodec.decode(ErrorCodec.java:167) ~[selenium-remote-driver-4.32.0.jar:?]
	at org.openqa.selenium.remote.codec.w3c.W3CHttpResponseCodec.decode(W3CHttpResponseCodec.java:138) ~[selenium-remote-driver-4.32.0.jar:?]
	at org.openqa.selenium.remote.codec.w3c.W3CHttpResponseCodec.decode(W3CHttpResponseCodec.java:50) ~[selenium-remote-driver-4.32.0.jar:?]
	at org.openqa.selenium.remote.HttpCommandExecutor.execute(HttpCommandExecutor.java:215) ~[selenium-remote-driver-4.32.0.jar:?]
	at org.openqa.selenium.remote.service.DriverCommandExecutor.invokeExecute(DriverCommandExecutor.java:216) ~[selenium-remote-driver-4.32.0.jar:?]
	at org.openqa.selenium.remote.service.DriverCommandExecutor.execute(DriverCommandExecutor.java:174) ~[selenium-remote-driver-4.32.0.jar:?]
	at org.openqa.selenium.remote.RemoteWebDriver.execute(RemoteWebDriver.java:545) ~[selenium-remote-driver-4.32.0.jar:?]
	at org.openqa.selenium.remote.RemoteWebDriver.execute(RemoteWebDriver.java:618) ~[selenium-remote-driver-4.32.0.jar:?]
	at org.openqa.selenium.remote.RemoteWebDriver.execute(RemoteWebDriver.java:622) ~[selenium-remote-driver-4.32.0.jar:?]
	at org.openqa.selenium.remote.RemoteWebDriver.getScreenshotAs(RemoteWebDriver.java:334) ~[selenium-remote-driver-4.32.0.jar:?]
	at testBase.BaseClass.captureScreen(BaseClass.java:95) ~[test-classes/:?]
	at utilities.ExtentReportManager.onTestFailure(ExtentReportManager.java:87) ~[test-classes/:?]
	at org.testng.internal.TestListenerHelper.runTestListeners(TestListenerHelper.java:115) ~[testng-7.11.0.jar:7.11.0]
	at org.testng.internal.invokers.TestInvoker.runTestResultListener(TestInvoker.java:285) ~[testng-7.11.0.jar:7.11.0]
	at org.testng.internal.invokers.TestInvoker.invokeMethod(TestInvoker.java:777) ~[testng-7.11.0.jar:7.11.0]
	at org.testng.internal.invokers.TestInvoker.retryFailed(TestInvoker.java:269) ~[testng-7.11.0.jar:7.11.0]
	at org.testng.internal.invokers.MethodRunner.runInSequence(MethodRunner.java:76) ~[testng-7.11.0.jar:7.11.0]
	at org.testng.internal.invokers.TestInvoker$MethodInvocationAgent.invoke(TestInvoker.java:995) ~[testng-7.11.0.jar:7.11.0]
	at org.testng.internal.invokers.TestInvoker.invokeTestMethods(TestInvoker.java:203) ~[testng-7.11.0.jar:7.11.0]
	at org.testng.internal.invokers.TestMethodWorker.invokeTestMethods(TestMethodWorker.java:154) ~[testng-7.11.0.jar:7.11.0]
	at org.testng.internal.invokers.TestMethodWorker.run(TestMethodWorker.java:134) ~[testng-7.11.0.jar:7.11.0]
	at java.base/java.util.ArrayList.forEach(ArrayList.java:1596) ~[?:?]
	at org.testng.TestRunner.privateRun(TestRunner.java:741) ~[testng-7.11.0.jar:7.11.0]
	at org.testng.TestRunner.run(TestRunner.java:616) ~[testng-7.11.0.jar:7.11.0]
	at org.testng.SuiteRunner.runTest(SuiteRunner.java:421) ~[testng-7.11.0.jar:7.11.0]
	at org.testng.SuiteRunner$SuiteWorker.run(SuiteRunner.java:463) ~[testng-7.11.0.jar:7.11.0]
	at org.testng.internal.thread.ThreadUtil.lambda$execute$0(ThreadUtil.java:64) ~[testng-7.11.0.jar:7.11.0]
	at java.base/java.util.concurrent.FutureTask.run(FutureTask.java:317) ~[?:?]
	at java.base/java.util.concurrent.ThreadPoolExecutor.runWorker(ThreadPoolExecutor.java:1144) ~[?:?]
	at java.base/java.util.concurrent.ThreadPoolExecutor$Worker.run(ThreadPoolExecutor.java:642) ~[?:?]
	at java.base/java.lang.Thread.run(Thread.java:1583) [?:?]
2025-05-18 10:53:15 INFO  BaseClass:84 - Browser session closed successfully
2025-05-18 10:53:56 INFO  BaseClass:36 - Initializing application on OS: windows and Browser: chrome
2025-05-18 10:53:56 DEBUG BaseClass:41 - Loaded configuration properties
2025-05-18 10:53:57 DEBUG BaseClass:48 - ChromeDriver initialized
2025-05-18 10:53:57 DEBUG BaseClass:64 - Driver assigned to thread-local storage
2025-05-18 10:53:58 INFO  BaseClass:71 - Application launched successfully: https://cloudberrystore.services/
2025-05-18 10:53:58 INFO  TC_03_AddToCart:20 - ===== Starting TC_03_AddToCart Test =====
2025-05-18 10:53:58 DEBUG TC_03_AddToCart:25 - Clicked on 'Laptops & Tablets'
2025-05-18 10:53:58 DEBUG TC_03_AddToCart:28 - Clicked on 'Show All Laptops & Tablets'
2025-05-18 10:54:00 DEBUG TC_03_AddToCart:32 - Selected a product
2025-05-18 10:54:01 DEBUG TC_03_AddToCart:36 - Set delivery date
2025-05-18 10:54:01 INFO  TC_03_AddToCart:39 - Clicked on 'Add to Cart'
2025-05-18 10:54:01 DEBUG TC_03_AddToCart:42 - Success message received: Success: You have added HP LP3065 to your shopping cart!
2025-05-18 10:54:01 INFO  TC_03_AddToCart:47 - Add to Cart verified successfully
2025-05-18 10:54:01 INFO  TC_03_AddToCart:58 - ===== TC_03_AddToCart Test Completed =====
2025-05-18 10:54:01 INFO  BaseClass:84 - Browser session closed successfully
2025-05-18 10:54:01 INFO  BaseClass:36 - Initializing application on OS: windows and Browser: chrome
2025-05-18 10:54:01 DEBUG BaseClass:41 - Loaded configuration properties
2025-05-18 10:54:02 DEBUG BaseClass:48 - ChromeDriver initialized
2025-05-18 10:54:02 DEBUG BaseClass:64 - Driver assigned to thread-local storage
2025-05-18 10:54:03 INFO  BaseClass:71 - Application launched successfully: https://cloudberrystore.services/
2025-05-18 10:54:03 DEBUG PackageRelationshipCollection:307 - Parsing relationship: /xl/_rels/workbook.xml.rels
2025-05-18 10:54:03 DEBUG PackageRelationshipCollection:307 - Parsing relationship: /xl/worksheets/_rels/sheet1.xml.rels
2025-05-18 10:54:03 DEBUG PackageRelationshipCollection:307 - Parsing relationship: /_rels/.rels
2025-05-18 10:54:03 DEBUG POIXMLFactory:65 - using default POIXMLDocumentPart for http://schemas.openxmlformats.org/officeDocument/2006/relationships/printerSettings
2025-05-18 10:54:03 DEBUG PackageRelationshipCollection:307 - Parsing relationship: /xl/_rels/workbook.xml.rels
2025-05-18 10:54:03 DEBUG PackageRelationshipCollection:307 - Parsing relationship: /xl/worksheets/_rels/sheet1.xml.rels
2025-05-18 10:54:03 DEBUG PackageRelationshipCollection:307 - Parsing relationship: /_rels/.rels
2025-05-18 10:54:03 DEBUG POIXMLFactory:65 - using default POIXMLDocumentPart for http://schemas.openxmlformats.org/officeDocument/2006/relationships/printerSettings
2025-05-18 10:54:03 DEBUG PackageRelationshipCollection:307 - Parsing relationship: /xl/_rels/workbook.xml.rels
2025-05-18 10:54:03 DEBUG PackageRelationshipCollection:307 - Parsing relationship: /xl/worksheets/_rels/sheet1.xml.rels
2025-05-18 10:54:03 DEBUG PackageRelationshipCollection:307 - Parsing relationship: /_rels/.rels
2025-05-18 10:54:03 DEBUG POIXMLFactory:65 - using default POIXMLDocumentPart for http://schemas.openxmlformats.org/officeDocument/2006/relationships/printerSettings
2025-05-18 10:54:03 DEBUG PackageRelationshipCollection:307 - Parsing relationship: /xl/_rels/workbook.xml.rels
2025-05-18 10:54:03 DEBUG PackageRelationshipCollection:307 - Parsing relationship: /xl/worksheets/_rels/sheet1.xml.rels
2025-05-18 10:54:03 DEBUG PackageRelationshipCollection:307 - Parsing relationship: /_rels/.rels
2025-05-18 10:54:03 DEBUG POIXMLFactory:65 - using default POIXMLDocumentPart for http://schemas.openxmlformats.org/officeDocument/2006/relationships/printerSettings
2025-05-18 10:54:03 DEBUG PackageRelationshipCollection:307 - Parsing relationship: /xl/_rels/workbook.xml.rels
2025-05-18 10:54:03 DEBUG PackageRelationshipCollection:307 - Parsing relationship: /xl/worksheets/_rels/sheet1.xml.rels
2025-05-18 10:54:03 DEBUG PackageRelationshipCollection:307 - Parsing relationship: /_rels/.rels
2025-05-18 10:54:03 DEBUG POIXMLFactory:65 - using default POIXMLDocumentPart for http://schemas.openxmlformats.org/officeDocument/2006/relationships/printerSettings
2025-05-18 10:54:03 DEBUG PackageRelationshipCollection:307 - Parsing relationship: /xl/_rels/workbook.xml.rels
2025-05-18 10:54:03 DEBUG PackageRelationshipCollection:307 - Parsing relationship: /xl/worksheets/_rels/sheet1.xml.rels
2025-05-18 10:54:03 DEBUG PackageRelationshipCollection:307 - Parsing relationship: /_rels/.rels
2025-05-18 10:54:03 DEBUG POIXMLFactory:65 - using default POIXMLDocumentPart for http://schemas.openxmlformats.org/officeDocument/2006/relationships/printerSettings
2025-05-18 10:54:03 DEBUG PackageRelationshipCollection:307 - Parsing relationship: /xl/_rels/workbook.xml.rels
2025-05-18 10:54:03 DEBUG PackageRelationshipCollection:307 - Parsing relationship: /xl/worksheets/_rels/sheet1.xml.rels
2025-05-18 10:54:03 DEBUG PackageRelationshipCollection:307 - Parsing relationship: /_rels/.rels
2025-05-18 10:54:03 DEBUG POIXMLFactory:65 - using default POIXMLDocumentPart for http://schemas.openxmlformats.org/officeDocument/2006/relationships/printerSettings
2025-05-18 10:54:03 DEBUG PackageRelationshipCollection:307 - Parsing relationship: /xl/_rels/workbook.xml.rels
2025-05-18 10:54:03 DEBUG PackageRelationshipCollection:307 - Parsing relationship: /xl/worksheets/_rels/sheet1.xml.rels
2025-05-18 10:54:03 DEBUG PackageRelationshipCollection:307 - Parsing relationship: /_rels/.rels
2025-05-18 10:54:03 DEBUG POIXMLFactory:65 - using default POIXMLDocumentPart for http://schemas.openxmlformats.org/officeDocument/2006/relationships/printerSettings
2025-05-18 10:54:03 DEBUG PackageRelationshipCollection:307 - Parsing relationship: /xl/_rels/workbook.xml.rels
2025-05-18 10:54:03 DEBUG PackageRelationshipCollection:307 - Parsing relationship: /xl/worksheets/_rels/sheet1.xml.rels
2025-05-18 10:54:03 DEBUG PackageRelationshipCollection:307 - Parsing relationship: /_rels/.rels
2025-05-18 10:54:03 DEBUG POIXMLFactory:65 - using default POIXMLDocumentPart for http://schemas.openxmlformats.org/officeDocument/2006/relationships/printerSettings
2025-05-18 10:54:03 DEBUG PackageRelationshipCollection:307 - Parsing relationship: /xl/_rels/workbook.xml.rels
2025-05-18 10:54:03 DEBUG PackageRelationshipCollection:307 - Parsing relationship: /xl/worksheets/_rels/sheet1.xml.rels
2025-05-18 10:54:03 DEBUG PackageRelationshipCollection:307 - Parsing relationship: /_rels/.rels
2025-05-18 10:54:03 DEBUG POIXMLFactory:65 - using default POIXMLDocumentPart for http://schemas.openxmlformats.org/officeDocument/2006/relationships/printerSettings
2025-05-18 10:54:03 DEBUG PackageRelationshipCollection:307 - Parsing relationship: /xl/_rels/workbook.xml.rels
2025-05-18 10:54:03 DEBUG PackageRelationshipCollection:307 - Parsing relationship: /xl/worksheets/_rels/sheet1.xml.rels
2025-05-18 10:54:03 DEBUG PackageRelationshipCollection:307 - Parsing relationship: /_rels/.rels
2025-05-18 10:54:03 DEBUG POIXMLFactory:65 - using default POIXMLDocumentPart for http://schemas.openxmlformats.org/officeDocument/2006/relationships/printerSettings
2025-05-18 10:54:03 DEBUG PackageRelationshipCollection:307 - Parsing relationship: /xl/_rels/workbook.xml.rels
2025-05-18 10:54:03 DEBUG PackageRelationshipCollection:307 - Parsing relationship: /xl/worksheets/_rels/sheet1.xml.rels
2025-05-18 10:54:03 DEBUG PackageRelationshipCollection:307 - Parsing relationship: /_rels/.rels
2025-05-18 10:54:03 DEBUG POIXMLFactory:65 - using default POIXMLDocumentPart for http://schemas.openxmlformats.org/officeDocument/2006/relationships/printerSettings
2025-05-18 10:54:03 INFO  TC_02_Login:25 - ===== Starting TC02_Login Test for user: smitasharma.qa@gmail.com =====
2025-05-18 10:54:03 DEBUG TC_02_Login:30 - Clicked 'My Account'
2025-05-18 10:54:04 DEBUG TC_02_Login:33 - Navigated to Login page
2025-05-18 10:54:04 DEBUG TC_02_Login:37 - Entered email: smitasharma.qa@gmail.com
2025-05-18 10:54:04 DEBUG TC_02_Login:40 - Entered password
2025-05-18 10:54:04 INFO  TC_02_Login:43 - Clicked on login
2025-05-18 10:54:04 DEBUG TC_02_Login:47 - Login status: true
2025-05-18 10:54:04 INFO  TC_02_Login:50 - Login successful for user: smitasharma.qa@gmail.com
2025-05-18 10:54:04 INFO  TC_02_Login:53 - User logged out successfully
2025-05-18 10:54:04 INFO  TC_02_Login:67 - ===== Completed TC02_Login Test for user: smitasharma.qa@gmail.com =====
2025-05-18 10:54:04 INFO  TC_02_Login:25 - ===== Starting TC02_Login Test for user: nona@yahoo.com =====
2025-05-18 10:54:05 DEBUG TC_02_Login:30 - Clicked 'My Account'
2025-05-18 10:54:05 DEBUG TC_02_Login:33 - Navigated to Login page
2025-05-18 10:54:05 DEBUG TC_02_Login:37 - Entered email: nona@yahoo.com
2025-05-18 10:54:05 DEBUG TC_02_Login:40 - Entered password
2025-05-18 10:54:05 INFO  TC_02_Login:43 - Clicked on login
2025-05-18 10:54:05 DEBUG TC_02_Login:47 - Login status: true
2025-05-18 10:54:05 INFO  TC_02_Login:50 - Login successful for user: nona@yahoo.com
2025-05-18 10:54:05 INFO  TC_02_Login:53 - User logged out successfully
2025-05-18 10:54:05 INFO  TC_02_Login:67 - ===== Completed TC02_Login Test for user: nona@yahoo.com =====
2025-05-18 10:54:05 INFO  TC_02_Login:25 - ===== Starting TC02_Login Test for user: sid@cloudberry.services =====
2025-05-18 10:54:05 DEBUG TC_02_Login:30 - Clicked 'My Account'
2025-05-18 10:54:06 DEBUG TC_02_Login:33 - Navigated to Login page
2025-05-18 10:54:06 DEBUG TC_02_Login:37 - Entered email: sid@cloudberry.services
2025-05-18 10:54:06 DEBUG TC_02_Login:40 - Entered password
2025-05-18 10:54:06 INFO  TC_02_Login:43 - Clicked on login
2025-05-18 10:54:06 DEBUG TC_02_Login:47 - Login status: true
2025-05-18 10:54:06 INFO  TC_02_Login:50 - Login successful for user: sid@cloudberry.services
2025-05-18 10:54:06 INFO  TC_02_Login:53 - User logged out successfully
2025-05-18 10:54:06 INFO  TC_02_Login:67 - ===== Completed TC02_Login Test for user: sid@cloudberry.services =====
2025-05-18 10:54:06 INFO  TC_02_Login:25 - ===== Starting TC02_Login Test for user: apushedwoman@gmail.com =====
2025-05-18 10:54:06 DEBUG TC_02_Login:30 - Clicked 'My Account'
2025-05-18 10:54:07 DEBUG TC_02_Login:33 - Navigated to Login page
2025-05-18 10:54:07 DEBUG TC_02_Login:37 - Entered email: apushedwoman@gmail.com
2025-05-18 10:54:07 DEBUG TC_02_Login:40 - Entered password
2025-05-18 10:54:07 INFO  TC_02_Login:43 - Clicked on login
2025-05-18 10:54:07 DEBUG TC_02_Login:47 - Login status: true
2025-05-18 10:54:07 INFO  TC_02_Login:50 - Login successful for user: apushedwoman@gmail.com
2025-05-18 10:54:07 INFO  TC_02_Login:53 - User logged out successfully
2025-05-18 10:54:07 INFO  TC_02_Login:67 - ===== Completed TC02_Login Test for user: apushedwoman@gmail.com =====
2025-05-18 10:54:07 INFO  TC_02_Login:25 - ===== Starting TC02_Login Test for user: hichamkhachiai@gmail.com =====
2025-05-18 10:54:07 DEBUG TC_02_Login:30 - Clicked 'My Account'
2025-05-18 10:54:07 DEBUG TC_02_Login:33 - Navigated to Login page
2025-05-18 10:54:08 DEBUG TC_02_Login:37 - Entered email: hichamkhachiai@gmail.com
2025-05-18 10:54:08 DEBUG TC_02_Login:40 - Entered password
2025-05-18 10:54:08 INFO  TC_02_Login:43 - Clicked on login
2025-05-18 10:54:08 DEBUG TC_02_Login:47 - Login status: true
2025-05-18 10:54:08 INFO  TC_02_Login:50 - Login successful for user: hichamkhachiai@gmail.com
2025-05-18 10:54:08 INFO  TC_02_Login:53 - User logged out successfully
2025-05-18 10:54:08 INFO  TC_02_Login:67 - ===== Completed TC02_Login Test for user: hichamkhachiai@gmail.com =====
2025-05-18 10:54:08 INFO  BaseClass:84 - Browser session closed successfully
2025-05-18 10:54:08 INFO  BaseClass:36 - Initializing application on OS: windows and Browser: chrome
2025-05-18 10:54:08 DEBUG BaseClass:41 - Loaded configuration properties
2025-05-18 10:54:09 DEBUG BaseClass:48 - ChromeDriver initialized
2025-05-18 10:54:09 DEBUG BaseClass:64 - Driver assigned to thread-local storage
2025-05-18 10:54:10 INFO  BaseClass:71 - Application launched successfully: https://cloudberrystore.services/
2025-05-18 10:54:10 INFO  TC_01_LaunchApplication:19 - Starting test: TC01_LaunchApplication
2025-05-18 10:54:10 DEBUG TC_01_LaunchApplication:23 - HomePage object initialized
2025-05-18 10:54:10 DEBUG TC_01_LaunchApplication:26 - Page title retrieved: Your store of fun
2025-05-18 10:54:10 INFO  TC_01_LaunchApplication:29 - Page title assertion passed
2025-05-18 10:54:10 INFO  TC_01_LaunchApplication:39 - Test completed: TC01_LaunchApplication
2025-05-18 10:54:10 INFO  BaseClass:84 - Browser session closed successfully
2025-05-18 10:54:10 INFO  BaseClass:36 - Initializing application on OS: windows and Browser: chrome
2025-05-18 10:54:10 DEBUG BaseClass:41 - Loaded configuration properties
2025-05-18 10:54:11 DEBUG BaseClass:48 - ChromeDriver initialized
2025-05-18 10:54:11 DEBUG BaseClass:64 - Driver assigned to thread-local storage
2025-05-18 10:54:12 INFO  BaseClass:71 - Application launched successfully: https://cloudberrystore.services/
2025-05-18 10:54:12 INFO  TC_04_CompletePurchase:23 - ===== Starting TC_04_CompletePurchase Test =====
2025-05-18 10:54:12 DEBUG TC_04_CompletePurchase:28 - Clicked on 'Laptops & Tablets'
2025-05-18 10:54:13 DEBUG TC_04_CompletePurchase:31 - Clicked on 'Show All Laptops & Tablets'
2025-05-18 10:54:14 DEBUG TC_04_CompletePurchase:35 - Selected product
2025-05-18 10:54:15 DEBUG TC_04_CompletePurchase:39 - Changed delivery date
2025-05-18 10:54:15 INFO  TC_04_CompletePurchase:42 - Clicked on 'Add to Cart'
2025-05-18 10:54:16 INFO  TC_04_CompletePurchase:45 - Proceeded to Checkout
2025-05-18 10:54:17 DEBUG TC_04_CompletePurchase:49 - Clicked on Login link
2025-05-18 10:54:17 INFO  TC_04_CompletePurchase:55 - Logged in with provided credentials
2025-05-18 10:54:17 DEBUG TC_04_CompletePurchase:59 - Selected shipping address
2025-05-18 10:54:18 DEBUG TC_04_CompletePurchase:62 - Filled shipping and payment details
2025-05-18 10:54:18 INFO  TC_04_CompletePurchase:65 - Order confirmed
2025-05-18 10:54:19 DEBUG TC_04_CompletePurchase:68 - Order confirmation status: true
2025-05-18 10:54:19 INFO  TC_04_CompletePurchase:81 - ===== TC_04_CompletePurchase Test Completed =====
2025-05-18 10:54:19 INFO  BaseClass:84 - Browser session closed successfully
2025-05-18 10:54:19 INFO  BaseClass:36 - Initializing application on OS: windows and Browser: chrome
2025-05-18 10:54:19 DEBUG BaseClass:41 - Loaded configuration properties
2025-05-18 10:54:20 DEBUG BaseClass:48 - ChromeDriver initialized
2025-05-18 10:54:20 DEBUG BaseClass:64 - Driver assigned to thread-local storage
2025-05-18 10:54:21 INFO  BaseClass:71 - Application launched successfully: https://cloudberrystore.services/
2025-05-18 10:54:21 INFO  TC_05_AddToWishList:21 - ===== Starting TC_05_AddToWishList Test =====
2025-05-18 10:54:21 DEBUG TC_05_AddToWishList:26 - Clicked on My Account
2025-05-18 10:54:21 DEBUG TC_05_AddToWishList:29 - Navigated to Login page
2025-05-18 10:54:21 INFO  TC_05_AddToWishList:35 - Logged in with provided credentials
2025-05-18 10:54:22 DEBUG TC_05_AddToWishList:38 - Clicked on OpenCart logo to go to homepage
2025-05-18 10:54:22 DEBUG TC_05_AddToWishList:42 - Navigated to Laptops & Tablets section
2025-05-18 10:54:23 DEBUG TC_05_AddToWishList:46 - Selected product from list
2025-05-18 10:54:23 INFO  TC_05_AddToWishList:50 - Clicked on Add to Wishlist
2025-05-18 10:54:58 ERROR TC_05_AddToWishList:63 - Unexpected error during Wishlist test
org.openqa.selenium.NoSuchSessionException: invalid session id: session deleted as the browser has closed the connection
from disconnected: unable to send message to renderer
  (Session info: chrome=136.0.7103.93)
Build info: version: '4.32.0', revision: 'd17c8aa950'
System info: os.name: 'Windows 11', os.arch: 'amd64', os.version: '10.0', java.version: '21.0.7'
Driver info: org.openqa.selenium.chrome.ChromeDriver
Command: [a8a9cd8ad20a634d945f8076bd8512a8, findElement {using=xpath, value=//div[@class='alert alert-success alert-dismissible']}]
Capabilities {acceptInsecureCerts: false, browserName: chrome, browserVersion: 136.0.7103.93, chrome: {chromedriverVersion: 136.0.7103.94 (fa0be0b33deb..., userDataDir: C:\WINDOWS\SystemTemp\scope...}, fedcm:accounts: true, goog:chromeOptions: {debuggerAddress: localhost:49340}, networkConnectionEnabled: false, pageLoadStrategy: normal, platformName: windows, proxy: Proxy(), se:cdp: ws://localhost:49340/devtoo..., se:cdpVersion: 136.0.7103.93, setWindowRect: true, strictFileInteractability: false, timeouts: {implicit: 0, pageLoad: 300000, script: 30000}, unhandledPromptBehavior: dismiss and notify, webauthn:extension:credBlob: true, webauthn:extension:largeBlob: true, webauthn:extension:minPinLength: true, webauthn:extension:prf: true, webauthn:virtualAuthenticators: true}
Session ID: a8a9cd8ad20a634d945f8076bd8512a8
	at java.base/jdk.internal.reflect.DirectConstructorHandleAccessor.newInstance(DirectConstructorHandleAccessor.java:62) ~[?:?]
	at java.base/java.lang.reflect.Constructor.newInstanceWithCaller(Constructor.java:502) ~[?:?]
	at java.base/java.lang.reflect.Constructor.newInstance(Constructor.java:486) ~[?:?]
	at org.openqa.selenium.remote.ErrorCodec.decode(ErrorCodec.java:167) ~[selenium-remote-driver-4.32.0.jar:?]
	at org.openqa.selenium.remote.codec.w3c.W3CHttpResponseCodec.decode(W3CHttpResponseCodec.java:138) ~[selenium-remote-driver-4.32.0.jar:?]
	at org.openqa.selenium.remote.codec.w3c.W3CHttpResponseCodec.decode(W3CHttpResponseCodec.java:50) ~[selenium-remote-driver-4.32.0.jar:?]
	at org.openqa.selenium.remote.HttpCommandExecutor.execute(HttpCommandExecutor.java:215) ~[selenium-remote-driver-4.32.0.jar:?]
	at org.openqa.selenium.remote.service.DriverCommandExecutor.invokeExecute(DriverCommandExecutor.java:216) ~[selenium-remote-driver-4.32.0.jar:?]
	at org.openqa.selenium.remote.service.DriverCommandExecutor.execute(DriverCommandExecutor.java:174) ~[selenium-remote-driver-4.32.0.jar:?]
	at org.openqa.selenium.remote.RemoteWebDriver.execute(RemoteWebDriver.java:545) ~[selenium-remote-driver-4.32.0.jar:?]
	at org.openqa.selenium.remote.ElementLocation$ElementFinder$2.findElement(ElementLocation.java:165) ~[selenium-remote-driver-4.32.0.jar:?]
	at org.openqa.selenium.remote.ElementLocation.findElement(ElementLocation.java:59) ~[selenium-remote-driver-4.32.0.jar:?]
	at org.openqa.selenium.remote.RemoteWebDriver.findElement(RemoteWebDriver.java:368) ~[selenium-remote-driver-4.32.0.jar:?]
	at org.openqa.selenium.remote.RemoteWebDriver.findElement(RemoteWebDriver.java:362) ~[selenium-remote-driver-4.32.0.jar:?]
	at org.openqa.selenium.support.pagefactory.DefaultElementLocator.findElement(DefaultElementLocator.java:68) ~[selenium-support-4.32.0.jar:?]
	at org.openqa.selenium.support.pagefactory.internal.LocatingElementHandler.invoke(LocatingElementHandler.java:38) ~[selenium-support-4.32.0.jar:?]
	at jdk.proxy2/jdk.proxy2.$Proxy30.getText(Unknown Source) ~[?:?]
	at testCases.TC_05_AddToWishList.addToWishList(TC_05_AddToWishList.java:52) ~[test-classes/:?]
	at java.base/jdk.internal.reflect.DirectMethodHandleAccessor.invoke(DirectMethodHandleAccessor.java:103) ~[?:?]
	at java.base/java.lang.reflect.Method.invoke(Method.java:580) ~[?:?]
	at org.testng.internal.invokers.MethodInvocationHelper.invokeMethod(MethodInvocationHelper.java:141) ~[testng-7.11.0.jar:7.11.0]
	at org.testng.internal.invokers.TestInvoker.invokeMethod(TestInvoker.java:687) ~[testng-7.11.0.jar:7.11.0]
	at org.testng.internal.invokers.TestInvoker.invokeTestMethod(TestInvoker.java:230) ~[testng-7.11.0.jar:7.11.0]
	at org.testng.internal.invokers.MethodRunner.runInSequence(MethodRunner.java:63) ~[testng-7.11.0.jar:7.11.0]
	at org.testng.internal.invokers.TestInvoker$MethodInvocationAgent.invoke(TestInvoker.java:995) ~[testng-7.11.0.jar:7.11.0]
	at org.testng.internal.invokers.TestInvoker.invokeTestMethods(TestInvoker.java:203) ~[testng-7.11.0.jar:7.11.0]
	at org.testng.internal.invokers.TestMethodWorker.invokeTestMethods(TestMethodWorker.java:154) ~[testng-7.11.0.jar:7.11.0]
	at org.testng.internal.invokers.TestMethodWorker.run(TestMethodWorker.java:134) ~[testng-7.11.0.jar:7.11.0]
	at java.base/java.util.ArrayList.forEach(ArrayList.java:1596) ~[?:?]
	at org.testng.TestRunner.privateRun(TestRunner.java:741) ~[testng-7.11.0.jar:7.11.0]
	at org.testng.TestRunner.run(TestRunner.java:616) ~[testng-7.11.0.jar:7.11.0]
	at org.testng.SuiteRunner.runTest(SuiteRunner.java:421) ~[testng-7.11.0.jar:7.11.0]
	at org.testng.SuiteRunner$SuiteWorker.run(SuiteRunner.java:463) ~[testng-7.11.0.jar:7.11.0]
	at org.testng.internal.thread.ThreadUtil.lambda$execute$0(ThreadUtil.java:64) ~[testng-7.11.0.jar:7.11.0]
	at java.base/java.util.concurrent.FutureTask.run(FutureTask.java:317) ~[?:?]
	at java.base/java.util.concurrent.ThreadPoolExecutor.runWorker(ThreadPoolExecutor.java:1144) ~[?:?]
	at java.base/java.util.concurrent.ThreadPoolExecutor$Worker.run(ThreadPoolExecutor.java:642) ~[?:?]
	at java.base/java.lang.Thread.run(Thread.java:1583) [?:?]
2025-05-18 10:54:58 WARN  RetryAnalyzer:18 - Retrying test 'addToWishList' (1 of 2)
2025-05-18 10:54:58 INFO  TC_05_AddToWishList:21 - ===== Starting TC_05_AddToWishList Test =====
2025-05-18 10:54:58 ERROR TC_05_AddToWishList:63 - Unexpected error during Wishlist test
org.openqa.selenium.NoSuchSessionException: invalid session id
Build info: version: '4.32.0', revision: 'd17c8aa950'
System info: os.name: 'Windows 11', os.arch: 'amd64', os.version: '10.0', java.version: '21.0.7'
Driver info: org.openqa.selenium.chrome.ChromeDriver
Command: [a8a9cd8ad20a634d945f8076bd8512a8, findElement {using=xpath, value=//i[@class='fa-solid fa-user']}]
Capabilities {acceptInsecureCerts: false, browserName: chrome, browserVersion: 136.0.7103.93, chrome: {chromedriverVersion: 136.0.7103.94 (fa0be0b33deb..., userDataDir: C:\WINDOWS\SystemTemp\scope...}, fedcm:accounts: true, goog:chromeOptions: {debuggerAddress: localhost:49340}, networkConnectionEnabled: false, pageLoadStrategy: normal, platformName: windows, proxy: Proxy(), se:cdp: ws://localhost:49340/devtoo..., se:cdpVersion: 136.0.7103.93, setWindowRect: true, strictFileInteractability: false, timeouts: {implicit: 0, pageLoad: 300000, script: 30000}, unhandledPromptBehavior: dismiss and notify, webauthn:extension:credBlob: true, webauthn:extension:largeBlob: true, webauthn:extension:minPinLength: true, webauthn:extension:prf: true, webauthn:virtualAuthenticators: true}
Session ID: a8a9cd8ad20a634d945f8076bd8512a8
	at java.base/jdk.internal.reflect.DirectConstructorHandleAccessor.newInstance(DirectConstructorHandleAccessor.java:62) ~[?:?]
	at java.base/java.lang.reflect.Constructor.newInstanceWithCaller(Constructor.java:502) ~[?:?]
	at java.base/java.lang.reflect.Constructor.newInstance(Constructor.java:486) ~[?:?]
	at org.openqa.selenium.remote.ErrorCodec.decode(ErrorCodec.java:167) ~[selenium-remote-driver-4.32.0.jar:?]
	at org.openqa.selenium.remote.codec.w3c.W3CHttpResponseCodec.decode(W3CHttpResponseCodec.java:138) ~[selenium-remote-driver-4.32.0.jar:?]
	at org.openqa.selenium.remote.codec.w3c.W3CHttpResponseCodec.decode(W3CHttpResponseCodec.java:50) ~[selenium-remote-driver-4.32.0.jar:?]
	at org.openqa.selenium.remote.HttpCommandExecutor.execute(HttpCommandExecutor.java:215) ~[selenium-remote-driver-4.32.0.jar:?]
	at org.openqa.selenium.remote.service.DriverCommandExecutor.invokeExecute(DriverCommandExecutor.java:216) ~[selenium-remote-driver-4.32.0.jar:?]
	at org.openqa.selenium.remote.service.DriverCommandExecutor.execute(DriverCommandExecutor.java:174) ~[selenium-remote-driver-4.32.0.jar:?]
	at org.openqa.selenium.remote.RemoteWebDriver.execute(RemoteWebDriver.java:545) ~[selenium-remote-driver-4.32.0.jar:?]
	at org.openqa.selenium.remote.ElementLocation$ElementFinder$2.findElement(ElementLocation.java:165) ~[selenium-remote-driver-4.32.0.jar:?]
	at org.openqa.selenium.remote.ElementLocation.findElement(ElementLocation.java:59) ~[selenium-remote-driver-4.32.0.jar:?]
	at org.openqa.selenium.remote.RemoteWebDriver.findElement(RemoteWebDriver.java:368) ~[selenium-remote-driver-4.32.0.jar:?]
	at org.openqa.selenium.remote.RemoteWebDriver.findElement(RemoteWebDriver.java:362) ~[selenium-remote-driver-4.32.0.jar:?]
	at org.openqa.selenium.support.pagefactory.DefaultElementLocator.findElement(DefaultElementLocator.java:68) ~[selenium-support-4.32.0.jar:?]
	at org.openqa.selenium.support.pagefactory.internal.LocatingElementHandler.invoke(LocatingElementHandler.java:38) ~[selenium-support-4.32.0.jar:?]
	at jdk.proxy2/jdk.proxy2.$Proxy30.click(Unknown Source) ~[?:?]
	at pageObjects.HomePage.clickMyAccount(HomePage.java:31) ~[test-classes/:?]
	at testCases.TC_05_AddToWishList.addToWishList(TC_05_AddToWishList.java:25) ~[test-classes/:?]
	at java.base/jdk.internal.reflect.DirectMethodHandleAccessor.invoke(DirectMethodHandleAccessor.java:103) ~[?:?]
	at java.base/java.lang.reflect.Method.invoke(Method.java:580) ~[?:?]
	at org.testng.internal.invokers.MethodInvocationHelper.invokeMethod(MethodInvocationHelper.java:141) ~[testng-7.11.0.jar:7.11.0]
	at org.testng.internal.invokers.TestInvoker.invokeMethod(TestInvoker.java:687) ~[testng-7.11.0.jar:7.11.0]
	at org.testng.internal.invokers.TestInvoker.retryFailed(TestInvoker.java:269) ~[testng-7.11.0.jar:7.11.0]
	at org.testng.internal.invokers.MethodRunner.runInSequence(MethodRunner.java:76) ~[testng-7.11.0.jar:7.11.0]
	at org.testng.internal.invokers.TestInvoker$MethodInvocationAgent.invoke(TestInvoker.java:995) ~[testng-7.11.0.jar:7.11.0]
	at org.testng.internal.invokers.TestInvoker.invokeTestMethods(TestInvoker.java:203) ~[testng-7.11.0.jar:7.11.0]
	at org.testng.internal.invokers.TestMethodWorker.invokeTestMethods(TestMethodWorker.java:154) ~[testng-7.11.0.jar:7.11.0]
	at org.testng.internal.invokers.TestMethodWorker.run(TestMethodWorker.java:134) ~[testng-7.11.0.jar:7.11.0]
	at java.base/java.util.ArrayList.forEach(ArrayList.java:1596) ~[?:?]
	at org.testng.TestRunner.privateRun(TestRunner.java:741) ~[testng-7.11.0.jar:7.11.0]
	at org.testng.TestRunner.run(TestRunner.java:616) ~[testng-7.11.0.jar:7.11.0]
	at org.testng.SuiteRunner.runTest(SuiteRunner.java:421) ~[testng-7.11.0.jar:7.11.0]
	at org.testng.SuiteRunner$SuiteWorker.run(SuiteRunner.java:463) ~[testng-7.11.0.jar:7.11.0]
	at org.testng.internal.thread.ThreadUtil.lambda$execute$0(ThreadUtil.java:64) ~[testng-7.11.0.jar:7.11.0]
	at java.base/java.util.concurrent.FutureTask.run(FutureTask.java:317) ~[?:?]
	at java.base/java.util.concurrent.ThreadPoolExecutor.runWorker(ThreadPoolExecutor.java:1144) ~[?:?]
	at java.base/java.util.concurrent.ThreadPoolExecutor$Worker.run(ThreadPoolExecutor.java:642) ~[?:?]
	at java.base/java.lang.Thread.run(Thread.java:1583) [?:?]
2025-05-18 10:54:58 WARN  RetryAnalyzer:18 - Retrying test 'addToWishList' (2 of 2)
2025-05-18 10:54:58 INFO  TC_05_AddToWishList:21 - ===== Starting TC_05_AddToWishList Test =====
2025-05-18 10:54:58 ERROR TC_05_AddToWishList:63 - Unexpected error during Wishlist test
org.openqa.selenium.NoSuchSessionException: invalid session id
Build info: version: '4.32.0', revision: 'd17c8aa950'
System info: os.name: 'Windows 11', os.arch: 'amd64', os.version: '10.0', java.version: '21.0.7'
Driver info: org.openqa.selenium.chrome.ChromeDriver
Command: [a8a9cd8ad20a634d945f8076bd8512a8, findElement {using=xpath, value=//i[@class='fa-solid fa-user']}]
Capabilities {acceptInsecureCerts: false, browserName: chrome, browserVersion: 136.0.7103.93, chrome: {chromedriverVersion: 136.0.7103.94 (fa0be0b33deb..., userDataDir: C:\WINDOWS\SystemTemp\scope...}, fedcm:accounts: true, goog:chromeOptions: {debuggerAddress: localhost:49340}, networkConnectionEnabled: false, pageLoadStrategy: normal, platformName: windows, proxy: Proxy(), se:cdp: ws://localhost:49340/devtoo..., se:cdpVersion: 136.0.7103.93, setWindowRect: true, strictFileInteractability: false, timeouts: {implicit: 0, pageLoad: 300000, script: 30000}, unhandledPromptBehavior: dismiss and notify, webauthn:extension:credBlob: true, webauthn:extension:largeBlob: true, webauthn:extension:minPinLength: true, webauthn:extension:prf: true, webauthn:virtualAuthenticators: true}
Session ID: a8a9cd8ad20a634d945f8076bd8512a8
	at java.base/jdk.internal.reflect.DirectConstructorHandleAccessor.newInstance(DirectConstructorHandleAccessor.java:62) ~[?:?]
	at java.base/java.lang.reflect.Constructor.newInstanceWithCaller(Constructor.java:502) ~[?:?]
	at java.base/java.lang.reflect.Constructor.newInstance(Constructor.java:486) ~[?:?]
	at org.openqa.selenium.remote.ErrorCodec.decode(ErrorCodec.java:167) ~[selenium-remote-driver-4.32.0.jar:?]
	at org.openqa.selenium.remote.codec.w3c.W3CHttpResponseCodec.decode(W3CHttpResponseCodec.java:138) ~[selenium-remote-driver-4.32.0.jar:?]
	at org.openqa.selenium.remote.codec.w3c.W3CHttpResponseCodec.decode(W3CHttpResponseCodec.java:50) ~[selenium-remote-driver-4.32.0.jar:?]
	at org.openqa.selenium.remote.HttpCommandExecutor.execute(HttpCommandExecutor.java:215) ~[selenium-remote-driver-4.32.0.jar:?]
	at org.openqa.selenium.remote.service.DriverCommandExecutor.invokeExecute(DriverCommandExecutor.java:216) ~[selenium-remote-driver-4.32.0.jar:?]
	at org.openqa.selenium.remote.service.DriverCommandExecutor.execute(DriverCommandExecutor.java:174) ~[selenium-remote-driver-4.32.0.jar:?]
	at org.openqa.selenium.remote.RemoteWebDriver.execute(RemoteWebDriver.java:545) ~[selenium-remote-driver-4.32.0.jar:?]
	at org.openqa.selenium.remote.ElementLocation$ElementFinder$2.findElement(ElementLocation.java:165) ~[selenium-remote-driver-4.32.0.jar:?]
	at org.openqa.selenium.remote.ElementLocation.findElement(ElementLocation.java:59) ~[selenium-remote-driver-4.32.0.jar:?]
	at org.openqa.selenium.remote.RemoteWebDriver.findElement(RemoteWebDriver.java:368) ~[selenium-remote-driver-4.32.0.jar:?]
	at org.openqa.selenium.remote.RemoteWebDriver.findElement(RemoteWebDriver.java:362) ~[selenium-remote-driver-4.32.0.jar:?]
	at org.openqa.selenium.support.pagefactory.DefaultElementLocator.findElement(DefaultElementLocator.java:68) ~[selenium-support-4.32.0.jar:?]
	at org.openqa.selenium.support.pagefactory.internal.LocatingElementHandler.invoke(LocatingElementHandler.java:38) ~[selenium-support-4.32.0.jar:?]
	at jdk.proxy2/jdk.proxy2.$Proxy30.click(Unknown Source) ~[?:?]
	at pageObjects.HomePage.clickMyAccount(HomePage.java:31) ~[test-classes/:?]
	at testCases.TC_05_AddToWishList.addToWishList(TC_05_AddToWishList.java:25) ~[test-classes/:?]
	at java.base/jdk.internal.reflect.DirectMethodHandleAccessor.invoke(DirectMethodHandleAccessor.java:103) ~[?:?]
	at java.base/java.lang.reflect.Method.invoke(Method.java:580) ~[?:?]
	at org.testng.internal.invokers.MethodInvocationHelper.invokeMethod(MethodInvocationHelper.java:141) ~[testng-7.11.0.jar:7.11.0]
	at org.testng.internal.invokers.TestInvoker.invokeMethod(TestInvoker.java:687) ~[testng-7.11.0.jar:7.11.0]
	at org.testng.internal.invokers.TestInvoker.retryFailed(TestInvoker.java:269) ~[testng-7.11.0.jar:7.11.0]
	at org.testng.internal.invokers.MethodRunner.runInSequence(MethodRunner.java:76) ~[testng-7.11.0.jar:7.11.0]
	at org.testng.internal.invokers.TestInvoker$MethodInvocationAgent.invoke(TestInvoker.java:995) ~[testng-7.11.0.jar:7.11.0]
	at org.testng.internal.invokers.TestInvoker.invokeTestMethods(TestInvoker.java:203) ~[testng-7.11.0.jar:7.11.0]
	at org.testng.internal.invokers.TestMethodWorker.invokeTestMethods(TestMethodWorker.java:154) ~[testng-7.11.0.jar:7.11.0]
	at org.testng.internal.invokers.TestMethodWorker.run(TestMethodWorker.java:134) ~[testng-7.11.0.jar:7.11.0]
	at java.base/java.util.ArrayList.forEach(ArrayList.java:1596) ~[?:?]
	at org.testng.TestRunner.privateRun(TestRunner.java:741) ~[testng-7.11.0.jar:7.11.0]
	at org.testng.TestRunner.run(TestRunner.java:616) ~[testng-7.11.0.jar:7.11.0]
	at org.testng.SuiteRunner.runTest(SuiteRunner.java:421) ~[testng-7.11.0.jar:7.11.0]
	at org.testng.SuiteRunner$SuiteWorker.run(SuiteRunner.java:463) ~[testng-7.11.0.jar:7.11.0]
	at org.testng.internal.thread.ThreadUtil.lambda$execute$0(ThreadUtil.java:64) ~[testng-7.11.0.jar:7.11.0]
	at java.base/java.util.concurrent.FutureTask.run(FutureTask.java:317) ~[?:?]
	at java.base/java.util.concurrent.ThreadPoolExecutor.runWorker(ThreadPoolExecutor.java:1144) ~[?:?]
	at java.base/java.util.concurrent.ThreadPoolExecutor$Worker.run(ThreadPoolExecutor.java:642) ~[?:?]
	at java.base/java.lang.Thread.run(Thread.java:1583) [?:?]
2025-05-18 10:54:58 ERROR BaseClass:105 - Failed to capture screenshot for test: addToWishList
org.openqa.selenium.NoSuchSessionException: invalid session id
Build info: version: '4.32.0', revision: 'd17c8aa950'
System info: os.name: 'Windows 11', os.arch: 'amd64', os.version: '10.0', java.version: '21.0.7'
Driver info: org.openqa.selenium.chrome.ChromeDriver
Command: [a8a9cd8ad20a634d945f8076bd8512a8, screenshot {}]
Capabilities {acceptInsecureCerts: false, browserName: chrome, browserVersion: 136.0.7103.93, chrome: {chromedriverVersion: 136.0.7103.94 (fa0be0b33deb..., userDataDir: C:\WINDOWS\SystemTemp\scope...}, fedcm:accounts: true, goog:chromeOptions: {debuggerAddress: localhost:49340}, networkConnectionEnabled: false, pageLoadStrategy: normal, platformName: windows, proxy: Proxy(), se:cdp: ws://localhost:49340/devtoo..., se:cdpVersion: 136.0.7103.93, setWindowRect: true, strictFileInteractability: false, timeouts: {implicit: 0, pageLoad: 300000, script: 30000}, unhandledPromptBehavior: dismiss and notify, webauthn:extension:credBlob: true, webauthn:extension:largeBlob: true, webauthn:extension:minPinLength: true, webauthn:extension:prf: true, webauthn:virtualAuthenticators: true}
Session ID: a8a9cd8ad20a634d945f8076bd8512a8
	at java.base/jdk.internal.reflect.DirectConstructorHandleAccessor.newInstance(DirectConstructorHandleAccessor.java:62) ~[?:?]
	at java.base/java.lang.reflect.Constructor.newInstanceWithCaller(Constructor.java:502) ~[?:?]
	at java.base/java.lang.reflect.Constructor.newInstance(Constructor.java:486) ~[?:?]
	at org.openqa.selenium.remote.ErrorCodec.decode(ErrorCodec.java:167) ~[selenium-remote-driver-4.32.0.jar:?]
	at org.openqa.selenium.remote.codec.w3c.W3CHttpResponseCodec.decode(W3CHttpResponseCodec.java:138) ~[selenium-remote-driver-4.32.0.jar:?]
	at org.openqa.selenium.remote.codec.w3c.W3CHttpResponseCodec.decode(W3CHttpResponseCodec.java:50) ~[selenium-remote-driver-4.32.0.jar:?]
	at org.openqa.selenium.remote.HttpCommandExecutor.execute(HttpCommandExecutor.java:215) ~[selenium-remote-driver-4.32.0.jar:?]
	at org.openqa.selenium.remote.service.DriverCommandExecutor.invokeExecute(DriverCommandExecutor.java:216) ~[selenium-remote-driver-4.32.0.jar:?]
	at org.openqa.selenium.remote.service.DriverCommandExecutor.execute(DriverCommandExecutor.java:174) ~[selenium-remote-driver-4.32.0.jar:?]
	at org.openqa.selenium.remote.RemoteWebDriver.execute(RemoteWebDriver.java:545) ~[selenium-remote-driver-4.32.0.jar:?]
	at org.openqa.selenium.remote.RemoteWebDriver.execute(RemoteWebDriver.java:618) ~[selenium-remote-driver-4.32.0.jar:?]
	at org.openqa.selenium.remote.RemoteWebDriver.execute(RemoteWebDriver.java:622) ~[selenium-remote-driver-4.32.0.jar:?]
	at org.openqa.selenium.remote.RemoteWebDriver.getScreenshotAs(RemoteWebDriver.java:334) ~[selenium-remote-driver-4.32.0.jar:?]
	at testBase.BaseClass.captureScreen(BaseClass.java:95) ~[test-classes/:?]
	at utilities.ExtentReportManager.onTestFailure(ExtentReportManager.java:87) ~[test-classes/:?]
	at org.testng.internal.TestListenerHelper.runTestListeners(TestListenerHelper.java:115) ~[testng-7.11.0.jar:7.11.0]
	at org.testng.internal.invokers.TestInvoker.runTestResultListener(TestInvoker.java:285) ~[testng-7.11.0.jar:7.11.0]
	at org.testng.internal.invokers.TestInvoker.invokeMethod(TestInvoker.java:777) ~[testng-7.11.0.jar:7.11.0]
	at org.testng.internal.invokers.TestInvoker.retryFailed(TestInvoker.java:269) ~[testng-7.11.0.jar:7.11.0]
	at org.testng.internal.invokers.MethodRunner.runInSequence(MethodRunner.java:76) ~[testng-7.11.0.jar:7.11.0]
	at org.testng.internal.invokers.TestInvoker$MethodInvocationAgent.invoke(TestInvoker.java:995) ~[testng-7.11.0.jar:7.11.0]
	at org.testng.internal.invokers.TestInvoker.invokeTestMethods(TestInvoker.java:203) ~[testng-7.11.0.jar:7.11.0]
	at org.testng.internal.invokers.TestMethodWorker.invokeTestMethods(TestMethodWorker.java:154) ~[testng-7.11.0.jar:7.11.0]
	at org.testng.internal.invokers.TestMethodWorker.run(TestMethodWorker.java:134) ~[testng-7.11.0.jar:7.11.0]
	at java.base/java.util.ArrayList.forEach(ArrayList.java:1596) ~[?:?]
	at org.testng.TestRunner.privateRun(TestRunner.java:741) ~[testng-7.11.0.jar:7.11.0]
	at org.testng.TestRunner.run(TestRunner.java:616) ~[testng-7.11.0.jar:7.11.0]
	at org.testng.SuiteRunner.runTest(SuiteRunner.java:421) ~[testng-7.11.0.jar:7.11.0]
	at org.testng.SuiteRunner$SuiteWorker.run(SuiteRunner.java:463) ~[testng-7.11.0.jar:7.11.0]
	at org.testng.internal.thread.ThreadUtil.lambda$execute$0(ThreadUtil.java:64) ~[testng-7.11.0.jar:7.11.0]
	at java.base/java.util.concurrent.FutureTask.run(FutureTask.java:317) ~[?:?]
	at java.base/java.util.concurrent.ThreadPoolExecutor.runWorker(ThreadPoolExecutor.java:1144) ~[?:?]
	at java.base/java.util.concurrent.ThreadPoolExecutor$Worker.run(ThreadPoolExecutor.java:642) ~[?:?]
	at java.base/java.lang.Thread.run(Thread.java:1583) [?:?]
2025-05-18 10:54:58 INFO  BaseClass:84 - Browser session closed successfully
2025-05-18 10:54:58 INFO  BaseClass:36 - Initializing application on OS: windows and Browser: chrome
2025-05-18 10:54:58 DEBUG BaseClass:41 - Loaded configuration properties
2025-05-18 10:54:59 DEBUG BaseClass:48 - ChromeDriver initialized
2025-05-18 10:54:59 DEBUG BaseClass:64 - Driver assigned to thread-local storage
2025-05-18 10:55:00 INFO  BaseClass:71 - Application launched successfully: https://cloudberrystore.services/
2025-05-18 10:55:00 INFO  TC_06_AddAffiliate:21 - ===== Starting TC_06_AddAffiliate Test =====
2025-05-18 10:55:00 DEBUG TC_06_AddAffiliate:26 - Clicked on My Account
2025-05-18 10:55:00 DEBUG TC_06_AddAffiliate:29 - Clicked on Login
2025-05-18 10:55:00 INFO  TC_06_AddAffiliate:35 - Logged in successfully
2025-05-18 10:55:02 ERROR TC_06_AddAffiliate:56 - Unexpected error occurred: 
org.openqa.selenium.ElementClickInterceptedException: element click intercepted: Element is not clickable at point (746, 1067)
  (Session info: chrome=136.0.7103.93)
Build info: version: '4.32.0', revision: 'd17c8aa950'
System info: os.name: 'Windows 11', os.arch: 'amd64', os.version: '10.0', java.version: '21.0.7'
Driver info: org.openqa.selenium.chrome.ChromeDriver
Command: [5e1d7adf4c40e75f74832f9a9b8d1af9, clickElement {id=f.F8FB7144EC510AF2A6FA417CD2C22296.d.F26433F5D3D9FD31C33A81433245D31A.e.79}]
Capabilities {acceptInsecureCerts: false, browserName: chrome, browserVersion: 136.0.7103.93, chrome: {chromedriverVersion: 136.0.7103.94 (fa0be0b33deb..., userDataDir: C:\WINDOWS\SystemTemp\scope...}, fedcm:accounts: true, goog:chromeOptions: {debuggerAddress: localhost:49405}, networkConnectionEnabled: false, pageLoadStrategy: normal, platformName: windows, proxy: Proxy(), se:cdp: ws://localhost:49405/devtoo..., se:cdpVersion: 136.0.7103.93, setWindowRect: true, strictFileInteractability: false, timeouts: {implicit: 0, pageLoad: 300000, script: 30000}, unhandledPromptBehavior: dismiss and notify, webauthn:extension:credBlob: true, webauthn:extension:largeBlob: true, webauthn:extension:minPinLength: true, webauthn:extension:prf: true, webauthn:virtualAuthenticators: true}
Element: [[ChromeDriver: chrome on windows (5e1d7adf4c40e75f74832f9a9b8d1af9)] -> xpath: //a[normalize-space()='Affiliate']]
Session ID: 5e1d7adf4c40e75f74832f9a9b8d1af9
	at java.base/jdk.internal.reflect.DirectConstructorHandleAccessor.newInstance(DirectConstructorHandleAccessor.java:62) ~[?:?]
	at java.base/java.lang.reflect.Constructor.newInstanceWithCaller(Constructor.java:502) ~[?:?]
	at java.base/java.lang.reflect.Constructor.newInstance(Constructor.java:486) ~[?:?]
	at org.openqa.selenium.remote.ErrorCodec.decode(ErrorCodec.java:167) ~[selenium-remote-driver-4.32.0.jar:?]
	at org.openqa.selenium.remote.codec.w3c.W3CHttpResponseCodec.decode(W3CHttpResponseCodec.java:138) ~[selenium-remote-driver-4.32.0.jar:?]
	at org.openqa.selenium.remote.codec.w3c.W3CHttpResponseCodec.decode(W3CHttpResponseCodec.java:50) ~[selenium-remote-driver-4.32.0.jar:?]
	at org.openqa.selenium.remote.HttpCommandExecutor.execute(HttpCommandExecutor.java:215) ~[selenium-remote-driver-4.32.0.jar:?]
	at org.openqa.selenium.remote.service.DriverCommandExecutor.invokeExecute(DriverCommandExecutor.java:216) ~[selenium-remote-driver-4.32.0.jar:?]
	at org.openqa.selenium.remote.service.DriverCommandExecutor.execute(DriverCommandExecutor.java:174) ~[selenium-remote-driver-4.32.0.jar:?]
	at org.openqa.selenium.remote.RemoteWebDriver.execute(RemoteWebDriver.java:545) ~[selenium-remote-driver-4.32.0.jar:?]
	at org.openqa.selenium.remote.RemoteWebElement.execute(RemoteWebElement.java:223) ~[selenium-remote-driver-4.32.0.jar:?]
	at org.openqa.selenium.remote.RemoteWebElement.click(RemoteWebElement.java:76) ~[selenium-remote-driver-4.32.0.jar:?]
	at java.base/jdk.internal.reflect.DirectMethodHandleAccessor.invoke(DirectMethodHandleAccessor.java:103) ~[?:?]
	at java.base/java.lang.reflect.Method.invoke(Method.java:580) ~[?:?]
	at org.openqa.selenium.support.pagefactory.internal.LocatingElementHandler.invoke(LocatingElementHandler.java:51) ~[selenium-support-4.32.0.jar:?]
	at jdk.proxy2/jdk.proxy2.$Proxy30.click(Unknown Source) ~[?:?]
	at pageObjects.MyAccountPage.clickAddAffiliate(MyAccountPage.java:38) ~[test-classes/:?]
	at testCases.TC_06_AddAffiliate.addToWishList(TC_06_AddAffiliate.java:38) ~[test-classes/:?]
	at java.base/jdk.internal.reflect.DirectMethodHandleAccessor.invoke(DirectMethodHandleAccessor.java:103) ~[?:?]
	at java.base/java.lang.reflect.Method.invoke(Method.java:580) ~[?:?]
	at org.testng.internal.invokers.MethodInvocationHelper.invokeMethod(MethodInvocationHelper.java:141) ~[testng-7.11.0.jar:7.11.0]
	at org.testng.internal.invokers.TestInvoker.invokeMethod(TestInvoker.java:687) ~[testng-7.11.0.jar:7.11.0]
	at org.testng.internal.invokers.TestInvoker.invokeTestMethod(TestInvoker.java:230) ~[testng-7.11.0.jar:7.11.0]
	at org.testng.internal.invokers.MethodRunner.runInSequence(MethodRunner.java:63) ~[testng-7.11.0.jar:7.11.0]
	at org.testng.internal.invokers.TestInvoker$MethodInvocationAgent.invoke(TestInvoker.java:995) ~[testng-7.11.0.jar:7.11.0]
	at org.testng.internal.invokers.TestInvoker.invokeTestMethods(TestInvoker.java:203) ~[testng-7.11.0.jar:7.11.0]
	at org.testng.internal.invokers.TestMethodWorker.invokeTestMethods(TestMethodWorker.java:154) ~[testng-7.11.0.jar:7.11.0]
	at org.testng.internal.invokers.TestMethodWorker.run(TestMethodWorker.java:134) ~[testng-7.11.0.jar:7.11.0]
	at java.base/java.util.ArrayList.forEach(ArrayList.java:1596) ~[?:?]
	at org.testng.TestRunner.privateRun(TestRunner.java:741) ~[testng-7.11.0.jar:7.11.0]
	at org.testng.TestRunner.run(TestRunner.java:616) ~[testng-7.11.0.jar:7.11.0]
	at org.testng.SuiteRunner.runTest(SuiteRunner.java:421) ~[testng-7.11.0.jar:7.11.0]
	at org.testng.SuiteRunner$SuiteWorker.run(SuiteRunner.java:463) ~[testng-7.11.0.jar:7.11.0]
	at org.testng.internal.thread.ThreadUtil.lambda$execute$0(ThreadUtil.java:64) ~[testng-7.11.0.jar:7.11.0]
	at java.base/java.util.concurrent.FutureTask.run(FutureTask.java:317) ~[?:?]
	at java.base/java.util.concurrent.ThreadPoolExecutor.runWorker(ThreadPoolExecutor.java:1144) ~[?:?]
	at java.base/java.util.concurrent.ThreadPoolExecutor$Worker.run(ThreadPoolExecutor.java:642) ~[?:?]
	at java.base/java.lang.Thread.run(Thread.java:1583) [?:?]
2025-05-18 10:55:02 WARN  RetryAnalyzer:18 - Retrying test 'addToWishList' (1 of 2)
2025-05-18 10:55:02 INFO  TC_06_AddAffiliate:21 - ===== Starting TC_06_AddAffiliate Test =====
2025-05-18 10:55:02 DEBUG TC_06_AddAffiliate:26 - Clicked on My Account
2025-05-18 10:55:13 ERROR TC_06_AddAffiliate:56 - Unexpected error occurred: 
org.openqa.selenium.NoSuchSessionException: invalid session id: session deleted as the browser has closed the connection
from disconnected: unable to send message to renderer
  (Session info: chrome=136.0.7103.93)
Build info: version: '4.32.0', revision: 'd17c8aa950'
System info: os.name: 'Windows 11', os.arch: 'amd64', os.version: '10.0', java.version: '21.0.7'
Driver info: org.openqa.selenium.chrome.ChromeDriver
Command: [5e1d7adf4c40e75f74832f9a9b8d1af9, findElement {using=xpath, value=//a[normalize-space()='Login']}]
Capabilities {acceptInsecureCerts: false, browserName: chrome, browserVersion: 136.0.7103.93, chrome: {chromedriverVersion: 136.0.7103.94 (fa0be0b33deb..., userDataDir: C:\WINDOWS\SystemTemp\scope...}, fedcm:accounts: true, goog:chromeOptions: {debuggerAddress: localhost:49405}, networkConnectionEnabled: false, pageLoadStrategy: normal, platformName: windows, proxy: Proxy(), se:cdp: ws://localhost:49405/devtoo..., se:cdpVersion: 136.0.7103.93, setWindowRect: true, strictFileInteractability: false, timeouts: {implicit: 0, pageLoad: 300000, script: 30000}, unhandledPromptBehavior: dismiss and notify, webauthn:extension:credBlob: true, webauthn:extension:largeBlob: true, webauthn:extension:minPinLength: true, webauthn:extension:prf: true, webauthn:virtualAuthenticators: true}
Session ID: 5e1d7adf4c40e75f74832f9a9b8d1af9
	at java.base/jdk.internal.reflect.DirectConstructorHandleAccessor.newInstance(DirectConstructorHandleAccessor.java:62) ~[?:?]
	at java.base/java.lang.reflect.Constructor.newInstanceWithCaller(Constructor.java:502) ~[?:?]
	at java.base/java.lang.reflect.Constructor.newInstance(Constructor.java:486) ~[?:?]
	at org.openqa.selenium.remote.ErrorCodec.decode(ErrorCodec.java:167) ~[selenium-remote-driver-4.32.0.jar:?]
	at org.openqa.selenium.remote.codec.w3c.W3CHttpResponseCodec.decode(W3CHttpResponseCodec.java:138) ~[selenium-remote-driver-4.32.0.jar:?]
	at org.openqa.selenium.remote.codec.w3c.W3CHttpResponseCodec.decode(W3CHttpResponseCodec.java:50) ~[selenium-remote-driver-4.32.0.jar:?]
	at org.openqa.selenium.remote.HttpCommandExecutor.execute(HttpCommandExecutor.java:215) ~[selenium-remote-driver-4.32.0.jar:?]
	at org.openqa.selenium.remote.service.DriverCommandExecutor.invokeExecute(DriverCommandExecutor.java:216) ~[selenium-remote-driver-4.32.0.jar:?]
	at org.openqa.selenium.remote.service.DriverCommandExecutor.execute(DriverCommandExecutor.java:174) ~[selenium-remote-driver-4.32.0.jar:?]
	at org.openqa.selenium.remote.RemoteWebDriver.execute(RemoteWebDriver.java:545) ~[selenium-remote-driver-4.32.0.jar:?]
	at org.openqa.selenium.remote.ElementLocation$ElementFinder$2.findElement(ElementLocation.java:165) ~[selenium-remote-driver-4.32.0.jar:?]
	at org.openqa.selenium.remote.ElementLocation.findElement(ElementLocation.java:59) ~[selenium-remote-driver-4.32.0.jar:?]
	at org.openqa.selenium.remote.RemoteWebDriver.findElement(RemoteWebDriver.java:368) ~[selenium-remote-driver-4.32.0.jar:?]
	at org.openqa.selenium.remote.RemoteWebDriver.findElement(RemoteWebDriver.java:362) ~[selenium-remote-driver-4.32.0.jar:?]
	at org.openqa.selenium.support.pagefactory.DefaultElementLocator.findElement(DefaultElementLocator.java:68) ~[selenium-support-4.32.0.jar:?]
	at org.openqa.selenium.support.pagefactory.internal.LocatingElementHandler.invoke(LocatingElementHandler.java:38) ~[selenium-support-4.32.0.jar:?]
	at jdk.proxy2/jdk.proxy2.$Proxy30.click(Unknown Source) ~[?:?]
	at pageObjects.HomePage.clickLogin(HomePage.java:36) ~[test-classes/:?]
	at testCases.TC_06_AddAffiliate.addToWishList(TC_06_AddAffiliate.java:28) ~[test-classes/:?]
	at java.base/jdk.internal.reflect.DirectMethodHandleAccessor.invoke(DirectMethodHandleAccessor.java:103) ~[?:?]
	at java.base/java.lang.reflect.Method.invoke(Method.java:580) ~[?:?]
	at org.testng.internal.invokers.MethodInvocationHelper.invokeMethod(MethodInvocationHelper.java:141) ~[testng-7.11.0.jar:7.11.0]
	at org.testng.internal.invokers.TestInvoker.invokeMethod(TestInvoker.java:687) ~[testng-7.11.0.jar:7.11.0]
	at org.testng.internal.invokers.TestInvoker.retryFailed(TestInvoker.java:269) ~[testng-7.11.0.jar:7.11.0]
	at org.testng.internal.invokers.MethodRunner.runInSequence(MethodRunner.java:76) ~[testng-7.11.0.jar:7.11.0]
	at org.testng.internal.invokers.TestInvoker$MethodInvocationAgent.invoke(TestInvoker.java:995) ~[testng-7.11.0.jar:7.11.0]
	at org.testng.internal.invokers.TestInvoker.invokeTestMethods(TestInvoker.java:203) ~[testng-7.11.0.jar:7.11.0]
	at org.testng.internal.invokers.TestMethodWorker.invokeTestMethods(TestMethodWorker.java:154) ~[testng-7.11.0.jar:7.11.0]
	at org.testng.internal.invokers.TestMethodWorker.run(TestMethodWorker.java:134) ~[testng-7.11.0.jar:7.11.0]
	at java.base/java.util.ArrayList.forEach(ArrayList.java:1596) ~[?:?]
	at org.testng.TestRunner.privateRun(TestRunner.java:741) ~[testng-7.11.0.jar:7.11.0]
	at org.testng.TestRunner.run(TestRunner.java:616) ~[testng-7.11.0.jar:7.11.0]
	at org.testng.SuiteRunner.runTest(SuiteRunner.java:421) ~[testng-7.11.0.jar:7.11.0]
	at org.testng.SuiteRunner$SuiteWorker.run(SuiteRunner.java:463) ~[testng-7.11.0.jar:7.11.0]
	at org.testng.internal.thread.ThreadUtil.lambda$execute$0(ThreadUtil.java:64) ~[testng-7.11.0.jar:7.11.0]
	at java.base/java.util.concurrent.FutureTask.run(FutureTask.java:317) ~[?:?]
	at java.base/java.util.concurrent.ThreadPoolExecutor.runWorker(ThreadPoolExecutor.java:1144) ~[?:?]
	at java.base/java.util.concurrent.ThreadPoolExecutor$Worker.run(ThreadPoolExecutor.java:642) ~[?:?]
	at java.base/java.lang.Thread.run(Thread.java:1583) [?:?]
2025-05-18 10:55:13 WARN  RetryAnalyzer:18 - Retrying test 'addToWishList' (2 of 2)
2025-05-18 10:55:13 INFO  TC_06_AddAffiliate:21 - ===== Starting TC_06_AddAffiliate Test =====
2025-05-18 10:55:13 ERROR TC_06_AddAffiliate:56 - Unexpected error occurred: 
org.openqa.selenium.NoSuchSessionException: invalid session id
Build info: version: '4.32.0', revision: 'd17c8aa950'
System info: os.name: 'Windows 11', os.arch: 'amd64', os.version: '10.0', java.version: '21.0.7'
Driver info: org.openqa.selenium.chrome.ChromeDriver
Command: [5e1d7adf4c40e75f74832f9a9b8d1af9, findElement {using=xpath, value=//i[@class='fa-solid fa-user']}]
Capabilities {acceptInsecureCerts: false, browserName: chrome, browserVersion: 136.0.7103.93, chrome: {chromedriverVersion: 136.0.7103.94 (fa0be0b33deb..., userDataDir: C:\WINDOWS\SystemTemp\scope...}, fedcm:accounts: true, goog:chromeOptions: {debuggerAddress: localhost:49405}, networkConnectionEnabled: false, pageLoadStrategy: normal, platformName: windows, proxy: Proxy(), se:cdp: ws://localhost:49405/devtoo..., se:cdpVersion: 136.0.7103.93, setWindowRect: true, strictFileInteractability: false, timeouts: {implicit: 0, pageLoad: 300000, script: 30000}, unhandledPromptBehavior: dismiss and notify, webauthn:extension:credBlob: true, webauthn:extension:largeBlob: true, webauthn:extension:minPinLength: true, webauthn:extension:prf: true, webauthn:virtualAuthenticators: true}
Session ID: 5e1d7adf4c40e75f74832f9a9b8d1af9
	at java.base/jdk.internal.reflect.DirectConstructorHandleAccessor.newInstance(DirectConstructorHandleAccessor.java:62) ~[?:?]
	at java.base/java.lang.reflect.Constructor.newInstanceWithCaller(Constructor.java:502) ~[?:?]
	at java.base/java.lang.reflect.Constructor.newInstance(Constructor.java:486) ~[?:?]
	at org.openqa.selenium.remote.ErrorCodec.decode(ErrorCodec.java:167) ~[selenium-remote-driver-4.32.0.jar:?]
	at org.openqa.selenium.remote.codec.w3c.W3CHttpResponseCodec.decode(W3CHttpResponseCodec.java:138) ~[selenium-remote-driver-4.32.0.jar:?]
	at org.openqa.selenium.remote.codec.w3c.W3CHttpResponseCodec.decode(W3CHttpResponseCodec.java:50) ~[selenium-remote-driver-4.32.0.jar:?]
	at org.openqa.selenium.remote.HttpCommandExecutor.execute(HttpCommandExecutor.java:215) ~[selenium-remote-driver-4.32.0.jar:?]
	at org.openqa.selenium.remote.service.DriverCommandExecutor.invokeExecute(DriverCommandExecutor.java:216) ~[selenium-remote-driver-4.32.0.jar:?]
	at org.openqa.selenium.remote.service.DriverCommandExecutor.execute(DriverCommandExecutor.java:174) ~[selenium-remote-driver-4.32.0.jar:?]
	at org.openqa.selenium.remote.RemoteWebDriver.execute(RemoteWebDriver.java:545) ~[selenium-remote-driver-4.32.0.jar:?]
	at org.openqa.selenium.remote.ElementLocation$ElementFinder$2.findElement(ElementLocation.java:165) ~[selenium-remote-driver-4.32.0.jar:?]
	at org.openqa.selenium.remote.ElementLocation.findElement(ElementLocation.java:59) ~[selenium-remote-driver-4.32.0.jar:?]
	at org.openqa.selenium.remote.RemoteWebDriver.findElement(RemoteWebDriver.java:368) ~[selenium-remote-driver-4.32.0.jar:?]
	at org.openqa.selenium.remote.RemoteWebDriver.findElement(RemoteWebDriver.java:362) ~[selenium-remote-driver-4.32.0.jar:?]
	at org.openqa.selenium.support.pagefactory.DefaultElementLocator.findElement(DefaultElementLocator.java:68) ~[selenium-support-4.32.0.jar:?]
	at org.openqa.selenium.support.pagefactory.internal.LocatingElementHandler.invoke(LocatingElementHandler.java:38) ~[selenium-support-4.32.0.jar:?]
	at jdk.proxy2/jdk.proxy2.$Proxy30.click(Unknown Source) ~[?:?]
	at pageObjects.HomePage.clickMyAccount(HomePage.java:31) ~[test-classes/:?]
	at testCases.TC_06_AddAffiliate.addToWishList(TC_06_AddAffiliate.java:25) ~[test-classes/:?]
	at java.base/jdk.internal.reflect.DirectMethodHandleAccessor.invoke(DirectMethodHandleAccessor.java:103) ~[?:?]
	at java.base/java.lang.reflect.Method.invoke(Method.java:580) ~[?:?]
	at org.testng.internal.invokers.MethodInvocationHelper.invokeMethod(MethodInvocationHelper.java:141) ~[testng-7.11.0.jar:7.11.0]
	at org.testng.internal.invokers.TestInvoker.invokeMethod(TestInvoker.java:687) ~[testng-7.11.0.jar:7.11.0]
	at org.testng.internal.invokers.TestInvoker.retryFailed(TestInvoker.java:269) ~[testng-7.11.0.jar:7.11.0]
	at org.testng.internal.invokers.MethodRunner.runInSequence(MethodRunner.java:76) ~[testng-7.11.0.jar:7.11.0]
	at org.testng.internal.invokers.TestInvoker$MethodInvocationAgent.invoke(TestInvoker.java:995) ~[testng-7.11.0.jar:7.11.0]
	at org.testng.internal.invokers.TestInvoker.invokeTestMethods(TestInvoker.java:203) ~[testng-7.11.0.jar:7.11.0]
	at org.testng.internal.invokers.TestMethodWorker.invokeTestMethods(TestMethodWorker.java:154) ~[testng-7.11.0.jar:7.11.0]
	at org.testng.internal.invokers.TestMethodWorker.run(TestMethodWorker.java:134) ~[testng-7.11.0.jar:7.11.0]
	at java.base/java.util.ArrayList.forEach(ArrayList.java:1596) ~[?:?]
	at org.testng.TestRunner.privateRun(TestRunner.java:741) ~[testng-7.11.0.jar:7.11.0]
	at org.testng.TestRunner.run(TestRunner.java:616) ~[testng-7.11.0.jar:7.11.0]
	at org.testng.SuiteRunner.runTest(SuiteRunner.java:421) ~[testng-7.11.0.jar:7.11.0]
	at org.testng.SuiteRunner$SuiteWorker.run(SuiteRunner.java:463) ~[testng-7.11.0.jar:7.11.0]
	at org.testng.internal.thread.ThreadUtil.lambda$execute$0(ThreadUtil.java:64) ~[testng-7.11.0.jar:7.11.0]
	at java.base/java.util.concurrent.FutureTask.run(FutureTask.java:317) ~[?:?]
	at java.base/java.util.concurrent.ThreadPoolExecutor.runWorker(ThreadPoolExecutor.java:1144) ~[?:?]
	at java.base/java.util.concurrent.ThreadPoolExecutor$Worker.run(ThreadPoolExecutor.java:642) ~[?:?]
	at java.base/java.lang.Thread.run(Thread.java:1583) [?:?]
2025-05-18 10:55:13 ERROR BaseClass:105 - Failed to capture screenshot for test: addToWishList
org.openqa.selenium.NoSuchSessionException: invalid session id
Build info: version: '4.32.0', revision: 'd17c8aa950'
System info: os.name: 'Windows 11', os.arch: 'amd64', os.version: '10.0', java.version: '21.0.7'
Driver info: org.openqa.selenium.chrome.ChromeDriver
Command: [5e1d7adf4c40e75f74832f9a9b8d1af9, screenshot {}]
Capabilities {acceptInsecureCerts: false, browserName: chrome, browserVersion: 136.0.7103.93, chrome: {chromedriverVersion: 136.0.7103.94 (fa0be0b33deb..., userDataDir: C:\WINDOWS\SystemTemp\scope...}, fedcm:accounts: true, goog:chromeOptions: {debuggerAddress: localhost:49405}, networkConnectionEnabled: false, pageLoadStrategy: normal, platformName: windows, proxy: Proxy(), se:cdp: ws://localhost:49405/devtoo..., se:cdpVersion: 136.0.7103.93, setWindowRect: true, strictFileInteractability: false, timeouts: {implicit: 0, pageLoad: 300000, script: 30000}, unhandledPromptBehavior: dismiss and notify, webauthn:extension:credBlob: true, webauthn:extension:largeBlob: true, webauthn:extension:minPinLength: true, webauthn:extension:prf: true, webauthn:virtualAuthenticators: true}
Session ID: 5e1d7adf4c40e75f74832f9a9b8d1af9
	at java.base/jdk.internal.reflect.DirectConstructorHandleAccessor.newInstance(DirectConstructorHandleAccessor.java:62) ~[?:?]
	at java.base/java.lang.reflect.Constructor.newInstanceWithCaller(Constructor.java:502) ~[?:?]
	at java.base/java.lang.reflect.Constructor.newInstance(Constructor.java:486) ~[?:?]
	at org.openqa.selenium.remote.ErrorCodec.decode(ErrorCodec.java:167) ~[selenium-remote-driver-4.32.0.jar:?]
	at org.openqa.selenium.remote.codec.w3c.W3CHttpResponseCodec.decode(W3CHttpResponseCodec.java:138) ~[selenium-remote-driver-4.32.0.jar:?]
	at org.openqa.selenium.remote.codec.w3c.W3CHttpResponseCodec.decode(W3CHttpResponseCodec.java:50) ~[selenium-remote-driver-4.32.0.jar:?]
	at org.openqa.selenium.remote.HttpCommandExecutor.execute(HttpCommandExecutor.java:215) ~[selenium-remote-driver-4.32.0.jar:?]
	at org.openqa.selenium.remote.service.DriverCommandExecutor.invokeExecute(DriverCommandExecutor.java:216) ~[selenium-remote-driver-4.32.0.jar:?]
	at org.openqa.selenium.remote.service.DriverCommandExecutor.execute(DriverCommandExecutor.java:174) ~[selenium-remote-driver-4.32.0.jar:?]
	at org.openqa.selenium.remote.RemoteWebDriver.execute(RemoteWebDriver.java:545) ~[selenium-remote-driver-4.32.0.jar:?]
	at org.openqa.selenium.remote.RemoteWebDriver.execute(RemoteWebDriver.java:618) ~[selenium-remote-driver-4.32.0.jar:?]
	at org.openqa.selenium.remote.RemoteWebDriver.execute(RemoteWebDriver.java:622) ~[selenium-remote-driver-4.32.0.jar:?]
	at org.openqa.selenium.remote.RemoteWebDriver.getScreenshotAs(RemoteWebDriver.java:334) ~[selenium-remote-driver-4.32.0.jar:?]
	at testBase.BaseClass.captureScreen(BaseClass.java:95) ~[test-classes/:?]
	at utilities.ExtentReportManager.onTestFailure(ExtentReportManager.java:87) ~[test-classes/:?]
	at org.testng.internal.TestListenerHelper.runTestListeners(TestListenerHelper.java:115) ~[testng-7.11.0.jar:7.11.0]
	at org.testng.internal.invokers.TestInvoker.runTestResultListener(TestInvoker.java:285) ~[testng-7.11.0.jar:7.11.0]
	at org.testng.internal.invokers.TestInvoker.invokeMethod(TestInvoker.java:777) ~[testng-7.11.0.jar:7.11.0]
	at org.testng.internal.invokers.TestInvoker.retryFailed(TestInvoker.java:269) ~[testng-7.11.0.jar:7.11.0]
	at org.testng.internal.invokers.MethodRunner.runInSequence(MethodRunner.java:76) ~[testng-7.11.0.jar:7.11.0]
	at org.testng.internal.invokers.TestInvoker$MethodInvocationAgent.invoke(TestInvoker.java:995) ~[testng-7.11.0.jar:7.11.0]
	at org.testng.internal.invokers.TestInvoker.invokeTestMethods(TestInvoker.java:203) ~[testng-7.11.0.jar:7.11.0]
	at org.testng.internal.invokers.TestMethodWorker.invokeTestMethods(TestMethodWorker.java:154) ~[testng-7.11.0.jar:7.11.0]
	at org.testng.internal.invokers.TestMethodWorker.run(TestMethodWorker.java:134) ~[testng-7.11.0.jar:7.11.0]
	at java.base/java.util.ArrayList.forEach(ArrayList.java:1596) ~[?:?]
	at org.testng.TestRunner.privateRun(TestRunner.java:741) ~[testng-7.11.0.jar:7.11.0]
	at org.testng.TestRunner.run(TestRunner.java:616) ~[testng-7.11.0.jar:7.11.0]
	at org.testng.SuiteRunner.runTest(SuiteRunner.java:421) ~[testng-7.11.0.jar:7.11.0]
	at org.testng.SuiteRunner$SuiteWorker.run(SuiteRunner.java:463) ~[testng-7.11.0.jar:7.11.0]
	at org.testng.internal.thread.ThreadUtil.lambda$execute$0(ThreadUtil.java:64) ~[testng-7.11.0.jar:7.11.0]
	at java.base/java.util.concurrent.FutureTask.run(FutureTask.java:317) ~[?:?]
	at java.base/java.util.concurrent.ThreadPoolExecutor.runWorker(ThreadPoolExecutor.java:1144) ~[?:?]
	at java.base/java.util.concurrent.ThreadPoolExecutor$Worker.run(ThreadPoolExecutor.java:642) ~[?:?]
	at java.base/java.lang.Thread.run(Thread.java:1583) [?:?]
2025-05-18 10:55:13 INFO  BaseClass:84 - Browser session closed successfully
2025-05-18 11:06:54 INFO  BaseClass:36 - Initializing application on OS: windows and Browser: chrome
2025-05-18 11:06:54 DEBUG BaseClass:41 - Loaded configuration properties
2025-05-18 11:06:55 DEBUG BaseClass:48 - ChromeDriver initialized
2025-05-18 11:06:55 DEBUG BaseClass:64 - Driver assigned to thread-local storage
2025-05-18 11:06:56 INFO  BaseClass:71 - Application launched successfully: https://cloudberrystore.services/
2025-05-18 11:06:56 INFO  TC_03_AddToCart:20 - ===== Starting TC_03_AddToCart Test =====
2025-05-18 11:06:56 DEBUG TC_03_AddToCart:25 - Clicked on 'Laptops & Tablets'
2025-05-18 11:06:56 DEBUG TC_03_AddToCart:28 - Clicked on 'Show All Laptops & Tablets'
2025-05-18 11:06:58 DEBUG TC_03_AddToCart:32 - Selected a product
2025-05-18 11:06:58 DEBUG TC_03_AddToCart:36 - Set delivery date
2025-05-18 11:06:58 INFO  TC_03_AddToCart:39 - Clicked on 'Add to Cart'
2025-05-18 11:06:58 DEBUG TC_03_AddToCart:42 - Success message received: Success: You have added HP LP3065 to your shopping cart!
2025-05-18 11:06:58 INFO  TC_03_AddToCart:47 - Add to Cart verified successfully
2025-05-18 11:06:58 INFO  TC_03_AddToCart:58 - ===== TC_03_AddToCart Test Completed =====
2025-05-18 11:06:59 INFO  BaseClass:84 - Browser session closed successfully
2025-05-18 11:06:59 INFO  BaseClass:36 - Initializing application on OS: windows and Browser: chrome
2025-05-18 11:06:59 DEBUG BaseClass:41 - Loaded configuration properties
2025-05-18 11:06:59 DEBUG BaseClass:48 - ChromeDriver initialized
2025-05-18 11:06:59 DEBUG BaseClass:64 - Driver assigned to thread-local storage
2025-05-18 11:07:00 INFO  BaseClass:71 - Application launched successfully: https://cloudberrystore.services/
2025-05-18 11:07:01 DEBUG PackageRelationshipCollection:307 - Parsing relationship: /xl/_rels/workbook.xml.rels
2025-05-18 11:07:01 DEBUG PackageRelationshipCollection:307 - Parsing relationship: /xl/worksheets/_rels/sheet1.xml.rels
2025-05-18 11:07:01 DEBUG PackageRelationshipCollection:307 - Parsing relationship: /_rels/.rels
2025-05-18 11:07:01 DEBUG POIXMLFactory:65 - using default POIXMLDocumentPart for http://schemas.openxmlformats.org/officeDocument/2006/relationships/printerSettings
2025-05-18 11:07:01 DEBUG PackageRelationshipCollection:307 - Parsing relationship: /xl/_rels/workbook.xml.rels
2025-05-18 11:07:01 DEBUG PackageRelationshipCollection:307 - Parsing relationship: /xl/worksheets/_rels/sheet1.xml.rels
2025-05-18 11:07:01 DEBUG PackageRelationshipCollection:307 - Parsing relationship: /_rels/.rels
2025-05-18 11:07:01 DEBUG POIXMLFactory:65 - using default POIXMLDocumentPart for http://schemas.openxmlformats.org/officeDocument/2006/relationships/printerSettings
2025-05-18 11:07:01 DEBUG PackageRelationshipCollection:307 - Parsing relationship: /xl/_rels/workbook.xml.rels
2025-05-18 11:07:01 DEBUG PackageRelationshipCollection:307 - Parsing relationship: /xl/worksheets/_rels/sheet1.xml.rels
2025-05-18 11:07:01 DEBUG PackageRelationshipCollection:307 - Parsing relationship: /_rels/.rels
2025-05-18 11:07:01 DEBUG POIXMLFactory:65 - using default POIXMLDocumentPart for http://schemas.openxmlformats.org/officeDocument/2006/relationships/printerSettings
2025-05-18 11:07:01 DEBUG PackageRelationshipCollection:307 - Parsing relationship: /xl/_rels/workbook.xml.rels
2025-05-18 11:07:01 DEBUG PackageRelationshipCollection:307 - Parsing relationship: /xl/worksheets/_rels/sheet1.xml.rels
2025-05-18 11:07:01 DEBUG PackageRelationshipCollection:307 - Parsing relationship: /_rels/.rels
2025-05-18 11:07:01 DEBUG POIXMLFactory:65 - using default POIXMLDocumentPart for http://schemas.openxmlformats.org/officeDocument/2006/relationships/printerSettings
2025-05-18 11:07:01 DEBUG PackageRelationshipCollection:307 - Parsing relationship: /xl/_rels/workbook.xml.rels
2025-05-18 11:07:01 DEBUG PackageRelationshipCollection:307 - Parsing relationship: /xl/worksheets/_rels/sheet1.xml.rels
2025-05-18 11:07:01 DEBUG PackageRelationshipCollection:307 - Parsing relationship: /_rels/.rels
2025-05-18 11:07:01 DEBUG POIXMLFactory:65 - using default POIXMLDocumentPart for http://schemas.openxmlformats.org/officeDocument/2006/relationships/printerSettings
2025-05-18 11:07:01 DEBUG PackageRelationshipCollection:307 - Parsing relationship: /xl/_rels/workbook.xml.rels
2025-05-18 11:07:01 DEBUG PackageRelationshipCollection:307 - Parsing relationship: /xl/worksheets/_rels/sheet1.xml.rels
2025-05-18 11:07:01 DEBUG PackageRelationshipCollection:307 - Parsing relationship: /_rels/.rels
2025-05-18 11:07:01 DEBUG POIXMLFactory:65 - using default POIXMLDocumentPart for http://schemas.openxmlformats.org/officeDocument/2006/relationships/printerSettings
2025-05-18 11:07:01 DEBUG PackageRelationshipCollection:307 - Parsing relationship: /xl/_rels/workbook.xml.rels
2025-05-18 11:07:01 DEBUG PackageRelationshipCollection:307 - Parsing relationship: /xl/worksheets/_rels/sheet1.xml.rels
2025-05-18 11:07:01 DEBUG PackageRelationshipCollection:307 - Parsing relationship: /_rels/.rels
2025-05-18 11:07:01 DEBUG POIXMLFactory:65 - using default POIXMLDocumentPart for http://schemas.openxmlformats.org/officeDocument/2006/relationships/printerSettings
2025-05-18 11:07:01 DEBUG PackageRelationshipCollection:307 - Parsing relationship: /xl/_rels/workbook.xml.rels
2025-05-18 11:07:01 DEBUG PackageRelationshipCollection:307 - Parsing relationship: /xl/worksheets/_rels/sheet1.xml.rels
2025-05-18 11:07:01 DEBUG PackageRelationshipCollection:307 - Parsing relationship: /_rels/.rels
2025-05-18 11:07:01 DEBUG POIXMLFactory:65 - using default POIXMLDocumentPart for http://schemas.openxmlformats.org/officeDocument/2006/relationships/printerSettings
2025-05-18 11:07:01 DEBUG PackageRelationshipCollection:307 - Parsing relationship: /xl/_rels/workbook.xml.rels
2025-05-18 11:07:01 DEBUG PackageRelationshipCollection:307 - Parsing relationship: /xl/worksheets/_rels/sheet1.xml.rels
2025-05-18 11:07:01 DEBUG PackageRelationshipCollection:307 - Parsing relationship: /_rels/.rels
2025-05-18 11:07:01 DEBUG POIXMLFactory:65 - using default POIXMLDocumentPart for http://schemas.openxmlformats.org/officeDocument/2006/relationships/printerSettings
2025-05-18 11:07:01 DEBUG PackageRelationshipCollection:307 - Parsing relationship: /xl/_rels/workbook.xml.rels
2025-05-18 11:07:01 DEBUG PackageRelationshipCollection:307 - Parsing relationship: /xl/worksheets/_rels/sheet1.xml.rels
2025-05-18 11:07:01 DEBUG PackageRelationshipCollection:307 - Parsing relationship: /_rels/.rels
2025-05-18 11:07:01 DEBUG POIXMLFactory:65 - using default POIXMLDocumentPart for http://schemas.openxmlformats.org/officeDocument/2006/relationships/printerSettings
2025-05-18 11:07:01 DEBUG PackageRelationshipCollection:307 - Parsing relationship: /xl/_rels/workbook.xml.rels
2025-05-18 11:07:01 DEBUG PackageRelationshipCollection:307 - Parsing relationship: /xl/worksheets/_rels/sheet1.xml.rels
2025-05-18 11:07:01 DEBUG PackageRelationshipCollection:307 - Parsing relationship: /_rels/.rels
2025-05-18 11:07:01 DEBUG POIXMLFactory:65 - using default POIXMLDocumentPart for http://schemas.openxmlformats.org/officeDocument/2006/relationships/printerSettings
2025-05-18 11:07:01 DEBUG PackageRelationshipCollection:307 - Parsing relationship: /xl/_rels/workbook.xml.rels
2025-05-18 11:07:01 DEBUG PackageRelationshipCollection:307 - Parsing relationship: /xl/worksheets/_rels/sheet1.xml.rels
2025-05-18 11:07:01 DEBUG PackageRelationshipCollection:307 - Parsing relationship: /_rels/.rels
2025-05-18 11:07:01 DEBUG POIXMLFactory:65 - using default POIXMLDocumentPart for http://schemas.openxmlformats.org/officeDocument/2006/relationships/printerSettings
2025-05-18 11:07:01 INFO  TC_02_Login:25 - ===== Starting TC02_Login Test for user: smitasharma.qa@gmail.com =====
2025-05-18 11:07:01 DEBUG TC_02_Login:30 - Clicked 'My Account'
2025-05-18 11:07:01 DEBUG TC_02_Login:33 - Navigated to Login page
2025-05-18 11:07:01 DEBUG TC_02_Login:37 - Entered email: smitasharma.qa@gmail.com
2025-05-18 11:07:01 DEBUG TC_02_Login:40 - Entered password
2025-05-18 11:07:02 INFO  TC_02_Login:43 - Clicked on login
2025-05-18 11:07:02 DEBUG TC_02_Login:47 - Login status: true
2025-05-18 11:07:02 INFO  TC_02_Login:50 - Login successful for user: smitasharma.qa@gmail.com
2025-05-18 11:07:02 INFO  TC_02_Login:53 - User logged out successfully
2025-05-18 11:07:02 INFO  TC_02_Login:67 - ===== Completed TC02_Login Test for user: smitasharma.qa@gmail.com =====
2025-05-18 11:07:02 INFO  TC_02_Login:25 - ===== Starting TC02_Login Test for user: nona@yahoo.com =====
2025-05-18 11:07:02 DEBUG TC_02_Login:30 - Clicked 'My Account'
2025-05-18 11:07:02 DEBUG TC_02_Login:33 - Navigated to Login page
2025-05-18 11:07:02 DEBUG TC_02_Login:37 - Entered email: nona@yahoo.com
2025-05-18 11:07:02 DEBUG TC_02_Login:40 - Entered password
2025-05-18 11:07:02 INFO  TC_02_Login:43 - Clicked on login
2025-05-18 11:07:03 DEBUG TC_02_Login:47 - Login status: true
2025-05-18 11:07:03 INFO  TC_02_Login:50 - Login successful for user: nona@yahoo.com
2025-05-18 11:07:03 INFO  TC_02_Login:53 - User logged out successfully
2025-05-18 11:07:03 INFO  TC_02_Login:67 - ===== Completed TC02_Login Test for user: nona@yahoo.com =====
2025-05-18 11:07:03 INFO  TC_02_Login:25 - ===== Starting TC02_Login Test for user: sid@cloudberry.services =====
2025-05-18 11:07:03 DEBUG TC_02_Login:30 - Clicked 'My Account'
2025-05-18 11:07:03 DEBUG TC_02_Login:33 - Navigated to Login page
2025-05-18 11:07:03 DEBUG TC_02_Login:37 - Entered email: sid@cloudberry.services
2025-05-18 11:07:03 DEBUG TC_02_Login:40 - Entered password
2025-05-18 11:07:03 INFO  TC_02_Login:43 - Clicked on login
2025-05-18 11:07:04 DEBUG TC_02_Login:47 - Login status: true
2025-05-18 11:07:04 INFO  TC_02_Login:50 - Login successful for user: sid@cloudberry.services
2025-05-18 11:07:04 INFO  TC_02_Login:53 - User logged out successfully
2025-05-18 11:07:04 INFO  TC_02_Login:67 - ===== Completed TC02_Login Test for user: sid@cloudberry.services =====
2025-05-18 11:07:04 INFO  TC_02_Login:25 - ===== Starting TC02_Login Test for user: apushedwoman@gmail.com =====
2025-05-18 11:07:04 DEBUG TC_02_Login:30 - Clicked 'My Account'
2025-05-18 11:07:04 DEBUG TC_02_Login:33 - Navigated to Login page
2025-05-18 11:07:04 DEBUG TC_02_Login:37 - Entered email: apushedwoman@gmail.com
2025-05-18 11:07:04 DEBUG TC_02_Login:40 - Entered password
2025-05-18 11:07:04 INFO  TC_02_Login:43 - Clicked on login
2025-05-18 11:07:05 DEBUG TC_02_Login:47 - Login status: true
2025-05-18 11:07:05 INFO  TC_02_Login:50 - Login successful for user: apushedwoman@gmail.com
2025-05-18 11:07:05 INFO  TC_02_Login:53 - User logged out successfully
2025-05-18 11:07:05 INFO  TC_02_Login:67 - ===== Completed TC02_Login Test for user: apushedwoman@gmail.com =====
2025-05-18 11:07:05 INFO  TC_02_Login:25 - ===== Starting TC02_Login Test for user: hichamkhachiai@gmail.com =====
2025-05-18 11:07:05 DEBUG TC_02_Login:30 - Clicked 'My Account'
2025-05-18 11:07:05 DEBUG TC_02_Login:33 - Navigated to Login page
2025-05-18 11:07:05 DEBUG TC_02_Login:37 - Entered email: hichamkhachiai@gmail.com
2025-05-18 11:07:05 DEBUG TC_02_Login:40 - Entered password
2025-05-18 11:07:05 INFO  TC_02_Login:43 - Clicked on login
2025-05-18 11:07:06 DEBUG TC_02_Login:47 - Login status: true
2025-05-18 11:07:06 INFO  TC_02_Login:50 - Login successful for user: hichamkhachiai@gmail.com
2025-05-18 11:07:06 INFO  TC_02_Login:53 - User logged out successfully
2025-05-18 11:07:06 INFO  TC_02_Login:67 - ===== Completed TC02_Login Test for user: hichamkhachiai@gmail.com =====
2025-05-18 11:07:06 INFO  BaseClass:84 - Browser session closed successfully
2025-05-18 11:07:06 INFO  BaseClass:36 - Initializing application on OS: windows and Browser: chrome
2025-05-18 11:07:06 DEBUG BaseClass:41 - Loaded configuration properties
2025-05-18 11:07:07 DEBUG BaseClass:48 - ChromeDriver initialized
2025-05-18 11:07:07 DEBUG BaseClass:64 - Driver assigned to thread-local storage
2025-05-18 11:07:08 INFO  BaseClass:71 - Application launched successfully: https://cloudberrystore.services/
2025-05-18 11:07:08 INFO  TC_01_LaunchApplication:19 - Starting test: TC01_LaunchApplication
2025-05-18 11:07:08 DEBUG TC_01_LaunchApplication:23 - HomePage object initialized
2025-05-18 11:07:08 DEBUG TC_01_LaunchApplication:26 - Page title retrieved: Your store of fun
2025-05-18 11:07:08 INFO  TC_01_LaunchApplication:29 - Page title assertion passed
2025-05-18 11:07:08 INFO  TC_01_LaunchApplication:39 - Test completed: TC01_LaunchApplication
2025-05-18 11:07:08 INFO  BaseClass:84 - Browser session closed successfully
2025-05-18 11:07:08 INFO  BaseClass:36 - Initializing application on OS: windows and Browser: chrome
2025-05-18 11:07:08 DEBUG BaseClass:41 - Loaded configuration properties
2025-05-18 11:07:09 DEBUG BaseClass:48 - ChromeDriver initialized
2025-05-18 11:07:09 DEBUG BaseClass:64 - Driver assigned to thread-local storage
2025-05-18 11:07:10 INFO  BaseClass:71 - Application launched successfully: https://cloudberrystore.services/
2025-05-18 11:07:10 INFO  TC_04_CompletePurchase:23 - ===== Starting TC_04_CompletePurchase Test =====
2025-05-18 11:07:10 DEBUG TC_04_CompletePurchase:28 - Clicked on 'Laptops & Tablets'
2025-05-18 11:07:10 DEBUG TC_04_CompletePurchase:31 - Clicked on 'Show All Laptops & Tablets'
2025-05-18 11:07:12 DEBUG TC_04_CompletePurchase:35 - Selected product
2025-05-18 11:07:12 DEBUG TC_04_CompletePurchase:39 - Changed delivery date
2025-05-18 11:07:12 INFO  TC_04_CompletePurchase:42 - Clicked on 'Add to Cart'
2025-05-18 11:07:14 INFO  TC_04_CompletePurchase:45 - Proceeded to Checkout
2025-05-18 11:07:14 DEBUG TC_04_CompletePurchase:49 - Clicked on Login link
2025-05-18 11:07:14 INFO  TC_04_CompletePurchase:55 - Logged in with provided credentials
2025-05-18 11:07:15 DEBUG TC_04_CompletePurchase:59 - Selected shipping address
2025-05-18 11:07:15 DEBUG TC_04_CompletePurchase:62 - Filled shipping and payment details
2025-05-18 11:07:16 INFO  TC_04_CompletePurchase:65 - Order confirmed
2025-05-18 11:07:16 DEBUG TC_04_CompletePurchase:68 - Order confirmation status: true
2025-05-18 11:07:16 INFO  TC_04_CompletePurchase:81 - ===== TC_04_CompletePurchase Test Completed =====
2025-05-18 11:07:16 INFO  BaseClass:84 - Browser session closed successfully
2025-05-18 11:07:16 INFO  BaseClass:36 - Initializing application on OS: windows and Browser: chrome
2025-05-18 11:07:16 DEBUG BaseClass:41 - Loaded configuration properties
2025-05-18 11:07:17 DEBUG BaseClass:48 - ChromeDriver initialized
2025-05-18 11:07:17 DEBUG BaseClass:64 - Driver assigned to thread-local storage
2025-05-18 11:07:18 INFO  BaseClass:71 - Application launched successfully: https://cloudberrystore.services/
2025-05-18 11:07:18 INFO  TC_05_AddToWishList:21 - ===== Starting TC_05_AddToWishList Test =====
2025-05-18 11:07:18 DEBUG TC_05_AddToWishList:26 - Clicked on My Account
2025-05-18 11:07:18 DEBUG TC_05_AddToWishList:29 - Navigated to Login page
2025-05-18 11:07:18 INFO  TC_05_AddToWishList:35 - Logged in with provided credentials
2025-05-18 11:07:19 DEBUG TC_05_AddToWishList:38 - Clicked on OpenCart logo to go to homepage
2025-05-18 11:07:19 DEBUG TC_05_AddToWishList:42 - Navigated to Laptops & Tablets section
2025-05-18 11:07:20 DEBUG TC_05_AddToWishList:46 - Selected product from list
2025-05-18 11:07:20 INFO  TC_05_AddToWishList:50 - Clicked on Add to Wishlist
2025-05-18 11:08:03 ERROR TC_05_AddToWishList:63 - Unexpected error during Wishlist test
org.openqa.selenium.NoSuchSessionException: invalid session id: session deleted as the browser has closed the connection
from disconnected: unable to send message to renderer
  (Session info: chrome=136.0.7103.93)
Build info: version: '4.32.0', revision: 'd17c8aa950'
System info: os.name: 'Windows 11', os.arch: 'amd64', os.version: '10.0', java.version: '21.0.7'
Driver info: org.openqa.selenium.chrome.ChromeDriver
Command: [92832967a3adf0ba6afd606b2f04f455, findElement {using=xpath, value=//div[@class='alert alert-success alert-dismissible']}]
Capabilities {acceptInsecureCerts: false, browserName: chrome, browserVersion: 136.0.7103.93, chrome: {chromedriverVersion: 136.0.7103.94 (fa0be0b33deb..., userDataDir: C:\WINDOWS\SystemTemp\scope...}, fedcm:accounts: true, goog:chromeOptions: {debuggerAddress: localhost:50759}, networkConnectionEnabled: false, pageLoadStrategy: normal, platformName: windows, proxy: Proxy(), se:cdp: ws://localhost:50759/devtoo..., se:cdpVersion: 136.0.7103.93, setWindowRect: true, strictFileInteractability: false, timeouts: {implicit: 0, pageLoad: 300000, script: 30000}, unhandledPromptBehavior: dismiss and notify, webauthn:extension:credBlob: true, webauthn:extension:largeBlob: true, webauthn:extension:minPinLength: true, webauthn:extension:prf: true, webauthn:virtualAuthenticators: true}
Session ID: 92832967a3adf0ba6afd606b2f04f455
	at java.base/jdk.internal.reflect.DirectConstructorHandleAccessor.newInstance(DirectConstructorHandleAccessor.java:62) ~[?:?]
	at java.base/java.lang.reflect.Constructor.newInstanceWithCaller(Constructor.java:502) ~[?:?]
	at java.base/java.lang.reflect.Constructor.newInstance(Constructor.java:486) ~[?:?]
	at org.openqa.selenium.remote.ErrorCodec.decode(ErrorCodec.java:167) ~[selenium-remote-driver-4.32.0.jar:?]
	at org.openqa.selenium.remote.codec.w3c.W3CHttpResponseCodec.decode(W3CHttpResponseCodec.java:138) ~[selenium-remote-driver-4.32.0.jar:?]
	at org.openqa.selenium.remote.codec.w3c.W3CHttpResponseCodec.decode(W3CHttpResponseCodec.java:50) ~[selenium-remote-driver-4.32.0.jar:?]
	at org.openqa.selenium.remote.HttpCommandExecutor.execute(HttpCommandExecutor.java:215) ~[selenium-remote-driver-4.32.0.jar:?]
	at org.openqa.selenium.remote.service.DriverCommandExecutor.invokeExecute(DriverCommandExecutor.java:216) ~[selenium-remote-driver-4.32.0.jar:?]
	at org.openqa.selenium.remote.service.DriverCommandExecutor.execute(DriverCommandExecutor.java:174) ~[selenium-remote-driver-4.32.0.jar:?]
	at org.openqa.selenium.remote.RemoteWebDriver.execute(RemoteWebDriver.java:545) ~[selenium-remote-driver-4.32.0.jar:?]
	at org.openqa.selenium.remote.ElementLocation$ElementFinder$2.findElement(ElementLocation.java:165) ~[selenium-remote-driver-4.32.0.jar:?]
	at org.openqa.selenium.remote.ElementLocation.findElement(ElementLocation.java:59) ~[selenium-remote-driver-4.32.0.jar:?]
	at org.openqa.selenium.remote.RemoteWebDriver.findElement(RemoteWebDriver.java:368) ~[selenium-remote-driver-4.32.0.jar:?]
	at org.openqa.selenium.remote.RemoteWebDriver.findElement(RemoteWebDriver.java:362) ~[selenium-remote-driver-4.32.0.jar:?]
	at org.openqa.selenium.support.pagefactory.DefaultElementLocator.findElement(DefaultElementLocator.java:68) ~[selenium-support-4.32.0.jar:?]
	at org.openqa.selenium.support.pagefactory.internal.LocatingElementHandler.invoke(LocatingElementHandler.java:38) ~[selenium-support-4.32.0.jar:?]
	at jdk.proxy2/jdk.proxy2.$Proxy30.getText(Unknown Source) ~[?:?]
	at testCases.TC_05_AddToWishList.addToWishList(TC_05_AddToWishList.java:52) ~[test-classes/:?]
	at java.base/jdk.internal.reflect.DirectMethodHandleAccessor.invoke(DirectMethodHandleAccessor.java:103) ~[?:?]
	at java.base/java.lang.reflect.Method.invoke(Method.java:580) ~[?:?]
	at org.testng.internal.invokers.MethodInvocationHelper.invokeMethod(MethodInvocationHelper.java:141) ~[testng-7.11.0.jar:7.11.0]
	at org.testng.internal.invokers.TestInvoker.invokeMethod(TestInvoker.java:687) ~[testng-7.11.0.jar:7.11.0]
	at org.testng.internal.invokers.TestInvoker.invokeTestMethod(TestInvoker.java:230) ~[testng-7.11.0.jar:7.11.0]
	at org.testng.internal.invokers.MethodRunner.runInSequence(MethodRunner.java:63) ~[testng-7.11.0.jar:7.11.0]
	at org.testng.internal.invokers.TestInvoker$MethodInvocationAgent.invoke(TestInvoker.java:995) ~[testng-7.11.0.jar:7.11.0]
	at org.testng.internal.invokers.TestInvoker.invokeTestMethods(TestInvoker.java:203) ~[testng-7.11.0.jar:7.11.0]
	at org.testng.internal.invokers.TestMethodWorker.invokeTestMethods(TestMethodWorker.java:154) ~[testng-7.11.0.jar:7.11.0]
	at org.testng.internal.invokers.TestMethodWorker.run(TestMethodWorker.java:134) ~[testng-7.11.0.jar:7.11.0]
	at java.base/java.util.ArrayList.forEach(ArrayList.java:1596) ~[?:?]
	at org.testng.TestRunner.privateRun(TestRunner.java:741) ~[testng-7.11.0.jar:7.11.0]
	at org.testng.TestRunner.run(TestRunner.java:616) ~[testng-7.11.0.jar:7.11.0]
	at org.testng.SuiteRunner.runTest(SuiteRunner.java:421) ~[testng-7.11.0.jar:7.11.0]
	at org.testng.SuiteRunner$SuiteWorker.run(SuiteRunner.java:463) ~[testng-7.11.0.jar:7.11.0]
	at org.testng.internal.thread.ThreadUtil.lambda$execute$0(ThreadUtil.java:64) ~[testng-7.11.0.jar:7.11.0]
	at java.base/java.util.concurrent.FutureTask.run(FutureTask.java:317) ~[?:?]
	at java.base/java.util.concurrent.ThreadPoolExecutor.runWorker(ThreadPoolExecutor.java:1144) ~[?:?]
	at java.base/java.util.concurrent.ThreadPoolExecutor$Worker.run(ThreadPoolExecutor.java:642) ~[?:?]
	at java.base/java.lang.Thread.run(Thread.java:1583) [?:?]
2025-05-18 11:08:03 WARN  RetryAnalyzer:18 - Retrying test 'addToWishList' (1 of 2)
2025-05-18 11:08:03 INFO  TC_05_AddToWishList:21 - ===== Starting TC_05_AddToWishList Test =====
2025-05-18 11:08:03 ERROR TC_05_AddToWishList:63 - Unexpected error during Wishlist test
org.openqa.selenium.NoSuchSessionException: invalid session id
Build info: version: '4.32.0', revision: 'd17c8aa950'
System info: os.name: 'Windows 11', os.arch: 'amd64', os.version: '10.0', java.version: '21.0.7'
Driver info: org.openqa.selenium.chrome.ChromeDriver
Command: [92832967a3adf0ba6afd606b2f04f455, findElement {using=xpath, value=//i[@class='fa-solid fa-user']}]
Capabilities {acceptInsecureCerts: false, browserName: chrome, browserVersion: 136.0.7103.93, chrome: {chromedriverVersion: 136.0.7103.94 (fa0be0b33deb..., userDataDir: C:\WINDOWS\SystemTemp\scope...}, fedcm:accounts: true, goog:chromeOptions: {debuggerAddress: localhost:50759}, networkConnectionEnabled: false, pageLoadStrategy: normal, platformName: windows, proxy: Proxy(), se:cdp: ws://localhost:50759/devtoo..., se:cdpVersion: 136.0.7103.93, setWindowRect: true, strictFileInteractability: false, timeouts: {implicit: 0, pageLoad: 300000, script: 30000}, unhandledPromptBehavior: dismiss and notify, webauthn:extension:credBlob: true, webauthn:extension:largeBlob: true, webauthn:extension:minPinLength: true, webauthn:extension:prf: true, webauthn:virtualAuthenticators: true}
Session ID: 92832967a3adf0ba6afd606b2f04f455
	at java.base/jdk.internal.reflect.DirectConstructorHandleAccessor.newInstance(DirectConstructorHandleAccessor.java:62) ~[?:?]
	at java.base/java.lang.reflect.Constructor.newInstanceWithCaller(Constructor.java:502) ~[?:?]
	at java.base/java.lang.reflect.Constructor.newInstance(Constructor.java:486) ~[?:?]
	at org.openqa.selenium.remote.ErrorCodec.decode(ErrorCodec.java:167) ~[selenium-remote-driver-4.32.0.jar:?]
	at org.openqa.selenium.remote.codec.w3c.W3CHttpResponseCodec.decode(W3CHttpResponseCodec.java:138) ~[selenium-remote-driver-4.32.0.jar:?]
	at org.openqa.selenium.remote.codec.w3c.W3CHttpResponseCodec.decode(W3CHttpResponseCodec.java:50) ~[selenium-remote-driver-4.32.0.jar:?]
	at org.openqa.selenium.remote.HttpCommandExecutor.execute(HttpCommandExecutor.java:215) ~[selenium-remote-driver-4.32.0.jar:?]
	at org.openqa.selenium.remote.service.DriverCommandExecutor.invokeExecute(DriverCommandExecutor.java:216) ~[selenium-remote-driver-4.32.0.jar:?]
	at org.openqa.selenium.remote.service.DriverCommandExecutor.execute(DriverCommandExecutor.java:174) ~[selenium-remote-driver-4.32.0.jar:?]
	at org.openqa.selenium.remote.RemoteWebDriver.execute(RemoteWebDriver.java:545) ~[selenium-remote-driver-4.32.0.jar:?]
	at org.openqa.selenium.remote.ElementLocation$ElementFinder$2.findElement(ElementLocation.java:165) ~[selenium-remote-driver-4.32.0.jar:?]
	at org.openqa.selenium.remote.ElementLocation.findElement(ElementLocation.java:59) ~[selenium-remote-driver-4.32.0.jar:?]
	at org.openqa.selenium.remote.RemoteWebDriver.findElement(RemoteWebDriver.java:368) ~[selenium-remote-driver-4.32.0.jar:?]
	at org.openqa.selenium.remote.RemoteWebDriver.findElement(RemoteWebDriver.java:362) ~[selenium-remote-driver-4.32.0.jar:?]
	at org.openqa.selenium.support.pagefactory.DefaultElementLocator.findElement(DefaultElementLocator.java:68) ~[selenium-support-4.32.0.jar:?]
	at org.openqa.selenium.support.pagefactory.internal.LocatingElementHandler.invoke(LocatingElementHandler.java:38) ~[selenium-support-4.32.0.jar:?]
	at jdk.proxy2/jdk.proxy2.$Proxy30.click(Unknown Source) ~[?:?]
	at pageObjects.HomePage.clickMyAccount(HomePage.java:31) ~[test-classes/:?]
	at testCases.TC_05_AddToWishList.addToWishList(TC_05_AddToWishList.java:25) ~[test-classes/:?]
	at java.base/jdk.internal.reflect.DirectMethodHandleAccessor.invoke(DirectMethodHandleAccessor.java:103) ~[?:?]
	at java.base/java.lang.reflect.Method.invoke(Method.java:580) ~[?:?]
	at org.testng.internal.invokers.MethodInvocationHelper.invokeMethod(MethodInvocationHelper.java:141) ~[testng-7.11.0.jar:7.11.0]
	at org.testng.internal.invokers.TestInvoker.invokeMethod(TestInvoker.java:687) ~[testng-7.11.0.jar:7.11.0]
	at org.testng.internal.invokers.TestInvoker.retryFailed(TestInvoker.java:269) ~[testng-7.11.0.jar:7.11.0]
	at org.testng.internal.invokers.MethodRunner.runInSequence(MethodRunner.java:76) ~[testng-7.11.0.jar:7.11.0]
	at org.testng.internal.invokers.TestInvoker$MethodInvocationAgent.invoke(TestInvoker.java:995) ~[testng-7.11.0.jar:7.11.0]
	at org.testng.internal.invokers.TestInvoker.invokeTestMethods(TestInvoker.java:203) ~[testng-7.11.0.jar:7.11.0]
	at org.testng.internal.invokers.TestMethodWorker.invokeTestMethods(TestMethodWorker.java:154) ~[testng-7.11.0.jar:7.11.0]
	at org.testng.internal.invokers.TestMethodWorker.run(TestMethodWorker.java:134) ~[testng-7.11.0.jar:7.11.0]
	at java.base/java.util.ArrayList.forEach(ArrayList.java:1596) ~[?:?]
	at org.testng.TestRunner.privateRun(TestRunner.java:741) ~[testng-7.11.0.jar:7.11.0]
	at org.testng.TestRunner.run(TestRunner.java:616) ~[testng-7.11.0.jar:7.11.0]
	at org.testng.SuiteRunner.runTest(SuiteRunner.java:421) ~[testng-7.11.0.jar:7.11.0]
	at org.testng.SuiteRunner$SuiteWorker.run(SuiteRunner.java:463) ~[testng-7.11.0.jar:7.11.0]
	at org.testng.internal.thread.ThreadUtil.lambda$execute$0(ThreadUtil.java:64) ~[testng-7.11.0.jar:7.11.0]
	at java.base/java.util.concurrent.FutureTask.run(FutureTask.java:317) ~[?:?]
	at java.base/java.util.concurrent.ThreadPoolExecutor.runWorker(ThreadPoolExecutor.java:1144) ~[?:?]
	at java.base/java.util.concurrent.ThreadPoolExecutor$Worker.run(ThreadPoolExecutor.java:642) ~[?:?]
	at java.base/java.lang.Thread.run(Thread.java:1583) [?:?]
2025-05-18 11:08:03 WARN  RetryAnalyzer:18 - Retrying test 'addToWishList' (2 of 2)
2025-05-18 11:08:03 INFO  TC_05_AddToWishList:21 - ===== Starting TC_05_AddToWishList Test =====
2025-05-18 11:08:03 ERROR TC_05_AddToWishList:63 - Unexpected error during Wishlist test
org.openqa.selenium.NoSuchSessionException: invalid session id
Build info: version: '4.32.0', revision: 'd17c8aa950'
System info: os.name: 'Windows 11', os.arch: 'amd64', os.version: '10.0', java.version: '21.0.7'
Driver info: org.openqa.selenium.chrome.ChromeDriver
Command: [92832967a3adf0ba6afd606b2f04f455, findElement {using=xpath, value=//i[@class='fa-solid fa-user']}]
Capabilities {acceptInsecureCerts: false, browserName: chrome, browserVersion: 136.0.7103.93, chrome: {chromedriverVersion: 136.0.7103.94 (fa0be0b33deb..., userDataDir: C:\WINDOWS\SystemTemp\scope...}, fedcm:accounts: true, goog:chromeOptions: {debuggerAddress: localhost:50759}, networkConnectionEnabled: false, pageLoadStrategy: normal, platformName: windows, proxy: Proxy(), se:cdp: ws://localhost:50759/devtoo..., se:cdpVersion: 136.0.7103.93, setWindowRect: true, strictFileInteractability: false, timeouts: {implicit: 0, pageLoad: 300000, script: 30000}, unhandledPromptBehavior: dismiss and notify, webauthn:extension:credBlob: true, webauthn:extension:largeBlob: true, webauthn:extension:minPinLength: true, webauthn:extension:prf: true, webauthn:virtualAuthenticators: true}
Session ID: 92832967a3adf0ba6afd606b2f04f455
	at java.base/jdk.internal.reflect.DirectConstructorHandleAccessor.newInstance(DirectConstructorHandleAccessor.java:62) ~[?:?]
	at java.base/java.lang.reflect.Constructor.newInstanceWithCaller(Constructor.java:502) ~[?:?]
	at java.base/java.lang.reflect.Constructor.newInstance(Constructor.java:486) ~[?:?]
	at org.openqa.selenium.remote.ErrorCodec.decode(ErrorCodec.java:167) ~[selenium-remote-driver-4.32.0.jar:?]
	at org.openqa.selenium.remote.codec.w3c.W3CHttpResponseCodec.decode(W3CHttpResponseCodec.java:138) ~[selenium-remote-driver-4.32.0.jar:?]
	at org.openqa.selenium.remote.codec.w3c.W3CHttpResponseCodec.decode(W3CHttpResponseCodec.java:50) ~[selenium-remote-driver-4.32.0.jar:?]
	at org.openqa.selenium.remote.HttpCommandExecutor.execute(HttpCommandExecutor.java:215) ~[selenium-remote-driver-4.32.0.jar:?]
	at org.openqa.selenium.remote.service.DriverCommandExecutor.invokeExecute(DriverCommandExecutor.java:216) ~[selenium-remote-driver-4.32.0.jar:?]
	at org.openqa.selenium.remote.service.DriverCommandExecutor.execute(DriverCommandExecutor.java:174) ~[selenium-remote-driver-4.32.0.jar:?]
	at org.openqa.selenium.remote.RemoteWebDriver.execute(RemoteWebDriver.java:545) ~[selenium-remote-driver-4.32.0.jar:?]
	at org.openqa.selenium.remote.ElementLocation$ElementFinder$2.findElement(ElementLocation.java:165) ~[selenium-remote-driver-4.32.0.jar:?]
	at org.openqa.selenium.remote.ElementLocation.findElement(ElementLocation.java:59) ~[selenium-remote-driver-4.32.0.jar:?]
	at org.openqa.selenium.remote.RemoteWebDriver.findElement(RemoteWebDriver.java:368) ~[selenium-remote-driver-4.32.0.jar:?]
	at org.openqa.selenium.remote.RemoteWebDriver.findElement(RemoteWebDriver.java:362) ~[selenium-remote-driver-4.32.0.jar:?]
	at org.openqa.selenium.support.pagefactory.DefaultElementLocator.findElement(DefaultElementLocator.java:68) ~[selenium-support-4.32.0.jar:?]
	at org.openqa.selenium.support.pagefactory.internal.LocatingElementHandler.invoke(LocatingElementHandler.java:38) ~[selenium-support-4.32.0.jar:?]
	at jdk.proxy2/jdk.proxy2.$Proxy30.click(Unknown Source) ~[?:?]
	at pageObjects.HomePage.clickMyAccount(HomePage.java:31) ~[test-classes/:?]
	at testCases.TC_05_AddToWishList.addToWishList(TC_05_AddToWishList.java:25) ~[test-classes/:?]
	at java.base/jdk.internal.reflect.DirectMethodHandleAccessor.invoke(DirectMethodHandleAccessor.java:103) ~[?:?]
	at java.base/java.lang.reflect.Method.invoke(Method.java:580) ~[?:?]
	at org.testng.internal.invokers.MethodInvocationHelper.invokeMethod(MethodInvocationHelper.java:141) ~[testng-7.11.0.jar:7.11.0]
	at org.testng.internal.invokers.TestInvoker.invokeMethod(TestInvoker.java:687) ~[testng-7.11.0.jar:7.11.0]
	at org.testng.internal.invokers.TestInvoker.retryFailed(TestInvoker.java:269) ~[testng-7.11.0.jar:7.11.0]
	at org.testng.internal.invokers.MethodRunner.runInSequence(MethodRunner.java:76) ~[testng-7.11.0.jar:7.11.0]
	at org.testng.internal.invokers.TestInvoker$MethodInvocationAgent.invoke(TestInvoker.java:995) ~[testng-7.11.0.jar:7.11.0]
	at org.testng.internal.invokers.TestInvoker.invokeTestMethods(TestInvoker.java:203) ~[testng-7.11.0.jar:7.11.0]
	at org.testng.internal.invokers.TestMethodWorker.invokeTestMethods(TestMethodWorker.java:154) ~[testng-7.11.0.jar:7.11.0]
	at org.testng.internal.invokers.TestMethodWorker.run(TestMethodWorker.java:134) ~[testng-7.11.0.jar:7.11.0]
	at java.base/java.util.ArrayList.forEach(ArrayList.java:1596) ~[?:?]
	at org.testng.TestRunner.privateRun(TestRunner.java:741) ~[testng-7.11.0.jar:7.11.0]
	at org.testng.TestRunner.run(TestRunner.java:616) ~[testng-7.11.0.jar:7.11.0]
	at org.testng.SuiteRunner.runTest(SuiteRunner.java:421) ~[testng-7.11.0.jar:7.11.0]
	at org.testng.SuiteRunner$SuiteWorker.run(SuiteRunner.java:463) ~[testng-7.11.0.jar:7.11.0]
	at org.testng.internal.thread.ThreadUtil.lambda$execute$0(ThreadUtil.java:64) ~[testng-7.11.0.jar:7.11.0]
	at java.base/java.util.concurrent.FutureTask.run(FutureTask.java:317) ~[?:?]
	at java.base/java.util.concurrent.ThreadPoolExecutor.runWorker(ThreadPoolExecutor.java:1144) ~[?:?]
	at java.base/java.util.concurrent.ThreadPoolExecutor$Worker.run(ThreadPoolExecutor.java:642) ~[?:?]
	at java.base/java.lang.Thread.run(Thread.java:1583) [?:?]
2025-05-18 11:08:03 ERROR BaseClass:105 - Failed to capture screenshot for test: addToWishList
org.openqa.selenium.NoSuchSessionException: invalid session id
Build info: version: '4.32.0', revision: 'd17c8aa950'
System info: os.name: 'Windows 11', os.arch: 'amd64', os.version: '10.0', java.version: '21.0.7'
Driver info: org.openqa.selenium.chrome.ChromeDriver
Command: [92832967a3adf0ba6afd606b2f04f455, screenshot {}]
Capabilities {acceptInsecureCerts: false, browserName: chrome, browserVersion: 136.0.7103.93, chrome: {chromedriverVersion: 136.0.7103.94 (fa0be0b33deb..., userDataDir: C:\WINDOWS\SystemTemp\scope...}, fedcm:accounts: true, goog:chromeOptions: {debuggerAddress: localhost:50759}, networkConnectionEnabled: false, pageLoadStrategy: normal, platformName: windows, proxy: Proxy(), se:cdp: ws://localhost:50759/devtoo..., se:cdpVersion: 136.0.7103.93, setWindowRect: true, strictFileInteractability: false, timeouts: {implicit: 0, pageLoad: 300000, script: 30000}, unhandledPromptBehavior: dismiss and notify, webauthn:extension:credBlob: true, webauthn:extension:largeBlob: true, webauthn:extension:minPinLength: true, webauthn:extension:prf: true, webauthn:virtualAuthenticators: true}
Session ID: 92832967a3adf0ba6afd606b2f04f455
	at java.base/jdk.internal.reflect.DirectConstructorHandleAccessor.newInstance(DirectConstructorHandleAccessor.java:62) ~[?:?]
	at java.base/java.lang.reflect.Constructor.newInstanceWithCaller(Constructor.java:502) ~[?:?]
	at java.base/java.lang.reflect.Constructor.newInstance(Constructor.java:486) ~[?:?]
	at org.openqa.selenium.remote.ErrorCodec.decode(ErrorCodec.java:167) ~[selenium-remote-driver-4.32.0.jar:?]
	at org.openqa.selenium.remote.codec.w3c.W3CHttpResponseCodec.decode(W3CHttpResponseCodec.java:138) ~[selenium-remote-driver-4.32.0.jar:?]
	at org.openqa.selenium.remote.codec.w3c.W3CHttpResponseCodec.decode(W3CHttpResponseCodec.java:50) ~[selenium-remote-driver-4.32.0.jar:?]
	at org.openqa.selenium.remote.HttpCommandExecutor.execute(HttpCommandExecutor.java:215) ~[selenium-remote-driver-4.32.0.jar:?]
	at org.openqa.selenium.remote.service.DriverCommandExecutor.invokeExecute(DriverCommandExecutor.java:216) ~[selenium-remote-driver-4.32.0.jar:?]
	at org.openqa.selenium.remote.service.DriverCommandExecutor.execute(DriverCommandExecutor.java:174) ~[selenium-remote-driver-4.32.0.jar:?]
	at org.openqa.selenium.remote.RemoteWebDriver.execute(RemoteWebDriver.java:545) ~[selenium-remote-driver-4.32.0.jar:?]
	at org.openqa.selenium.remote.RemoteWebDriver.execute(RemoteWebDriver.java:618) ~[selenium-remote-driver-4.32.0.jar:?]
	at org.openqa.selenium.remote.RemoteWebDriver.execute(RemoteWebDriver.java:622) ~[selenium-remote-driver-4.32.0.jar:?]
	at org.openqa.selenium.remote.RemoteWebDriver.getScreenshotAs(RemoteWebDriver.java:334) ~[selenium-remote-driver-4.32.0.jar:?]
	at testBase.BaseClass.captureScreen(BaseClass.java:95) ~[test-classes/:?]
	at utilities.ExtentReportManager.onTestFailure(ExtentReportManager.java:87) ~[test-classes/:?]
	at org.testng.internal.TestListenerHelper.runTestListeners(TestListenerHelper.java:115) ~[testng-7.11.0.jar:7.11.0]
	at org.testng.internal.invokers.TestInvoker.runTestResultListener(TestInvoker.java:285) ~[testng-7.11.0.jar:7.11.0]
	at org.testng.internal.invokers.TestInvoker.invokeMethod(TestInvoker.java:777) ~[testng-7.11.0.jar:7.11.0]
	at org.testng.internal.invokers.TestInvoker.retryFailed(TestInvoker.java:269) ~[testng-7.11.0.jar:7.11.0]
	at org.testng.internal.invokers.MethodRunner.runInSequence(MethodRunner.java:76) ~[testng-7.11.0.jar:7.11.0]
	at org.testng.internal.invokers.TestInvoker$MethodInvocationAgent.invoke(TestInvoker.java:995) ~[testng-7.11.0.jar:7.11.0]
	at org.testng.internal.invokers.TestInvoker.invokeTestMethods(TestInvoker.java:203) ~[testng-7.11.0.jar:7.11.0]
	at org.testng.internal.invokers.TestMethodWorker.invokeTestMethods(TestMethodWorker.java:154) ~[testng-7.11.0.jar:7.11.0]
	at org.testng.internal.invokers.TestMethodWorker.run(TestMethodWorker.java:134) ~[testng-7.11.0.jar:7.11.0]
	at java.base/java.util.ArrayList.forEach(ArrayList.java:1596) ~[?:?]
	at org.testng.TestRunner.privateRun(TestRunner.java:741) ~[testng-7.11.0.jar:7.11.0]
	at org.testng.TestRunner.run(TestRunner.java:616) ~[testng-7.11.0.jar:7.11.0]
	at org.testng.SuiteRunner.runTest(SuiteRunner.java:421) ~[testng-7.11.0.jar:7.11.0]
	at org.testng.SuiteRunner$SuiteWorker.run(SuiteRunner.java:463) ~[testng-7.11.0.jar:7.11.0]
	at org.testng.internal.thread.ThreadUtil.lambda$execute$0(ThreadUtil.java:64) ~[testng-7.11.0.jar:7.11.0]
	at java.base/java.util.concurrent.FutureTask.run(FutureTask.java:317) ~[?:?]
	at java.base/java.util.concurrent.ThreadPoolExecutor.runWorker(ThreadPoolExecutor.java:1144) ~[?:?]
	at java.base/java.util.concurrent.ThreadPoolExecutor$Worker.run(ThreadPoolExecutor.java:642) ~[?:?]
	at java.base/java.lang.Thread.run(Thread.java:1583) [?:?]
2025-05-18 11:08:03 INFO  BaseClass:84 - Browser session closed successfully
2025-05-18 11:08:03 INFO  BaseClass:36 - Initializing application on OS: windows and Browser: chrome
2025-05-18 11:08:03 DEBUG BaseClass:41 - Loaded configuration properties
2025-05-18 11:08:04 DEBUG BaseClass:48 - ChromeDriver initialized
2025-05-18 11:08:04 DEBUG BaseClass:64 - Driver assigned to thread-local storage
2025-05-18 11:08:05 INFO  BaseClass:71 - Application launched successfully: https://cloudberrystore.services/
2025-05-18 11:08:05 INFO  TC_06_AddAffiliate:21 - ===== Starting TC_06_AddAffiliate Test =====
2025-05-18 11:08:05 DEBUG TC_06_AddAffiliate:26 - Clicked on My Account
2025-05-18 11:08:05 DEBUG TC_06_AddAffiliate:29 - Clicked on Login
2025-05-18 11:08:06 INFO  TC_06_AddAffiliate:35 - Logged in successfully
2025-05-18 11:08:07 ERROR TC_06_AddAffiliate:56 - Unexpected error occurred: 
org.openqa.selenium.ElementClickInterceptedException: element click intercepted: Element is not clickable at point (746, 1067)
  (Session info: chrome=136.0.7103.93)
Build info: version: '4.32.0', revision: 'd17c8aa950'
System info: os.name: 'Windows 11', os.arch: 'amd64', os.version: '10.0', java.version: '21.0.7'
Driver info: org.openqa.selenium.chrome.ChromeDriver
Command: [5771284435cd96f49c22fef1b8cf84ea, clickElement {id=f.C799F8CB4751137A1D85AD2D8AA28139.d.0F158707B44DC7A5D56B128E0501B44C.e.78}]
Capabilities {acceptInsecureCerts: false, browserName: chrome, browserVersion: 136.0.7103.93, chrome: {chromedriverVersion: 136.0.7103.94 (fa0be0b33deb..., userDataDir: C:\WINDOWS\SystemTemp\scope...}, fedcm:accounts: true, goog:chromeOptions: {debuggerAddress: localhost:50799}, networkConnectionEnabled: false, pageLoadStrategy: normal, platformName: windows, proxy: Proxy(), se:cdp: ws://localhost:50799/devtoo..., se:cdpVersion: 136.0.7103.93, setWindowRect: true, strictFileInteractability: false, timeouts: {implicit: 0, pageLoad: 300000, script: 30000}, unhandledPromptBehavior: dismiss and notify, webauthn:extension:credBlob: true, webauthn:extension:largeBlob: true, webauthn:extension:minPinLength: true, webauthn:extension:prf: true, webauthn:virtualAuthenticators: true}
Element: [[ChromeDriver: chrome on windows (5771284435cd96f49c22fef1b8cf84ea)] -> xpath: //a[normalize-space()='Affiliate']]
Session ID: 5771284435cd96f49c22fef1b8cf84ea
	at java.base/jdk.internal.reflect.DirectConstructorHandleAccessor.newInstance(DirectConstructorHandleAccessor.java:62) ~[?:?]
	at java.base/java.lang.reflect.Constructor.newInstanceWithCaller(Constructor.java:502) ~[?:?]
	at java.base/java.lang.reflect.Constructor.newInstance(Constructor.java:486) ~[?:?]
	at org.openqa.selenium.remote.ErrorCodec.decode(ErrorCodec.java:167) ~[selenium-remote-driver-4.32.0.jar:?]
	at org.openqa.selenium.remote.codec.w3c.W3CHttpResponseCodec.decode(W3CHttpResponseCodec.java:138) ~[selenium-remote-driver-4.32.0.jar:?]
	at org.openqa.selenium.remote.codec.w3c.W3CHttpResponseCodec.decode(W3CHttpResponseCodec.java:50) ~[selenium-remote-driver-4.32.0.jar:?]
	at org.openqa.selenium.remote.HttpCommandExecutor.execute(HttpCommandExecutor.java:215) ~[selenium-remote-driver-4.32.0.jar:?]
	at org.openqa.selenium.remote.service.DriverCommandExecutor.invokeExecute(DriverCommandExecutor.java:216) ~[selenium-remote-driver-4.32.0.jar:?]
	at org.openqa.selenium.remote.service.DriverCommandExecutor.execute(DriverCommandExecutor.java:174) ~[selenium-remote-driver-4.32.0.jar:?]
	at org.openqa.selenium.remote.RemoteWebDriver.execute(RemoteWebDriver.java:545) ~[selenium-remote-driver-4.32.0.jar:?]
	at org.openqa.selenium.remote.RemoteWebElement.execute(RemoteWebElement.java:223) ~[selenium-remote-driver-4.32.0.jar:?]
	at org.openqa.selenium.remote.RemoteWebElement.click(RemoteWebElement.java:76) ~[selenium-remote-driver-4.32.0.jar:?]
	at java.base/jdk.internal.reflect.DirectMethodHandleAccessor.invoke(DirectMethodHandleAccessor.java:103) ~[?:?]
	at java.base/java.lang.reflect.Method.invoke(Method.java:580) ~[?:?]
	at org.openqa.selenium.support.pagefactory.internal.LocatingElementHandler.invoke(LocatingElementHandler.java:51) ~[selenium-support-4.32.0.jar:?]
	at jdk.proxy2/jdk.proxy2.$Proxy30.click(Unknown Source) ~[?:?]
	at pageObjects.MyAccountPage.clickAddAffiliate(MyAccountPage.java:38) ~[test-classes/:?]
	at testCases.TC_06_AddAffiliate.addToWishList(TC_06_AddAffiliate.java:38) ~[test-classes/:?]
	at java.base/jdk.internal.reflect.DirectMethodHandleAccessor.invoke(DirectMethodHandleAccessor.java:103) ~[?:?]
	at java.base/java.lang.reflect.Method.invoke(Method.java:580) ~[?:?]
	at org.testng.internal.invokers.MethodInvocationHelper.invokeMethod(MethodInvocationHelper.java:141) ~[testng-7.11.0.jar:7.11.0]
	at org.testng.internal.invokers.TestInvoker.invokeMethod(TestInvoker.java:687) ~[testng-7.11.0.jar:7.11.0]
	at org.testng.internal.invokers.TestInvoker.invokeTestMethod(TestInvoker.java:230) ~[testng-7.11.0.jar:7.11.0]
	at org.testng.internal.invokers.MethodRunner.runInSequence(MethodRunner.java:63) ~[testng-7.11.0.jar:7.11.0]
	at org.testng.internal.invokers.TestInvoker$MethodInvocationAgent.invoke(TestInvoker.java:995) ~[testng-7.11.0.jar:7.11.0]
	at org.testng.internal.invokers.TestInvoker.invokeTestMethods(TestInvoker.java:203) ~[testng-7.11.0.jar:7.11.0]
	at org.testng.internal.invokers.TestMethodWorker.invokeTestMethods(TestMethodWorker.java:154) ~[testng-7.11.0.jar:7.11.0]
	at org.testng.internal.invokers.TestMethodWorker.run(TestMethodWorker.java:134) ~[testng-7.11.0.jar:7.11.0]
	at java.base/java.util.ArrayList.forEach(ArrayList.java:1596) ~[?:?]
	at org.testng.TestRunner.privateRun(TestRunner.java:741) ~[testng-7.11.0.jar:7.11.0]
	at org.testng.TestRunner.run(TestRunner.java:616) ~[testng-7.11.0.jar:7.11.0]
	at org.testng.SuiteRunner.runTest(SuiteRunner.java:421) ~[testng-7.11.0.jar:7.11.0]
	at org.testng.SuiteRunner$SuiteWorker.run(SuiteRunner.java:463) ~[testng-7.11.0.jar:7.11.0]
	at org.testng.internal.thread.ThreadUtil.lambda$execute$0(ThreadUtil.java:64) ~[testng-7.11.0.jar:7.11.0]
	at java.base/java.util.concurrent.FutureTask.run(FutureTask.java:317) ~[?:?]
	at java.base/java.util.concurrent.ThreadPoolExecutor.runWorker(ThreadPoolExecutor.java:1144) ~[?:?]
	at java.base/java.util.concurrent.ThreadPoolExecutor$Worker.run(ThreadPoolExecutor.java:642) ~[?:?]
	at java.base/java.lang.Thread.run(Thread.java:1583) [?:?]
2025-05-18 11:08:07 WARN  RetryAnalyzer:18 - Retrying test 'addToWishList' (1 of 2)
2025-05-18 11:08:07 INFO  TC_06_AddAffiliate:21 - ===== Starting TC_06_AddAffiliate Test =====
2025-05-18 11:08:07 DEBUG TC_06_AddAffiliate:26 - Clicked on My Account
2025-05-18 11:08:28 ERROR TC_06_AddAffiliate:56 - Unexpected error occurred: 
org.openqa.selenium.NoSuchSessionException: invalid session id: session deleted as the browser has closed the connection
from disconnected: unable to send message to renderer
  (Session info: chrome=136.0.7103.93)
Build info: version: '4.32.0', revision: 'd17c8aa950'
System info: os.name: 'Windows 11', os.arch: 'amd64', os.version: '10.0', java.version: '21.0.7'
Driver info: org.openqa.selenium.chrome.ChromeDriver
Command: [5771284435cd96f49c22fef1b8cf84ea, findElement {using=xpath, value=//a[normalize-space()='Login']}]
Capabilities {acceptInsecureCerts: false, browserName: chrome, browserVersion: 136.0.7103.93, chrome: {chromedriverVersion: 136.0.7103.94 (fa0be0b33deb..., userDataDir: C:\WINDOWS\SystemTemp\scope...}, fedcm:accounts: true, goog:chromeOptions: {debuggerAddress: localhost:50799}, networkConnectionEnabled: false, pageLoadStrategy: normal, platformName: windows, proxy: Proxy(), se:cdp: ws://localhost:50799/devtoo..., se:cdpVersion: 136.0.7103.93, setWindowRect: true, strictFileInteractability: false, timeouts: {implicit: 0, pageLoad: 300000, script: 30000}, unhandledPromptBehavior: dismiss and notify, webauthn:extension:credBlob: true, webauthn:extension:largeBlob: true, webauthn:extension:minPinLength: true, webauthn:extension:prf: true, webauthn:virtualAuthenticators: true}
Session ID: 5771284435cd96f49c22fef1b8cf84ea
	at java.base/jdk.internal.reflect.DirectConstructorHandleAccessor.newInstance(DirectConstructorHandleAccessor.java:62) ~[?:?]
	at java.base/java.lang.reflect.Constructor.newInstanceWithCaller(Constructor.java:502) ~[?:?]
	at java.base/java.lang.reflect.Constructor.newInstance(Constructor.java:486) ~[?:?]
	at org.openqa.selenium.remote.ErrorCodec.decode(ErrorCodec.java:167) ~[selenium-remote-driver-4.32.0.jar:?]
	at org.openqa.selenium.remote.codec.w3c.W3CHttpResponseCodec.decode(W3CHttpResponseCodec.java:138) ~[selenium-remote-driver-4.32.0.jar:?]
	at org.openqa.selenium.remote.codec.w3c.W3CHttpResponseCodec.decode(W3CHttpResponseCodec.java:50) ~[selenium-remote-driver-4.32.0.jar:?]
	at org.openqa.selenium.remote.HttpCommandExecutor.execute(HttpCommandExecutor.java:215) ~[selenium-remote-driver-4.32.0.jar:?]
	at org.openqa.selenium.remote.service.DriverCommandExecutor.invokeExecute(DriverCommandExecutor.java:216) ~[selenium-remote-driver-4.32.0.jar:?]
	at org.openqa.selenium.remote.service.DriverCommandExecutor.execute(DriverCommandExecutor.java:174) ~[selenium-remote-driver-4.32.0.jar:?]
	at org.openqa.selenium.remote.RemoteWebDriver.execute(RemoteWebDriver.java:545) ~[selenium-remote-driver-4.32.0.jar:?]
	at org.openqa.selenium.remote.ElementLocation$ElementFinder$2.findElement(ElementLocation.java:165) ~[selenium-remote-driver-4.32.0.jar:?]
	at org.openqa.selenium.remote.ElementLocation.findElement(ElementLocation.java:59) ~[selenium-remote-driver-4.32.0.jar:?]
	at org.openqa.selenium.remote.RemoteWebDriver.findElement(RemoteWebDriver.java:368) ~[selenium-remote-driver-4.32.0.jar:?]
	at org.openqa.selenium.remote.RemoteWebDriver.findElement(RemoteWebDriver.java:362) ~[selenium-remote-driver-4.32.0.jar:?]
	at org.openqa.selenium.support.pagefactory.DefaultElementLocator.findElement(DefaultElementLocator.java:68) ~[selenium-support-4.32.0.jar:?]
	at org.openqa.selenium.support.pagefactory.internal.LocatingElementHandler.invoke(LocatingElementHandler.java:38) ~[selenium-support-4.32.0.jar:?]
	at jdk.proxy2/jdk.proxy2.$Proxy30.click(Unknown Source) ~[?:?]
	at pageObjects.HomePage.clickLogin(HomePage.java:36) ~[test-classes/:?]
	at testCases.TC_06_AddAffiliate.addToWishList(TC_06_AddAffiliate.java:28) ~[test-classes/:?]
	at java.base/jdk.internal.reflect.DirectMethodHandleAccessor.invoke(DirectMethodHandleAccessor.java:103) ~[?:?]
	at java.base/java.lang.reflect.Method.invoke(Method.java:580) ~[?:?]
	at org.testng.internal.invokers.MethodInvocationHelper.invokeMethod(MethodInvocationHelper.java:141) ~[testng-7.11.0.jar:7.11.0]
	at org.testng.internal.invokers.TestInvoker.invokeMethod(TestInvoker.java:687) ~[testng-7.11.0.jar:7.11.0]
	at org.testng.internal.invokers.TestInvoker.retryFailed(TestInvoker.java:269) ~[testng-7.11.0.jar:7.11.0]
	at org.testng.internal.invokers.MethodRunner.runInSequence(MethodRunner.java:76) ~[testng-7.11.0.jar:7.11.0]
	at org.testng.internal.invokers.TestInvoker$MethodInvocationAgent.invoke(TestInvoker.java:995) ~[testng-7.11.0.jar:7.11.0]
	at org.testng.internal.invokers.TestInvoker.invokeTestMethods(TestInvoker.java:203) ~[testng-7.11.0.jar:7.11.0]
	at org.testng.internal.invokers.TestMethodWorker.invokeTestMethods(TestMethodWorker.java:154) ~[testng-7.11.0.jar:7.11.0]
	at org.testng.internal.invokers.TestMethodWorker.run(TestMethodWorker.java:134) ~[testng-7.11.0.jar:7.11.0]
	at java.base/java.util.ArrayList.forEach(ArrayList.java:1596) ~[?:?]
	at org.testng.TestRunner.privateRun(TestRunner.java:741) ~[testng-7.11.0.jar:7.11.0]
	at org.testng.TestRunner.run(TestRunner.java:616) ~[testng-7.11.0.jar:7.11.0]
	at org.testng.SuiteRunner.runTest(SuiteRunner.java:421) ~[testng-7.11.0.jar:7.11.0]
	at org.testng.SuiteRunner$SuiteWorker.run(SuiteRunner.java:463) ~[testng-7.11.0.jar:7.11.0]
	at org.testng.internal.thread.ThreadUtil.lambda$execute$0(ThreadUtil.java:64) ~[testng-7.11.0.jar:7.11.0]
	at java.base/java.util.concurrent.FutureTask.run(FutureTask.java:317) ~[?:?]
	at java.base/java.util.concurrent.ThreadPoolExecutor.runWorker(ThreadPoolExecutor.java:1144) ~[?:?]
	at java.base/java.util.concurrent.ThreadPoolExecutor$Worker.run(ThreadPoolExecutor.java:642) ~[?:?]
	at java.base/java.lang.Thread.run(Thread.java:1583) [?:?]
2025-05-18 11:08:28 WARN  RetryAnalyzer:18 - Retrying test 'addToWishList' (2 of 2)
2025-05-18 11:08:28 INFO  TC_06_AddAffiliate:21 - ===== Starting TC_06_AddAffiliate Test =====
2025-05-18 11:08:28 ERROR TC_06_AddAffiliate:56 - Unexpected error occurred: 
org.openqa.selenium.NoSuchSessionException: invalid session id
Build info: version: '4.32.0', revision: 'd17c8aa950'
System info: os.name: 'Windows 11', os.arch: 'amd64', os.version: '10.0', java.version: '21.0.7'
Driver info: org.openqa.selenium.chrome.ChromeDriver
Command: [5771284435cd96f49c22fef1b8cf84ea, findElement {using=xpath, value=//i[@class='fa-solid fa-user']}]
Capabilities {acceptInsecureCerts: false, browserName: chrome, browserVersion: 136.0.7103.93, chrome: {chromedriverVersion: 136.0.7103.94 (fa0be0b33deb..., userDataDir: C:\WINDOWS\SystemTemp\scope...}, fedcm:accounts: true, goog:chromeOptions: {debuggerAddress: localhost:50799}, networkConnectionEnabled: false, pageLoadStrategy: normal, platformName: windows, proxy: Proxy(), se:cdp: ws://localhost:50799/devtoo..., se:cdpVersion: 136.0.7103.93, setWindowRect: true, strictFileInteractability: false, timeouts: {implicit: 0, pageLoad: 300000, script: 30000}, unhandledPromptBehavior: dismiss and notify, webauthn:extension:credBlob: true, webauthn:extension:largeBlob: true, webauthn:extension:minPinLength: true, webauthn:extension:prf: true, webauthn:virtualAuthenticators: true}
Session ID: 5771284435cd96f49c22fef1b8cf84ea
	at java.base/jdk.internal.reflect.DirectConstructorHandleAccessor.newInstance(DirectConstructorHandleAccessor.java:62) ~[?:?]
	at java.base/java.lang.reflect.Constructor.newInstanceWithCaller(Constructor.java:502) ~[?:?]
	at java.base/java.lang.reflect.Constructor.newInstance(Constructor.java:486) ~[?:?]
	at org.openqa.selenium.remote.ErrorCodec.decode(ErrorCodec.java:167) ~[selenium-remote-driver-4.32.0.jar:?]
	at org.openqa.selenium.remote.codec.w3c.W3CHttpResponseCodec.decode(W3CHttpResponseCodec.java:138) ~[selenium-remote-driver-4.32.0.jar:?]
	at org.openqa.selenium.remote.codec.w3c.W3CHttpResponseCodec.decode(W3CHttpResponseCodec.java:50) ~[selenium-remote-driver-4.32.0.jar:?]
	at org.openqa.selenium.remote.HttpCommandExecutor.execute(HttpCommandExecutor.java:215) ~[selenium-remote-driver-4.32.0.jar:?]
	at org.openqa.selenium.remote.service.DriverCommandExecutor.invokeExecute(DriverCommandExecutor.java:216) ~[selenium-remote-driver-4.32.0.jar:?]
	at org.openqa.selenium.remote.service.DriverCommandExecutor.execute(DriverCommandExecutor.java:174) ~[selenium-remote-driver-4.32.0.jar:?]
	at org.openqa.selenium.remote.RemoteWebDriver.execute(RemoteWebDriver.java:545) ~[selenium-remote-driver-4.32.0.jar:?]
	at org.openqa.selenium.remote.ElementLocation$ElementFinder$2.findElement(ElementLocation.java:165) ~[selenium-remote-driver-4.32.0.jar:?]
	at org.openqa.selenium.remote.ElementLocation.findElement(ElementLocation.java:59) ~[selenium-remote-driver-4.32.0.jar:?]
	at org.openqa.selenium.remote.RemoteWebDriver.findElement(RemoteWebDriver.java:368) ~[selenium-remote-driver-4.32.0.jar:?]
	at org.openqa.selenium.remote.RemoteWebDriver.findElement(RemoteWebDriver.java:362) ~[selenium-remote-driver-4.32.0.jar:?]
	at org.openqa.selenium.support.pagefactory.DefaultElementLocator.findElement(DefaultElementLocator.java:68) ~[selenium-support-4.32.0.jar:?]
	at org.openqa.selenium.support.pagefactory.internal.LocatingElementHandler.invoke(LocatingElementHandler.java:38) ~[selenium-support-4.32.0.jar:?]
	at jdk.proxy2/jdk.proxy2.$Proxy30.click(Unknown Source) ~[?:?]
	at pageObjects.HomePage.clickMyAccount(HomePage.java:31) ~[test-classes/:?]
	at testCases.TC_06_AddAffiliate.addToWishList(TC_06_AddAffiliate.java:25) ~[test-classes/:?]
	at java.base/jdk.internal.reflect.DirectMethodHandleAccessor.invoke(DirectMethodHandleAccessor.java:103) ~[?:?]
	at java.base/java.lang.reflect.Method.invoke(Method.java:580) ~[?:?]
	at org.testng.internal.invokers.MethodInvocationHelper.invokeMethod(MethodInvocationHelper.java:141) ~[testng-7.11.0.jar:7.11.0]
	at org.testng.internal.invokers.TestInvoker.invokeMethod(TestInvoker.java:687) ~[testng-7.11.0.jar:7.11.0]
	at org.testng.internal.invokers.TestInvoker.retryFailed(TestInvoker.java:269) ~[testng-7.11.0.jar:7.11.0]
	at org.testng.internal.invokers.MethodRunner.runInSequence(MethodRunner.java:76) ~[testng-7.11.0.jar:7.11.0]
	at org.testng.internal.invokers.TestInvoker$MethodInvocationAgent.invoke(TestInvoker.java:995) ~[testng-7.11.0.jar:7.11.0]
	at org.testng.internal.invokers.TestInvoker.invokeTestMethods(TestInvoker.java:203) ~[testng-7.11.0.jar:7.11.0]
	at org.testng.internal.invokers.TestMethodWorker.invokeTestMethods(TestMethodWorker.java:154) ~[testng-7.11.0.jar:7.11.0]
	at org.testng.internal.invokers.TestMethodWorker.run(TestMethodWorker.java:134) ~[testng-7.11.0.jar:7.11.0]
	at java.base/java.util.ArrayList.forEach(ArrayList.java:1596) ~[?:?]
	at org.testng.TestRunner.privateRun(TestRunner.java:741) ~[testng-7.11.0.jar:7.11.0]
	at org.testng.TestRunner.run(TestRunner.java:616) ~[testng-7.11.0.jar:7.11.0]
	at org.testng.SuiteRunner.runTest(SuiteRunner.java:421) ~[testng-7.11.0.jar:7.11.0]
	at org.testng.SuiteRunner$SuiteWorker.run(SuiteRunner.java:463) ~[testng-7.11.0.jar:7.11.0]
	at org.testng.internal.thread.ThreadUtil.lambda$execute$0(ThreadUtil.java:64) ~[testng-7.11.0.jar:7.11.0]
	at java.base/java.util.concurrent.FutureTask.run(FutureTask.java:317) ~[?:?]
	at java.base/java.util.concurrent.ThreadPoolExecutor.runWorker(ThreadPoolExecutor.java:1144) ~[?:?]
	at java.base/java.util.concurrent.ThreadPoolExecutor$Worker.run(ThreadPoolExecutor.java:642) ~[?:?]
	at java.base/java.lang.Thread.run(Thread.java:1583) [?:?]
2025-05-18 11:08:28 ERROR BaseClass:105 - Failed to capture screenshot for test: addToWishList
org.openqa.selenium.NoSuchSessionException: invalid session id
Build info: version: '4.32.0', revision: 'd17c8aa950'
System info: os.name: 'Windows 11', os.arch: 'amd64', os.version: '10.0', java.version: '21.0.7'
Driver info: org.openqa.selenium.chrome.ChromeDriver
Command: [5771284435cd96f49c22fef1b8cf84ea, screenshot {}]
Capabilities {acceptInsecureCerts: false, browserName: chrome, browserVersion: 136.0.7103.93, chrome: {chromedriverVersion: 136.0.7103.94 (fa0be0b33deb..., userDataDir: C:\WINDOWS\SystemTemp\scope...}, fedcm:accounts: true, goog:chromeOptions: {debuggerAddress: localhost:50799}, networkConnectionEnabled: false, pageLoadStrategy: normal, platformName: windows, proxy: Proxy(), se:cdp: ws://localhost:50799/devtoo..., se:cdpVersion: 136.0.7103.93, setWindowRect: true, strictFileInteractability: false, timeouts: {implicit: 0, pageLoad: 300000, script: 30000}, unhandledPromptBehavior: dismiss and notify, webauthn:extension:credBlob: true, webauthn:extension:largeBlob: true, webauthn:extension:minPinLength: true, webauthn:extension:prf: true, webauthn:virtualAuthenticators: true}
Session ID: 5771284435cd96f49c22fef1b8cf84ea
	at java.base/jdk.internal.reflect.DirectConstructorHandleAccessor.newInstance(DirectConstructorHandleAccessor.java:62) ~[?:?]
	at java.base/java.lang.reflect.Constructor.newInstanceWithCaller(Constructor.java:502) ~[?:?]
	at java.base/java.lang.reflect.Constructor.newInstance(Constructor.java:486) ~[?:?]
	at org.openqa.selenium.remote.ErrorCodec.decode(ErrorCodec.java:167) ~[selenium-remote-driver-4.32.0.jar:?]
	at org.openqa.selenium.remote.codec.w3c.W3CHttpResponseCodec.decode(W3CHttpResponseCodec.java:138) ~[selenium-remote-driver-4.32.0.jar:?]
	at org.openqa.selenium.remote.codec.w3c.W3CHttpResponseCodec.decode(W3CHttpResponseCodec.java:50) ~[selenium-remote-driver-4.32.0.jar:?]
	at org.openqa.selenium.remote.HttpCommandExecutor.execute(HttpCommandExecutor.java:215) ~[selenium-remote-driver-4.32.0.jar:?]
	at org.openqa.selenium.remote.service.DriverCommandExecutor.invokeExecute(DriverCommandExecutor.java:216) ~[selenium-remote-driver-4.32.0.jar:?]
	at org.openqa.selenium.remote.service.DriverCommandExecutor.execute(DriverCommandExecutor.java:174) ~[selenium-remote-driver-4.32.0.jar:?]
	at org.openqa.selenium.remote.RemoteWebDriver.execute(RemoteWebDriver.java:545) ~[selenium-remote-driver-4.32.0.jar:?]
	at org.openqa.selenium.remote.RemoteWebDriver.execute(RemoteWebDriver.java:618) ~[selenium-remote-driver-4.32.0.jar:?]
	at org.openqa.selenium.remote.RemoteWebDriver.execute(RemoteWebDriver.java:622) ~[selenium-remote-driver-4.32.0.jar:?]
	at org.openqa.selenium.remote.RemoteWebDriver.getScreenshotAs(RemoteWebDriver.java:334) ~[selenium-remote-driver-4.32.0.jar:?]
	at testBase.BaseClass.captureScreen(BaseClass.java:95) ~[test-classes/:?]
	at utilities.ExtentReportManager.onTestFailure(ExtentReportManager.java:87) ~[test-classes/:?]
	at org.testng.internal.TestListenerHelper.runTestListeners(TestListenerHelper.java:115) ~[testng-7.11.0.jar:7.11.0]
	at org.testng.internal.invokers.TestInvoker.runTestResultListener(TestInvoker.java:285) ~[testng-7.11.0.jar:7.11.0]
	at org.testng.internal.invokers.TestInvoker.invokeMethod(TestInvoker.java:777) ~[testng-7.11.0.jar:7.11.0]
	at org.testng.internal.invokers.TestInvoker.retryFailed(TestInvoker.java:269) ~[testng-7.11.0.jar:7.11.0]
	at org.testng.internal.invokers.MethodRunner.runInSequence(MethodRunner.java:76) ~[testng-7.11.0.jar:7.11.0]
	at org.testng.internal.invokers.TestInvoker$MethodInvocationAgent.invoke(TestInvoker.java:995) ~[testng-7.11.0.jar:7.11.0]
	at org.testng.internal.invokers.TestInvoker.invokeTestMethods(TestInvoker.java:203) ~[testng-7.11.0.jar:7.11.0]
	at org.testng.internal.invokers.TestMethodWorker.invokeTestMethods(TestMethodWorker.java:154) ~[testng-7.11.0.jar:7.11.0]
	at org.testng.internal.invokers.TestMethodWorker.run(TestMethodWorker.java:134) ~[testng-7.11.0.jar:7.11.0]
	at java.base/java.util.ArrayList.forEach(ArrayList.java:1596) ~[?:?]
	at org.testng.TestRunner.privateRun(TestRunner.java:741) ~[testng-7.11.0.jar:7.11.0]
	at org.testng.TestRunner.run(TestRunner.java:616) ~[testng-7.11.0.jar:7.11.0]
	at org.testng.SuiteRunner.runTest(SuiteRunner.java:421) ~[testng-7.11.0.jar:7.11.0]
	at org.testng.SuiteRunner$SuiteWorker.run(SuiteRunner.java:463) ~[testng-7.11.0.jar:7.11.0]
	at org.testng.internal.thread.ThreadUtil.lambda$execute$0(ThreadUtil.java:64) ~[testng-7.11.0.jar:7.11.0]
	at java.base/java.util.concurrent.FutureTask.run(FutureTask.java:317) ~[?:?]
	at java.base/java.util.concurrent.ThreadPoolExecutor.runWorker(ThreadPoolExecutor.java:1144) ~[?:?]
	at java.base/java.util.concurrent.ThreadPoolExecutor$Worker.run(ThreadPoolExecutor.java:642) ~[?:?]
	at java.base/java.lang.Thread.run(Thread.java:1583) [?:?]
2025-05-18 11:08:28 INFO  BaseClass:84 - Browser session closed successfully
